[0.689s] Invoking command in '/home/franco/Desktop/Robotica/Parcial/src/visual_pubsub': DEBUGINFOD_URLS=https://debuginfod.ubuntu.com PYTHONPATH=/home/franco/Desktop/Robotica/Parcial/build/visual_pubsub/prefix_override:/usr/lib/python3/dist-packages/colcon_core/task/python/colcon_distutils_commands:/home/franco/Desktop/Robotica/Parcial/install/visual_pubsub/lib/python3.12/site-packages:/home/franco/Desktop/Robotica/Parcial/install/custom_interface/lib/python3.12/site-packages:/home/franco/Desktop/Robotica/Parcial/build/visual_pubsub:/home/franco/Desktop/Robotica/Parcial/install/visual_pubsub/lib/python3.12/site-packages:/opt/ros/jazzy/lib/python3.12/site-packages /usr/bin/python3 -W ignore:setup.py install is deprecated -W ignore:easy_install command is deprecated setup.py egg_info --egg-base ../../build/visual_pubsub build --build-base /home/franco/Desktop/Robotica/Parcial/build/visual_pubsub/build install --record /home/franco/Desktop/Robotica/Parcial/build/visual_pubsub/install.log --single-version-externally-managed install_data
[0.899s] running egg_info
[0.916s] writing ../../build/visual_pubsub/visual_pubsub.egg-info/PKG-INFO
[0.916s] writing dependency_links to ../../build/visual_pubsub/visual_pubsub.egg-info/dependency_links.txt
[0.916s] writing entry points to ../../build/visual_pubsub/visual_pubsub.egg-info/entry_points.txt
[0.917s] writing requirements to ../../build/visual_pubsub/visual_pubsub.egg-info/requires.txt
[0.917s] writing top-level names to ../../build/visual_pubsub/visual_pubsub.egg-info/top_level.txt
[0.951s] reading manifest file '../../build/visual_pubsub/visual_pubsub.egg-info/SOURCES.txt'
[0.951s] adding license file 'LICENSE'
[0.952s] writing manifest file '../../build/visual_pubsub/visual_pubsub.egg-info/SOURCES.txt'
[0.952s] running build
[0.952s] running build_py
[0.952s] copying visual_pubsub/pub_joints.py -> /home/franco/Desktop/Robotica/Parcial/build/visual_pubsub/build/lib/visual_pubsub
[0.952s] copying visual_pubsub/inverse_kinematicas_bio.py -> /home/franco/Desktop/Robotica/Parcial/build/visual_pubsub/build/lib/visual_pubsub
[0.952s] copying visual_pubsub/fk_server_a.py -> /home/franco/Desktop/Robotica/Parcial/build/visual_pubsub/build/lib/visual_pubsub
[0.952s] copying visual_pubsub/fk_client_b.py -> /home/franco/Desktop/Robotica/Parcial/build/visual_pubsub/build/lib/visual_pubsub
[0.952s] copying visual_pubsub/inverse_kinematics.py -> /home/franco/Desktop/Robotica/Parcial/build/visual_pubsub/build/lib/visual_pubsub
[0.952s] copying visual_pubsub/fk_server_b.py -> /home/franco/Desktop/Robotica/Parcial/build/visual_pubsub/build/lib/visual_pubsub
[0.952s] copying visual_pubsub/sub_joints.py -> /home/franco/Desktop/Robotica/Parcial/build/visual_pubsub/build/lib/visual_pubsub
[0.952s] copying visual_pubsub/__init__.py -> /home/franco/Desktop/Robotica/Parcial/build/visual_pubsub/build/lib/visual_pubsub
[0.952s] copying visual_pubsub/fk_client_a.py -> /home/franco/Desktop/Robotica/Parcial/build/visual_pubsub/build/lib/visual_pubsub
[0.953s] running install
[0.957s] running install_lib
[0.975s] copying /home/franco/Desktop/Robotica/Parcial/build/visual_pubsub/build/lib/visual_pubsub/pub_joints.py -> /home/franco/Desktop/Robotica/Parcial/install/visual_pubsub/lib/python3.12/site-packages/visual_pubsub
[0.975s] copying /home/franco/Desktop/Robotica/Parcial/build/visual_pubsub/build/lib/visual_pubsub/inverse_kinematicas_bio.py -> /home/franco/Desktop/Robotica/Parcial/install/visual_pubsub/lib/python3.12/site-packages/visual_pubsub
[0.975s] copying /home/franco/Desktop/Robotica/Parcial/build/visual_pubsub/build/lib/visual_pubsub/fk_server_a.py -> /home/franco/Desktop/Robotica/Parcial/install/visual_pubsub/lib/python3.12/site-packages/visual_pubsub
[0.975s] copying /home/franco/Desktop/Robotica/Parcial/build/visual_pubsub/build/lib/visual_pubsub/fk_client_b.py -> /home/franco/Desktop/Robotica/Parcial/install/visual_pubsub/lib/python3.12/site-packages/visual_pubsub
[0.975s] copying /home/franco/Desktop/Robotica/Parcial/build/visual_pubsub/build/lib/visual_pubsub/inverse_kinematics.py -> /home/franco/Desktop/Robotica/Parcial/install/visual_pubsub/lib/python3.12/site-packages/visual_pubsub
[0.975s] copying /home/franco/Desktop/Robotica/Parcial/build/visual_pubsub/build/lib/visual_pubsub/fk_server_b.py -> /home/franco/Desktop/Robotica/Parcial/install/visual_pubsub/lib/python3.12/site-packages/visual_pubsub
[0.975s] copying /home/franco/Desktop/Robotica/Parcial/build/visual_pubsub/build/lib/visual_pubsub/sub_joints.py -> /home/franco/Desktop/Robotica/Parcial/install/visual_pubsub/lib/python3.12/site-packages/visual_pubsub
[0.975s] copying /home/franco/Desktop/Robotica/Parcial/build/visual_pubsub/build/lib/visual_pubsub/__init__.py -> /home/franco/Desktop/Robotica/Parcial/install/visual_pubsub/lib/python3.12/site-packages/visual_pubsub
[0.975s] copying /home/franco/Desktop/Robotica/Parcial/build/visual_pubsub/build/lib/visual_pubsub/fk_client_a.py -> /home/franco/Desktop/Robotica/Parcial/install/visual_pubsub/lib/python3.12/site-packages/visual_pubsub
[0.976s] byte-compiling /home/franco/Desktop/Robotica/Parcial/install/visual_pubsub/lib/python3.12/site-packages/visual_pubsub/pub_joints.py to pub_joints.cpython-312.pyc
[0.976s] byte-compiling /home/franco/Desktop/Robotica/Parcial/install/visual_pubsub/lib/python3.12/site-packages/visual_pubsub/inverse_kinematicas_bio.py to inverse_kinematicas_bio.cpython-312.pyc
[0.977s] byte-compiling /home/franco/Desktop/Robotica/Parcial/install/visual_pubsub/lib/python3.12/site-packages/visual_pubsub/fk_server_a.py to fk_server_a.cpython-312.pyc
[0.978s] byte-compiling /home/franco/Desktop/Robotica/Parcial/install/visual_pubsub/lib/python3.12/site-packages/visual_pubsub/fk_client_b.py to fk_client_b.cpython-312.pyc
[0.978s] byte-compiling /home/franco/Desktop/Robotica/Parcial/install/visual_pubsub/lib/python3.12/site-packages/visual_pubsub/inverse_kinematics.py to inverse_kinematics.cpython-312.pyc
[0.979s] byte-compiling /home/franco/Desktop/Robotica/Parcial/install/visual_pubsub/lib/python3.12/site-packages/visual_pubsub/fk_server_b.py to fk_server_b.cpython-312.pyc
[0.979s] byte-compiling /home/franco/Desktop/Robotica/Parcial/install/visual_pubsub/lib/python3.12/site-packages/visual_pubsub/sub_joints.py to sub_joints.cpython-312.pyc
[0.980s] byte-compiling /home/franco/Desktop/Robotica/Parcial/install/visual_pubsub/lib/python3.12/site-packages/visual_pubsub/__init__.py to __init__.cpython-312.pyc
[0.980s] byte-compiling /home/franco/Desktop/Robotica/Parcial/install/visual_pubsub/lib/python3.12/site-packages/visual_pubsub/fk_client_a.py to fk_client_a.cpython-312.pyc
[0.980s] running install_data
[0.980s] copying resource/visual_pubsub -> /home/franco/Desktop/Robotica/Parcial/install/visual_pubsub/share/ament_index/resource_index/packages
[0.980s] copying package.xml -> /home/franco/Desktop/Robotica/Parcial/install/visual_pubsub/share/visual_pubsub
[0.980s] running install_egg_info
[0.999s] removing '/home/franco/Desktop/Robotica/Parcial/install/visual_pubsub/lib/python3.12/site-packages/visual_pubsub-0.0.0-py3.12.egg-info' (and everything under it)
[0.999s] Copying ../../build/visual_pubsub/visual_pubsub.egg-info to /home/franco/Desktop/Robotica/Parcial/install/visual_pubsub/lib/python3.12/site-packages/visual_pubsub-0.0.0-py3.12.egg-info
[1.000s] running install_scripts
[1.112s] Installing fk_client_a script to /home/franco/Desktop/Robotica/Parcial/install/visual_pubsub/lib/visual_pubsub
[1.112s] Installing fk_client_b script to /home/franco/Desktop/Robotica/Parcial/install/visual_pubsub/lib/visual_pubsub
[1.113s] Installing fk_server_a script to /home/franco/Desktop/Robotica/Parcial/install/visual_pubsub/lib/visual_pubsub
[1.113s] Installing fk_server_b script to /home/franco/Desktop/Robotica/Parcial/install/visual_pubsub/lib/visual_pubsub
[1.113s] Installing inverse_kinematics script to /home/franco/Desktop/Robotica/Parcial/install/visual_pubsub/lib/visual_pubsub
[1.113s] Installing inverse_kinematics_bio script to /home/franco/Desktop/Robotica/Parcial/install/visual_pubsub/lib/visual_pubsub
[1.113s] Installing pub_joints script to /home/franco/Desktop/Robotica/Parcial/install/visual_pubsub/lib/visual_pubsub
[1.113s] Installing sub_joints script to /home/franco/Desktop/Robotica/Parcial/install/visual_pubsub/lib/visual_pubsub
[1.113s] writing list of installed files to '/home/franco/Desktop/Robotica/Parcial/build/visual_pubsub/install.log'
[1.132s] Invoked command in '/home/franco/Desktop/Robotica/Parcial/src/visual_pubsub' returned '0': DEBUGINFOD_URLS=https://debuginfod.ubuntu.com PYTHONPATH=/home/franco/Desktop/Robotica/Parcial/build/visual_pubsub/prefix_override:/usr/lib/python3/dist-packages/colcon_core/task/python/colcon_distutils_commands:/home/franco/Desktop/Robotica/Parcial/install/visual_pubsub/lib/python3.12/site-packages:/home/franco/Desktop/Robotica/Parcial/install/custom_interface/lib/python3.12/site-packages:/home/franco/Desktop/Robotica/Parcial/build/visual_pubsub:/home/franco/Desktop/Robotica/Parcial/install/visual_pubsub/lib/python3.12/site-packages:/opt/ros/jazzy/lib/python3.12/site-packages /usr/bin/python3 -W ignore:setup.py install is deprecated -W ignore:easy_install command is deprecated setup.py egg_info --egg-base ../../build/visual_pubsub build --build-base /home/franco/Desktop/Robotica/Parcial/build/visual_pubsub/build install --record /home/franco/Desktop/Robotica/Parcial/build/visual_pubsub/install.log --single-version-externally-managed install_data
