[0.680s] Invoking command in '/home/franco/Desktop/Robotica/Parcial/build/visual_pubsub': DEBUGINFOD_URLS=https://debuginfod.ubuntu.com PYTHONPATH=/home/franco/Desktop/Robotica/Parcial/build/visual_pubsub/prefix_override:/usr/lib/python3/dist-packages/colcon_core/task/python/colcon_distutils_commands:/home/franco/Desktop/Robotica/Parcial/install/visual_pubsub/lib/python3.12/site-packages:/home/franco/Desktop/Robotica/Parcial/install/custom_interface/lib/python3.12/site-packages:/home/franco/Desktop/Robotica/Parcial/build/visual_pubsub:/home/franco/Desktop/Robotica/Parcial/install/visual_pubsub/lib/python3.12/site-packages:/opt/ros/jazzy/lib/python3.12/site-packages /usr/bin/python3 -W ignore:setup.py install is deprecated -W ignore:easy_install command is deprecated setup.py develop --uninstall --editable --build-directory /home/franco/Desktop/Robotica/Parcial/build/visual_pubsub/build
[0.923s] running develop
[1.102s] Removing /home/franco/Desktop/Robotica/Parcial/install/visual_pubsub/lib/python3.12/site-packages/visual-pubsub.egg-link (link to .)
[1.124s] Invoked command in '/home/franco/Desktop/Robotica/Parcial/build/visual_pubsub' returned '0': DEBUGINFOD_URLS=https://debuginfod.ubuntu.com PYTHONPATH=/home/franco/Desktop/Robotica/Parcial/build/visual_pubsub/prefix_override:/usr/lib/python3/dist-packages/colcon_core/task/python/colcon_distutils_commands:/home/franco/Desktop/Robotica/Parcial/install/visual_pubsub/lib/python3.12/site-packages:/home/franco/Desktop/Robotica/Parcial/install/custom_interface/lib/python3.12/site-packages:/home/franco/Desktop/Robotica/Parcial/build/visual_pubsub:/home/franco/Desktop/Robotica/Parcial/install/visual_pubsub/lib/python3.12/site-packages:/opt/ros/jazzy/lib/python3.12/site-packages /usr/bin/python3 -W ignore:setup.py install is deprecated -W ignore:easy_install command is deprecated setup.py develop --uninstall --editable --build-directory /home/franco/Desktop/Robotica/Parcial/build/visual_pubsub/build
[1.125s] Invoking command in '/home/franco/Desktop/Robotica/Parcial/src/visual_pubsub': DEBUGINFOD_URLS=https://debuginfod.ubuntu.com PYTHONPATH=/home/franco/Desktop/Robotica/Parcial/build/visual_pubsub/prefix_override:/usr/lib/python3/dist-packages/colcon_core/task/python/colcon_distutils_commands:/home/franco/Desktop/Robotica/Parcial/install/visual_pubsub/lib/python3.12/site-packages:/home/franco/Desktop/Robotica/Parcial/install/custom_interface/lib/python3.12/site-packages:/home/franco/Desktop/Robotica/Parcial/build/visual_pubsub:/home/franco/Desktop/Robotica/Parcial/install/visual_pubsub/lib/python3.12/site-packages:/opt/ros/jazzy/lib/python3.12/site-packages /usr/bin/python3 -W ignore:setup.py install is deprecated -W ignore:easy_install command is deprecated setup.py egg_info --egg-base ../../build/visual_pubsub build --build-base /home/franco/Desktop/Robotica/Parcial/build/visual_pubsub/build install --record /home/franco/Desktop/Robotica/Parcial/build/visual_pubsub/install.log --single-version-externally-managed install_data --force
[1.334s] running egg_info
[1.351s] writing ../../build/visual_pubsub/visual_pubsub.egg-info/PKG-INFO
[1.351s] writing dependency_links to ../../build/visual_pubsub/visual_pubsub.egg-info/dependency_links.txt
[1.351s] writing entry points to ../../build/visual_pubsub/visual_pubsub.egg-info/entry_points.txt
[1.351s] writing requirements to ../../build/visual_pubsub/visual_pubsub.egg-info/requires.txt
[1.351s] writing top-level names to ../../build/visual_pubsub/visual_pubsub.egg-info/top_level.txt
[1.384s] reading manifest file '../../build/visual_pubsub/visual_pubsub.egg-info/SOURCES.txt'
[1.384s] adding license file 'LICENSE'
[1.384s] writing manifest file '../../build/visual_pubsub/visual_pubsub.egg-info/SOURCES.txt'
[1.384s] running build
[1.384s] running build_py
[1.385s] creating /home/franco/Desktop/Robotica/Parcial/build/visual_pubsub/build
[1.385s] creating /home/franco/Desktop/Robotica/Parcial/build/visual_pubsub/build/lib
[1.385s] creating /home/franco/Desktop/Robotica/Parcial/build/visual_pubsub/build/lib/visual_pubsub
[1.385s] copying visual_pubsub/pub_joints.py -> /home/franco/Desktop/Robotica/Parcial/build/visual_pubsub/build/lib/visual_pubsub
[1.385s] copying visual_pubsub/inverse_kinematicas_bio.py -> /home/franco/Desktop/Robotica/Parcial/build/visual_pubsub/build/lib/visual_pubsub
[1.385s] copying visual_pubsub/fk_server_a.py -> /home/franco/Desktop/Robotica/Parcial/build/visual_pubsub/build/lib/visual_pubsub
[1.385s] copying visual_pubsub/fk_client_b.py -> /home/franco/Desktop/Robotica/Parcial/build/visual_pubsub/build/lib/visual_pubsub
[1.385s] copying visual_pubsub/inverse_kinematics.py -> /home/franco/Desktop/Robotica/Parcial/build/visual_pubsub/build/lib/visual_pubsub
[1.385s] copying visual_pubsub/fk_server_b.py -> /home/franco/Desktop/Robotica/Parcial/build/visual_pubsub/build/lib/visual_pubsub
[1.385s] copying visual_pubsub/sub_joints.py -> /home/franco/Desktop/Robotica/Parcial/build/visual_pubsub/build/lib/visual_pubsub
[1.385s] copying visual_pubsub/__init__.py -> /home/franco/Desktop/Robotica/Parcial/build/visual_pubsub/build/lib/visual_pubsub
[1.385s] copying visual_pubsub/fk_client_a.py -> /home/franco/Desktop/Robotica/Parcial/build/visual_pubsub/build/lib/visual_pubsub
[1.385s] running install
[1.390s] running install_lib
[1.408s] creating /home/franco/Desktop/Robotica/Parcial/install/visual_pubsub/lib/python3.12/site-packages/visual_pubsub
[1.408s] copying /home/franco/Desktop/Robotica/Parcial/build/visual_pubsub/build/lib/visual_pubsub/pub_joints.py -> /home/franco/Desktop/Robotica/Parcial/install/visual_pubsub/lib/python3.12/site-packages/visual_pubsub
[1.408s] copying /home/franco/Desktop/Robotica/Parcial/build/visual_pubsub/build/lib/visual_pubsub/inverse_kinematicas_bio.py -> /home/franco/Desktop/Robotica/Parcial/install/visual_pubsub/lib/python3.12/site-packages/visual_pubsub
[1.408s] copying /home/franco/Desktop/Robotica/Parcial/build/visual_pubsub/build/lib/visual_pubsub/fk_server_a.py -> /home/franco/Desktop/Robotica/Parcial/install/visual_pubsub/lib/python3.12/site-packages/visual_pubsub
[1.408s] copying /home/franco/Desktop/Robotica/Parcial/build/visual_pubsub/build/lib/visual_pubsub/fk_client_b.py -> /home/franco/Desktop/Robotica/Parcial/install/visual_pubsub/lib/python3.12/site-packages/visual_pubsub
[1.408s] copying /home/franco/Desktop/Robotica/Parcial/build/visual_pubsub/build/lib/visual_pubsub/inverse_kinematics.py -> /home/franco/Desktop/Robotica/Parcial/install/visual_pubsub/lib/python3.12/site-packages/visual_pubsub
[1.408s] copying /home/franco/Desktop/Robotica/Parcial/build/visual_pubsub/build/lib/visual_pubsub/fk_server_b.py -> /home/franco/Desktop/Robotica/Parcial/install/visual_pubsub/lib/python3.12/site-packages/visual_pubsub
[1.408s] copying /home/franco/Desktop/Robotica/Parcial/build/visual_pubsub/build/lib/visual_pubsub/sub_joints.py -> /home/franco/Desktop/Robotica/Parcial/install/visual_pubsub/lib/python3.12/site-packages/visual_pubsub
[1.409s] copying /home/franco/Desktop/Robotica/Parcial/build/visual_pubsub/build/lib/visual_pubsub/__init__.py -> /home/franco/Desktop/Robotica/Parcial/install/visual_pubsub/lib/python3.12/site-packages/visual_pubsub
[1.409s] copying /home/franco/Desktop/Robotica/Parcial/build/visual_pubsub/build/lib/visual_pubsub/fk_client_a.py -> /home/franco/Desktop/Robotica/Parcial/install/visual_pubsub/lib/python3.12/site-packages/visual_pubsub
[1.409s] byte-compiling /home/franco/Desktop/Robotica/Parcial/install/visual_pubsub/lib/python3.12/site-packages/visual_pubsub/pub_joints.py to pub_joints.cpython-312.pyc
[1.410s] byte-compiling /home/franco/Desktop/Robotica/Parcial/install/visual_pubsub/lib/python3.12/site-packages/visual_pubsub/inverse_kinematicas_bio.py to inverse_kinematicas_bio.cpython-312.pyc
[1.411s] byte-compiling /home/franco/Desktop/Robotica/Parcial/install/visual_pubsub/lib/python3.12/site-packages/visual_pubsub/fk_server_a.py to fk_server_a.cpython-312.pyc
[1.411s] byte-compiling /home/franco/Desktop/Robotica/Parcial/install/visual_pubsub/lib/python3.12/site-packages/visual_pubsub/fk_client_b.py to fk_client_b.cpython-312.pyc
[1.411s] byte-compiling /home/franco/Desktop/Robotica/Parcial/install/visual_pubsub/lib/python3.12/site-packages/visual_pubsub/inverse_kinematics.py to inverse_kinematics.cpython-312.pyc
[1.412s] byte-compiling /home/franco/Desktop/Robotica/Parcial/install/visual_pubsub/lib/python3.12/site-packages/visual_pubsub/fk_server_b.py to fk_server_b.cpython-312.pyc
[1.413s] byte-compiling /home/franco/Desktop/Robotica/Parcial/install/visual_pubsub/lib/python3.12/site-packages/visual_pubsub/sub_joints.py to sub_joints.cpython-312.pyc
[1.413s] byte-compiling /home/franco/Desktop/Robotica/Parcial/install/visual_pubsub/lib/python3.12/site-packages/visual_pubsub/__init__.py to __init__.cpython-312.pyc
[1.413s] byte-compiling /home/franco/Desktop/Robotica/Parcial/install/visual_pubsub/lib/python3.12/site-packages/visual_pubsub/fk_client_a.py to fk_client_a.cpython-312.pyc
[1.414s] running install_data
[1.414s] copying resource/visual_pubsub -> /home/franco/Desktop/Robotica/Parcial/install/visual_pubsub/share/ament_index/resource_index/packages
[1.414s] copying package.xml -> /home/franco/Desktop/Robotica/Parcial/install/visual_pubsub/share/visual_pubsub
[1.414s] running install_egg_info
[1.433s] Copying ../../build/visual_pubsub/visual_pubsub.egg-info to /home/franco/Desktop/Robotica/Parcial/install/visual_pubsub/lib/python3.12/site-packages/visual_pubsub-0.0.0-py3.12.egg-info
[1.434s] running install_scripts
[1.545s] Installing fk_client_a script to /home/franco/Desktop/Robotica/Parcial/install/visual_pubsub/lib/visual_pubsub
[1.545s] Installing fk_client_b script to /home/franco/Desktop/Robotica/Parcial/install/visual_pubsub/lib/visual_pubsub
[1.545s] Installing fk_server_a script to /home/franco/Desktop/Robotica/Parcial/install/visual_pubsub/lib/visual_pubsub
[1.545s] Installing fk_server_b script to /home/franco/Desktop/Robotica/Parcial/install/visual_pubsub/lib/visual_pubsub
[1.545s] Installing inverse_kinematics script to /home/franco/Desktop/Robotica/Parcial/install/visual_pubsub/lib/visual_pubsub
[1.545s] Installing inverse_kinematics_bio script to /home/franco/Desktop/Robotica/Parcial/install/visual_pubsub/lib/visual_pubsub
[1.545s] Installing pub_joints script to /home/franco/Desktop/Robotica/Parcial/install/visual_pubsub/lib/visual_pubsub
[1.545s] Installing sub_joints script to /home/franco/Desktop/Robotica/Parcial/install/visual_pubsub/lib/visual_pubsub
[1.546s] writing list of installed files to '/home/franco/Desktop/Robotica/Parcial/build/visual_pubsub/install.log'
[1.563s] Invoked command in '/home/franco/Desktop/Robotica/Parcial/src/visual_pubsub' returned '0': DEBUGINFOD_URLS=https://debuginfod.ubuntu.com PYTHONPATH=/home/franco/Desktop/Robotica/Parcial/build/visual_pubsub/prefix_override:/usr/lib/python3/dist-packages/colcon_core/task/python/colcon_distutils_commands:/home/franco/Desktop/Robotica/Parcial/install/visual_pubsub/lib/python3.12/site-packages:/home/franco/Desktop/Robotica/Parcial/install/custom_interface/lib/python3.12/site-packages:/home/franco/Desktop/Robotica/Parcial/build/visual_pubsub:/home/franco/Desktop/Robotica/Parcial/install/visual_pubsub/lib/python3.12/site-packages:/opt/ros/jazzy/lib/python3.12/site-packages /usr/bin/python3 -W ignore:setup.py install is deprecated -W ignore:easy_install command is deprecated setup.py egg_info --egg-base ../../build/visual_pubsub build --build-base /home/franco/Desktop/Robotica/Parcial/build/visual_pubsub/build install --record /home/franco/Desktop/Robotica/Parcial/build/visual_pubsub/install.log --single-version-externally-managed install_data --force
