[0.010s] Invoking command in '/home/franco/Desktop/Robotica/Parcial/build/custom_interface': DEBUGINFOD_URLS=https://debuginfod.ubuntu.com /usr/bin/cmake --build /home/franco/Desktop/Robotica/Parcial/build/custom_interface -- -j16 -l16
[0.041s] [  1%] Built target custom_interface__rosidl_generator_type_description
[0.049s] [  1%] Built target ament_cmake_python_copy_custom_interface
[0.053s] [  3%] Built target custom_interface__cpp
[0.055s] [ 25%] Built target custom_interface__rosidl_generator_c
[0.071s] [ 57%] Built target custom_interface__rosidl_typesupport_c
[0.071s] [ 57%] Built target custom_interface__rosidl_typesupport_introspection_c
[0.071s] [ 57%] Built target custom_interface__rosidl_typesupport_fastrtps_c
[0.071s] [ 65%] Built target custom_interface__rosidl_typesupport_cpp
[0.071s] [ 71%] Built target custom_interface__rosidl_typesupport_introspection_cpp
[0.071s] [ 81%] Built target custom_interface__rosidl_typesupport_fastrtps_cpp
[0.084s] [ 81%] Built target custom_interface
[0.097s] [ 82%] Built target custom_interface__py
[0.113s] [ 90%] Built target custom_interface__rosidl_generator_py
[0.127s] [100%] Built target custom_interface_s__rosidl_typesupport_c
[0.127s] [100%] Built target custom_interface_s__rosidl_typesupport_fastrtps_c
[0.127s] [100%] Built target custom_interface_s__rosidl_typesupport_introspection_c
[0.220s] running egg_info
[0.238s] writing custom_interface.egg-info/PKG-INFO
[0.238s] writing dependency_links to custom_interface.egg-info/dependency_links.txt
[0.238s] writing top-level names to custom_interface.egg-info/top_level.txt
[0.290s] reading manifest file 'custom_interface.egg-info/SOURCES.txt'
[0.291s] writing manifest file 'custom_interface.egg-info/SOURCES.txt'
[0.309s] [100%] Built target ament_cmake_python_build_custom_interface_egg
[0.317s] Invoked command in '/home/franco/Desktop/Robotica/Parcial/build/custom_interface' returned '0': DEBUGINFOD_URLS=https://debuginfod.ubuntu.com /usr/bin/cmake --build /home/franco/Desktop/Robotica/Parcial/build/custom_interface -- -j16 -l16
[0.318s] Invoking command in '/home/franco/Desktop/Robotica/Parcial/build/custom_interface': DEBUGINFOD_URLS=https://debuginfod.ubuntu.com /usr/bin/cmake --install /home/franco/Desktop/Robotica/Parcial/build/custom_interface
[0.323s] -- Install configuration: ""
[0.323s] -- Up-to-date: /home/franco/Desktop/Robotica/Parcial/install/custom_interface/share/ament_index/resource_index/rosidl_interfaces/custom_interface
[0.323s] -- Up-to-date: /home/franco/Desktop/Robotica/Parcial/install/custom_interface/share/custom_interface/msg/Num.json
[0.323s] -- Up-to-date: /home/franco/Desktop/Robotica/Parcial/install/custom_interface/share/custom_interface/msg/Sphere.json
[0.323s] -- Up-to-date: /home/franco/Desktop/Robotica/Parcial/install/custom_interface/share/custom_interface/srv/AddThreeInts.json
[0.323s] -- Up-to-date: /home/franco/Desktop/Robotica/Parcial/install/custom_interface/share/custom_interface/srv/GetPosition.json
[0.323s] -- Up-to-date: /home/franco/Desktop/Robotica/Parcial/install/custom_interface/include/custom_interface/custom_interface
[0.323s] -- Up-to-date: /home/franco/Desktop/Robotica/Parcial/install/custom_interface/include/custom_interface/custom_interface/msg
[0.323s] -- Up-to-date: /home/franco/Desktop/Robotica/Parcial/install/custom_interface/include/custom_interface/custom_interface/msg/detail
[0.323s] -- Up-to-date: /home/franco/Desktop/Robotica/Parcial/install/custom_interface/include/custom_interface/custom_interface/msg/detail/sphere__functions.c
[0.324s] -- Up-to-date: /home/franco/Desktop/Robotica/Parcial/install/custom_interface/include/custom_interface/custom_interface/msg/detail/num__functions.c
[0.324s] -- Up-to-date: /home/franco/Desktop/Robotica/Parcial/install/custom_interface/include/custom_interface/custom_interface/msg/detail/sphere__type_support.h
[0.324s] -- Up-to-date: /home/franco/Desktop/Robotica/Parcial/install/custom_interface/include/custom_interface/custom_interface/msg/detail/sphere__type_support.c
[0.324s] -- Up-to-date: /home/franco/Desktop/Robotica/Parcial/install/custom_interface/include/custom_interface/custom_interface/msg/detail/num__functions.h
[0.324s] -- Up-to-date: /home/franco/Desktop/Robotica/Parcial/install/custom_interface/include/custom_interface/custom_interface/msg/detail/sphere__struct.h
[0.324s] -- Up-to-date: /home/franco/Desktop/Robotica/Parcial/install/custom_interface/include/custom_interface/custom_interface/msg/detail/num__description.c
[0.324s] -- Up-to-date: /home/franco/Desktop/Robotica/Parcial/install/custom_interface/include/custom_interface/custom_interface/msg/detail/sphere__functions.h
[0.324s] -- Up-to-date: /home/franco/Desktop/Robotica/Parcial/install/custom_interface/include/custom_interface/custom_interface/msg/detail/num__struct.h
[0.324s] -- Up-to-date: /home/franco/Desktop/Robotica/Parcial/install/custom_interface/include/custom_interface/custom_interface/msg/detail/num__type_support.h
[0.324s] -- Up-to-date: /home/franco/Desktop/Robotica/Parcial/install/custom_interface/include/custom_interface/custom_interface/msg/detail/num__type_support.c
[0.324s] -- Up-to-date: /home/franco/Desktop/Robotica/Parcial/install/custom_interface/include/custom_interface/custom_interface/msg/detail/sphere__description.c
[0.324s] -- Up-to-date: /home/franco/Desktop/Robotica/Parcial/install/custom_interface/include/custom_interface/custom_interface/msg/num.h
[0.324s] -- Up-to-date: /home/franco/Desktop/Robotica/Parcial/install/custom_interface/include/custom_interface/custom_interface/msg/rosidl_generator_c__visibility_control.h
[0.324s] -- Up-to-date: /home/franco/Desktop/Robotica/Parcial/install/custom_interface/include/custom_interface/custom_interface/msg/sphere.h
[0.324s] -- Up-to-date: /home/franco/Desktop/Robotica/Parcial/install/custom_interface/include/custom_interface/custom_interface/srv
[0.324s] -- Up-to-date: /home/franco/Desktop/Robotica/Parcial/install/custom_interface/include/custom_interface/custom_interface/srv/detail
[0.325s] -- Up-to-date: /home/franco/Desktop/Robotica/Parcial/install/custom_interface/include/custom_interface/custom_interface/srv/detail/get_position__description.c
[0.325s] -- Up-to-date: /home/franco/Desktop/Robotica/Parcial/install/custom_interface/include/custom_interface/custom_interface/srv/detail/add_three_ints__description.c
[0.325s] -- Up-to-date: /home/franco/Desktop/Robotica/Parcial/install/custom_interface/include/custom_interface/custom_interface/srv/detail/get_position__type_support.h
[0.325s] -- Up-to-date: /home/franco/Desktop/Robotica/Parcial/install/custom_interface/include/custom_interface/custom_interface/srv/detail/get_position__struct.h
[0.325s] -- Up-to-date: /home/franco/Desktop/Robotica/Parcial/install/custom_interface/include/custom_interface/custom_interface/srv/detail/get_position__functions.h
[0.325s] -- Up-to-date: /home/franco/Desktop/Robotica/Parcial/install/custom_interface/include/custom_interface/custom_interface/srv/detail/add_three_ints__type_support.h
[0.325s] -- Up-to-date: /home/franco/Desktop/Robotica/Parcial/install/custom_interface/include/custom_interface/custom_interface/srv/detail/add_three_ints__struct.h
[0.325s] -- Up-to-date: /home/franco/Desktop/Robotica/Parcial/install/custom_interface/include/custom_interface/custom_interface/srv/detail/get_position__type_support.c
[0.325s] -- Up-to-date: /home/franco/Desktop/Robotica/Parcial/install/custom_interface/include/custom_interface/custom_interface/srv/detail/add_three_ints__functions.c
[0.325s] -- Up-to-date: /home/franco/Desktop/Robotica/Parcial/install/custom_interface/include/custom_interface/custom_interface/srv/detail/add_three_ints__functions.h
[0.325s] -- Up-to-date: /home/franco/Desktop/Robotica/Parcial/install/custom_interface/include/custom_interface/custom_interface/srv/detail/add_three_ints__type_support.c
[0.325s] -- Up-to-date: /home/franco/Desktop/Robotica/Parcial/install/custom_interface/include/custom_interface/custom_interface/srv/detail/get_position__functions.c
[0.325s] -- Up-to-date: /home/franco/Desktop/Robotica/Parcial/install/custom_interface/include/custom_interface/custom_interface/srv/add_three_ints.h
[0.325s] -- Up-to-date: /home/franco/Desktop/Robotica/Parcial/install/custom_interface/include/custom_interface/custom_interface/srv/get_position.h
[0.325s] -- Up-to-date: /home/franco/Desktop/Robotica/Parcial/install/custom_interface/share/custom_interface/environment/library_path.sh
[0.325s] -- Up-to-date: /home/franco/Desktop/Robotica/Parcial/install/custom_interface/share/custom_interface/environment/library_path.dsv
[0.326s] -- Up-to-date: /home/franco/Desktop/Robotica/Parcial/install/custom_interface/lib/libcustom_interface__rosidl_generator_c.so
[0.326s] -- Up-to-date: /home/franco/Desktop/Robotica/Parcial/install/custom_interface/include/custom_interface/custom_interface
[0.326s] -- Up-to-date: /home/franco/Desktop/Robotica/Parcial/install/custom_interface/include/custom_interface/custom_interface/msg
[0.326s] -- Up-to-date: /home/franco/Desktop/Robotica/Parcial/install/custom_interface/include/custom_interface/custom_interface/msg/detail
[0.326s] -- Up-to-date: /home/franco/Desktop/Robotica/Parcial/install/custom_interface/include/custom_interface/custom_interface/msg/detail/sphere__rosidl_typesupport_fastrtps_c.h
[0.326s] -- Up-to-date: /home/franco/Desktop/Robotica/Parcial/install/custom_interface/include/custom_interface/custom_interface/msg/detail/num__rosidl_typesupport_fastrtps_c.h
[0.326s] -- Up-to-date: /home/franco/Desktop/Robotica/Parcial/install/custom_interface/include/custom_interface/custom_interface/msg/rosidl_typesupport_fastrtps_c__visibility_control.h
[0.326s] -- Up-to-date: /home/franco/Desktop/Robotica/Parcial/install/custom_interface/include/custom_interface/custom_interface/srv
[0.326s] -- Up-to-date: /home/franco/Desktop/Robotica/Parcial/install/custom_interface/include/custom_interface/custom_interface/srv/detail
[0.326s] -- Up-to-date: /home/franco/Desktop/Robotica/Parcial/install/custom_interface/include/custom_interface/custom_interface/srv/detail/get_position__rosidl_typesupport_fastrtps_c.h
[0.326s] -- Up-to-date: /home/franco/Desktop/Robotica/Parcial/install/custom_interface/include/custom_interface/custom_interface/srv/detail/add_three_ints__rosidl_typesupport_fastrtps_c.h
[0.326s] -- Up-to-date: /home/franco/Desktop/Robotica/Parcial/install/custom_interface/lib/libcustom_interface__rosidl_typesupport_fastrtps_c.so
[0.326s] -- Up-to-date: /home/franco/Desktop/Robotica/Parcial/install/custom_interface/include/custom_interface/custom_interface
[0.326s] -- Up-to-date: /home/franco/Desktop/Robotica/Parcial/install/custom_interface/include/custom_interface/custom_interface/msg
[0.326s] -- Up-to-date: /home/franco/Desktop/Robotica/Parcial/install/custom_interface/include/custom_interface/custom_interface/msg/detail
[0.326s] -- Up-to-date: /home/franco/Desktop/Robotica/Parcial/install/custom_interface/include/custom_interface/custom_interface/msg/detail/num__struct.hpp
[0.326s] -- Up-to-date: /home/franco/Desktop/Robotica/Parcial/install/custom_interface/include/custom_interface/custom_interface/msg/detail/sphere__type_support.hpp
[0.326s] -- Up-to-date: /home/franco/Desktop/Robotica/Parcial/install/custom_interface/include/custom_interface/custom_interface/msg/detail/num__type_support.hpp
[0.326s] -- Up-to-date: /home/franco/Desktop/Robotica/Parcial/install/custom_interface/include/custom_interface/custom_interface/msg/detail/num__builder.hpp
[0.326s] -- Up-to-date: /home/franco/Desktop/Robotica/Parcial/install/custom_interface/include/custom_interface/custom_interface/msg/detail/sphere__struct.hpp
[0.327s] -- Up-to-date: /home/franco/Desktop/Robotica/Parcial/install/custom_interface/include/custom_interface/custom_interface/msg/detail/sphere__traits.hpp
[0.327s] -- Up-to-date: /home/franco/Desktop/Robotica/Parcial/install/custom_interface/include/custom_interface/custom_interface/msg/detail/num__traits.hpp
[0.327s] -- Up-to-date: /home/franco/Desktop/Robotica/Parcial/install/custom_interface/include/custom_interface/custom_interface/msg/detail/sphere__builder.hpp
[0.327s] -- Up-to-date: /home/franco/Desktop/Robotica/Parcial/install/custom_interface/include/custom_interface/custom_interface/msg/sphere.hpp
[0.327s] -- Up-to-date: /home/franco/Desktop/Robotica/Parcial/install/custom_interface/include/custom_interface/custom_interface/msg/rosidl_generator_cpp__visibility_control.hpp
[0.327s] -- Up-to-date: /home/franco/Desktop/Robotica/Parcial/install/custom_interface/include/custom_interface/custom_interface/msg/num.hpp
[0.327s] -- Up-to-date: /home/franco/Desktop/Robotica/Parcial/install/custom_interface/include/custom_interface/custom_interface/srv
[0.327s] -- Up-to-date: /home/franco/Desktop/Robotica/Parcial/install/custom_interface/include/custom_interface/custom_interface/srv/add_three_ints.hpp
[0.327s] -- Up-to-date: /home/franco/Desktop/Robotica/Parcial/install/custom_interface/include/custom_interface/custom_interface/srv/detail
[0.327s] -- Up-to-date: /home/franco/Desktop/Robotica/Parcial/install/custom_interface/include/custom_interface/custom_interface/srv/detail/get_position__builder.hpp
[0.327s] -- Up-to-date: /home/franco/Desktop/Robotica/Parcial/install/custom_interface/include/custom_interface/custom_interface/srv/detail/get_position__struct.hpp
[0.327s] -- Up-to-date: /home/franco/Desktop/Robotica/Parcial/install/custom_interface/include/custom_interface/custom_interface/srv/detail/add_three_ints__type_support.hpp
[0.327s] -- Up-to-date: /home/franco/Desktop/Robotica/Parcial/install/custom_interface/include/custom_interface/custom_interface/srv/detail/add_three_ints__builder.hpp
[0.327s] -- Up-to-date: /home/franco/Desktop/Robotica/Parcial/install/custom_interface/include/custom_interface/custom_interface/srv/detail/get_position__type_support.hpp
[0.327s] -- Up-to-date: /home/franco/Desktop/Robotica/Parcial/install/custom_interface/include/custom_interface/custom_interface/srv/detail/get_position__traits.hpp
[0.327s] -- Up-to-date: /home/franco/Desktop/Robotica/Parcial/install/custom_interface/include/custom_interface/custom_interface/srv/detail/add_three_ints__traits.hpp
[0.327s] -- Up-to-date: /home/franco/Desktop/Robotica/Parcial/install/custom_interface/include/custom_interface/custom_interface/srv/detail/add_three_ints__struct.hpp
[0.327s] -- Up-to-date: /home/franco/Desktop/Robotica/Parcial/install/custom_interface/include/custom_interface/custom_interface/srv/get_position.hpp
[0.327s] -- Up-to-date: /home/franco/Desktop/Robotica/Parcial/install/custom_interface/include/custom_interface/custom_interface
[0.327s] -- Up-to-date: /home/franco/Desktop/Robotica/Parcial/install/custom_interface/include/custom_interface/custom_interface/msg
[0.327s] -- Up-to-date: /home/franco/Desktop/Robotica/Parcial/install/custom_interface/include/custom_interface/custom_interface/msg/detail
[0.327s] -- Up-to-date: /home/franco/Desktop/Robotica/Parcial/install/custom_interface/include/custom_interface/custom_interface/msg/detail/dds_fastrtps
[0.328s] -- Up-to-date: /home/franco/Desktop/Robotica/Parcial/install/custom_interface/include/custom_interface/custom_interface/msg/detail/num__rosidl_typesupport_fastrtps_cpp.hpp
[0.328s] -- Up-to-date: /home/franco/Desktop/Robotica/Parcial/install/custom_interface/include/custom_interface/custom_interface/msg/detail/sphere__rosidl_typesupport_fastrtps_cpp.hpp
[0.328s] -- Up-to-date: /home/franco/Desktop/Robotica/Parcial/install/custom_interface/include/custom_interface/custom_interface/msg/rosidl_typesupport_fastrtps_cpp__visibility_control.h
[0.328s] -- Up-to-date: /home/franco/Desktop/Robotica/Parcial/install/custom_interface/include/custom_interface/custom_interface/srv
[0.328s] -- Up-to-date: /home/franco/Desktop/Robotica/Parcial/install/custom_interface/include/custom_interface/custom_interface/srv/detail
[0.328s] -- Up-to-date: /home/franco/Desktop/Robotica/Parcial/install/custom_interface/include/custom_interface/custom_interface/srv/detail/dds_fastrtps
[0.328s] -- Up-to-date: /home/franco/Desktop/Robotica/Parcial/install/custom_interface/include/custom_interface/custom_interface/srv/detail/get_position__rosidl_typesupport_fastrtps_cpp.hpp
[0.328s] -- Up-to-date: /home/franco/Desktop/Robotica/Parcial/install/custom_interface/include/custom_interface/custom_interface/srv/detail/add_three_ints__rosidl_typesupport_fastrtps_cpp.hpp
[0.328s] -- Up-to-date: /home/franco/Desktop/Robotica/Parcial/install/custom_interface/lib/libcustom_interface__rosidl_typesupport_fastrtps_cpp.so
[0.328s] -- Up-to-date: /home/franco/Desktop/Robotica/Parcial/install/custom_interface/include/custom_interface/custom_interface
[0.328s] -- Up-to-date: /home/franco/Desktop/Robotica/Parcial/install/custom_interface/include/custom_interface/custom_interface/msg
[0.328s] -- Up-to-date: /home/franco/Desktop/Robotica/Parcial/install/custom_interface/include/custom_interface/custom_interface/msg/detail
[0.328s] -- Up-to-date: /home/franco/Desktop/Robotica/Parcial/install/custom_interface/include/custom_interface/custom_interface/msg/detail/num__rosidl_typesupport_introspection_c.h
[0.328s] -- Up-to-date: /home/franco/Desktop/Robotica/Parcial/install/custom_interface/include/custom_interface/custom_interface/msg/detail/sphere__rosidl_typesupport_introspection_c.h
[0.328s] -- Up-to-date: /home/franco/Desktop/Robotica/Parcial/install/custom_interface/include/custom_interface/custom_interface/msg/detail/sphere__type_support.c
[0.328s] -- Up-to-date: /home/franco/Desktop/Robotica/Parcial/install/custom_interface/include/custom_interface/custom_interface/msg/detail/num__type_support.c
[0.328s] -- Up-to-date: /home/franco/Desktop/Robotica/Parcial/install/custom_interface/include/custom_interface/custom_interface/msg/rosidl_typesupport_introspection_c__visibility_control.h
[0.328s] -- Up-to-date: /home/franco/Desktop/Robotica/Parcial/install/custom_interface/include/custom_interface/custom_interface/srv
[0.328s] -- Up-to-date: /home/franco/Desktop/Robotica/Parcial/install/custom_interface/include/custom_interface/custom_interface/srv/detail
[0.328s] -- Up-to-date: /home/franco/Desktop/Robotica/Parcial/install/custom_interface/include/custom_interface/custom_interface/srv/detail/add_three_ints__rosidl_typesupport_introspection_c.h
[0.328s] -- Up-to-date: /home/franco/Desktop/Robotica/Parcial/install/custom_interface/include/custom_interface/custom_interface/srv/detail/get_position__type_support.c
[0.328s] -- Up-to-date: /home/franco/Desktop/Robotica/Parcial/install/custom_interface/include/custom_interface/custom_interface/srv/detail/add_three_ints__type_support.c
[0.328s] -- Up-to-date: /home/franco/Desktop/Robotica/Parcial/install/custom_interface/include/custom_interface/custom_interface/srv/detail/get_position__rosidl_typesupport_introspection_c.h
[0.329s] -- Up-to-date: /home/franco/Desktop/Robotica/Parcial/install/custom_interface/lib/libcustom_interface__rosidl_typesupport_introspection_c.so
[0.329s] -- Up-to-date: /home/franco/Desktop/Robotica/Parcial/install/custom_interface/lib/libcustom_interface__rosidl_typesupport_c.so
[0.329s] -- Up-to-date: /home/franco/Desktop/Robotica/Parcial/install/custom_interface/include/custom_interface/custom_interface
[0.329s] -- Up-to-date: /home/franco/Desktop/Robotica/Parcial/install/custom_interface/include/custom_interface/custom_interface/msg
[0.329s] -- Up-to-date: /home/franco/Desktop/Robotica/Parcial/install/custom_interface/include/custom_interface/custom_interface/msg/detail
[0.329s] -- Up-to-date: /home/franco/Desktop/Robotica/Parcial/install/custom_interface/include/custom_interface/custom_interface/msg/detail/num__rosidl_typesupport_introspection_cpp.hpp
[0.329s] -- Up-to-date: /home/franco/Desktop/Robotica/Parcial/install/custom_interface/include/custom_interface/custom_interface/msg/detail/sphere__rosidl_typesupport_introspection_cpp.hpp
[0.329s] -- Up-to-date: /home/franco/Desktop/Robotica/Parcial/install/custom_interface/include/custom_interface/custom_interface/msg/detail/sphere__type_support.cpp
[0.329s] -- Up-to-date: /home/franco/Desktop/Robotica/Parcial/install/custom_interface/include/custom_interface/custom_interface/msg/detail/num__type_support.cpp
[0.329s] -- Up-to-date: /home/franco/Desktop/Robotica/Parcial/install/custom_interface/include/custom_interface/custom_interface/srv
[0.329s] -- Up-to-date: /home/franco/Desktop/Robotica/Parcial/install/custom_interface/include/custom_interface/custom_interface/srv/detail
[0.329s] -- Up-to-date: /home/franco/Desktop/Robotica/Parcial/install/custom_interface/include/custom_interface/custom_interface/srv/detail/get_position__rosidl_typesupport_introspection_cpp.hpp
[0.329s] -- Up-to-date: /home/franco/Desktop/Robotica/Parcial/install/custom_interface/include/custom_interface/custom_interface/srv/detail/add_three_ints__rosidl_typesupport_introspection_cpp.hpp
[0.329s] -- Up-to-date: /home/franco/Desktop/Robotica/Parcial/install/custom_interface/include/custom_interface/custom_interface/srv/detail/get_position__type_support.cpp
[0.329s] -- Up-to-date: /home/franco/Desktop/Robotica/Parcial/install/custom_interface/include/custom_interface/custom_interface/srv/detail/add_three_ints__type_support.cpp
[0.329s] -- Up-to-date: /home/franco/Desktop/Robotica/Parcial/install/custom_interface/lib/libcustom_interface__rosidl_typesupport_introspection_cpp.so
[0.329s] -- Up-to-date: /home/franco/Desktop/Robotica/Parcial/install/custom_interface/lib/libcustom_interface__rosidl_typesupport_cpp.so
[0.329s] -- Up-to-date: /home/franco/Desktop/Robotica/Parcial/install/custom_interface/share/custom_interface/environment/pythonpath.sh
[0.329s] -- Up-to-date: /home/franco/Desktop/Robotica/Parcial/install/custom_interface/share/custom_interface/environment/pythonpath.dsv
[0.329s] -- Up-to-date: /home/franco/Desktop/Robotica/Parcial/install/custom_interface/lib/python3.12/site-packages/custom_interface-0.0.0-py3.12.egg-info
[0.329s] -- Installing: /home/franco/Desktop/Robotica/Parcial/install/custom_interface/lib/python3.12/site-packages/custom_interface-0.0.0-py3.12.egg-info/dependency_links.txt
[0.329s] -- Installing: /home/franco/Desktop/Robotica/Parcial/install/custom_interface/lib/python3.12/site-packages/custom_interface-0.0.0-py3.12.egg-info/PKG-INFO
[0.329s] -- Installing: /home/franco/Desktop/Robotica/Parcial/install/custom_interface/lib/python3.12/site-packages/custom_interface-0.0.0-py3.12.egg-info/top_level.txt
[0.329s] -- Installing: /home/franco/Desktop/Robotica/Parcial/install/custom_interface/lib/python3.12/site-packages/custom_interface-0.0.0-py3.12.egg-info/SOURCES.txt
[0.330s] -- Up-to-date: /home/franco/Desktop/Robotica/Parcial/install/custom_interface/lib/python3.12/site-packages/custom_interface
[0.330s] -- Up-to-date: /home/franco/Desktop/Robotica/Parcial/install/custom_interface/lib/python3.12/site-packages/custom_interface/custom_interface_s__rosidl_typesupport_fastrtps_c.so
[0.330s] -- Up-to-date: /home/franco/Desktop/Robotica/Parcial/install/custom_interface/lib/python3.12/site-packages/custom_interface/msg
[0.330s] -- Up-to-date: /home/franco/Desktop/Robotica/Parcial/install/custom_interface/lib/python3.12/site-packages/custom_interface/msg/_num.py
[0.330s] -- Up-to-date: /home/franco/Desktop/Robotica/Parcial/install/custom_interface/lib/python3.12/site-packages/custom_interface/msg/_num_s.c
[0.330s] -- Up-to-date: /home/franco/Desktop/Robotica/Parcial/install/custom_interface/lib/python3.12/site-packages/custom_interface/msg/_sphere.py
[0.330s] -- Up-to-date: /home/franco/Desktop/Robotica/Parcial/install/custom_interface/lib/python3.12/site-packages/custom_interface/msg/_sphere_s.c
[0.330s] -- Up-to-date: /home/franco/Desktop/Robotica/Parcial/install/custom_interface/lib/python3.12/site-packages/custom_interface/msg/__init__.py
[0.330s] -- Up-to-date: /home/franco/Desktop/Robotica/Parcial/install/custom_interface/lib/python3.12/site-packages/custom_interface/_custom_interface_s.ep.rosidl_typesupport_introspection_c.c
[0.330s] -- Up-to-date: /home/franco/Desktop/Robotica/Parcial/install/custom_interface/lib/python3.12/site-packages/custom_interface/_custom_interface_s.ep.rosidl_typesupport_fastrtps_c.c
[0.330s] -- Up-to-date: /home/franco/Desktop/Robotica/Parcial/install/custom_interface/lib/python3.12/site-packages/custom_interface/_custom_interface_s.ep.rosidl_typesupport_c.c
[0.330s] -- Up-to-date: /home/franco/Desktop/Robotica/Parcial/install/custom_interface/lib/python3.12/site-packages/custom_interface/custom_interface_s__rosidl_typesupport_c.so
[0.330s] -- Up-to-date: /home/franco/Desktop/Robotica/Parcial/install/custom_interface/lib/python3.12/site-packages/custom_interface/custom_interface_s__rosidl_typesupport_introspection_c.so
[0.330s] -- Up-to-date: /home/franco/Desktop/Robotica/Parcial/install/custom_interface/lib/python3.12/site-packages/custom_interface/srv
[0.330s] -- Up-to-date: /home/franco/Desktop/Robotica/Parcial/install/custom_interface/lib/python3.12/site-packages/custom_interface/srv/_get_position_s.c
[0.330s] -- Up-to-date: /home/franco/Desktop/Robotica/Parcial/install/custom_interface/lib/python3.12/site-packages/custom_interface/srv/_add_three_ints_s.c
[0.330s] -- Up-to-date: /home/franco/Desktop/Robotica/Parcial/install/custom_interface/lib/python3.12/site-packages/custom_interface/srv/_get_position.py
[0.330s] -- Up-to-date: /home/franco/Desktop/Robotica/Parcial/install/custom_interface/lib/python3.12/site-packages/custom_interface/srv/_add_three_ints.py
[0.330s] -- Up-to-date: /home/franco/Desktop/Robotica/Parcial/install/custom_interface/lib/python3.12/site-packages/custom_interface/srv/__init__.py
[0.330s] -- Up-to-date: /home/franco/Desktop/Robotica/Parcial/install/custom_interface/lib/python3.12/site-packages/custom_interface/__init__.py
[0.349s] Listing '/home/franco/Desktop/Robotica/Parcial/install/custom_interface/lib/python3.12/site-packages/custom_interface'...
[0.349s] Listing '/home/franco/Desktop/Robotica/Parcial/install/custom_interface/lib/python3.12/site-packages/custom_interface/msg'...
[0.349s] Listing '/home/franco/Desktop/Robotica/Parcial/install/custom_interface/lib/python3.12/site-packages/custom_interface/srv'...
[0.352s] -- Up-to-date: /home/franco/Desktop/Robotica/Parcial/install/custom_interface/lib/python3.12/site-packages/custom_interface/custom_interface_s__rosidl_typesupport_fastrtps_c.so
[0.353s] -- Up-to-date: /home/franco/Desktop/Robotica/Parcial/install/custom_interface/lib/python3.12/site-packages/custom_interface/custom_interface_s__rosidl_typesupport_introspection_c.so
[0.353s] -- Up-to-date: /home/franco/Desktop/Robotica/Parcial/install/custom_interface/lib/python3.12/site-packages/custom_interface/custom_interface_s__rosidl_typesupport_c.so
[0.353s] -- Up-to-date: /home/franco/Desktop/Robotica/Parcial/install/custom_interface/lib/libcustom_interface__rosidl_generator_py.so
[0.353s] -- Up-to-date: /home/franco/Desktop/Robotica/Parcial/install/custom_interface/share/custom_interface/msg/Num.idl
[0.353s] -- Up-to-date: /home/franco/Desktop/Robotica/Parcial/install/custom_interface/share/custom_interface/msg/Sphere.idl
[0.353s] -- Up-to-date: /home/franco/Desktop/Robotica/Parcial/install/custom_interface/share/custom_interface/srv/AddThreeInts.idl
[0.353s] -- Up-to-date: /home/franco/Desktop/Robotica/Parcial/install/custom_interface/share/custom_interface/srv/GetPosition.idl
[0.353s] -- Up-to-date: /home/franco/Desktop/Robotica/Parcial/install/custom_interface/share/custom_interface/msg/Num.msg
[0.353s] -- Up-to-date: /home/franco/Desktop/Robotica/Parcial/install/custom_interface/share/custom_interface/msg/Sphere.msg
[0.353s] -- Up-to-date: /home/franco/Desktop/Robotica/Parcial/install/custom_interface/share/custom_interface/srv/AddThreeInts.srv
[0.353s] -- Up-to-date: /home/franco/Desktop/Robotica/Parcial/install/custom_interface/share/custom_interface/srv/GetPosition.srv
[0.353s] -- Up-to-date: /home/franco/Desktop/Robotica/Parcial/install/custom_interface/share/ament_index/resource_index/package_run_dependencies/custom_interface
[0.353s] -- Up-to-date: /home/franco/Desktop/Robotica/Parcial/install/custom_interface/share/ament_index/resource_index/parent_prefix_path/custom_interface
[0.353s] -- Up-to-date: /home/franco/Desktop/Robotica/Parcial/install/custom_interface/share/custom_interface/environment/ament_prefix_path.sh
[0.353s] -- Up-to-date: /home/franco/Desktop/Robotica/Parcial/install/custom_interface/share/custom_interface/environment/ament_prefix_path.dsv
[0.353s] -- Up-to-date: /home/franco/Desktop/Robotica/Parcial/install/custom_interface/share/custom_interface/environment/path.sh
[0.353s] -- Up-to-date: /home/franco/Desktop/Robotica/Parcial/install/custom_interface/share/custom_interface/environment/path.dsv
[0.354s] -- Up-to-date: /home/franco/Desktop/Robotica/Parcial/install/custom_interface/share/custom_interface/local_setup.bash
[0.354s] -- Up-to-date: /home/franco/Desktop/Robotica/Parcial/install/custom_interface/share/custom_interface/local_setup.sh
[0.354s] -- Up-to-date: /home/franco/Desktop/Robotica/Parcial/install/custom_interface/share/custom_interface/local_setup.zsh
[0.354s] -- Up-to-date: /home/franco/Desktop/Robotica/Parcial/install/custom_interface/share/custom_interface/local_setup.dsv
[0.354s] -- Installing: /home/franco/Desktop/Robotica/Parcial/install/custom_interface/share/custom_interface/package.dsv
[0.354s] -- Up-to-date: /home/franco/Desktop/Robotica/Parcial/install/custom_interface/share/ament_index/resource_index/packages/custom_interface
[0.354s] -- Up-to-date: /home/franco/Desktop/Robotica/Parcial/install/custom_interface/share/custom_interface/cmake/export_custom_interface__rosidl_generator_cExport.cmake
[0.354s] -- Up-to-date: /home/franco/Desktop/Robotica/Parcial/install/custom_interface/share/custom_interface/cmake/export_custom_interface__rosidl_generator_cExport-noconfig.cmake
[0.354s] -- Up-to-date: /home/franco/Desktop/Robotica/Parcial/install/custom_interface/share/custom_interface/cmake/export_custom_interface__rosidl_typesupport_fastrtps_cExport.cmake
[0.354s] -- Up-to-date: /home/franco/Desktop/Robotica/Parcial/install/custom_interface/share/custom_interface/cmake/export_custom_interface__rosidl_typesupport_fastrtps_cExport-noconfig.cmake
[0.354s] -- Up-to-date: /home/franco/Desktop/Robotica/Parcial/install/custom_interface/share/custom_interface/cmake/export_custom_interface__rosidl_generator_cppExport.cmake
[0.354s] -- Up-to-date: /home/franco/Desktop/Robotica/Parcial/install/custom_interface/share/custom_interface/cmake/export_custom_interface__rosidl_typesupport_fastrtps_cppExport.cmake
[0.354s] -- Up-to-date: /home/franco/Desktop/Robotica/Parcial/install/custom_interface/share/custom_interface/cmake/export_custom_interface__rosidl_typesupport_fastrtps_cppExport-noconfig.cmake
[0.354s] -- Up-to-date: /home/franco/Desktop/Robotica/Parcial/install/custom_interface/share/custom_interface/cmake/custom_interface__rosidl_typesupport_introspection_cExport.cmake
[0.354s] -- Up-to-date: /home/franco/Desktop/Robotica/Parcial/install/custom_interface/share/custom_interface/cmake/custom_interface__rosidl_typesupport_introspection_cExport-noconfig.cmake
[0.354s] -- Up-to-date: /home/franco/Desktop/Robotica/Parcial/install/custom_interface/share/custom_interface/cmake/custom_interface__rosidl_typesupport_cExport.cmake
[0.354s] -- Up-to-date: /home/franco/Desktop/Robotica/Parcial/install/custom_interface/share/custom_interface/cmake/custom_interface__rosidl_typesupport_cExport-noconfig.cmake
[0.354s] -- Up-to-date: /home/franco/Desktop/Robotica/Parcial/install/custom_interface/share/custom_interface/cmake/custom_interface__rosidl_typesupport_introspection_cppExport.cmake
[0.354s] -- Up-to-date: /home/franco/Desktop/Robotica/Parcial/install/custom_interface/share/custom_interface/cmake/custom_interface__rosidl_typesupport_introspection_cppExport-noconfig.cmake
[0.355s] -- Up-to-date: /home/franco/Desktop/Robotica/Parcial/install/custom_interface/share/custom_interface/cmake/custom_interface__rosidl_typesupport_cppExport.cmake
[0.355s] -- Up-to-date: /home/franco/Desktop/Robotica/Parcial/install/custom_interface/share/custom_interface/cmake/custom_interface__rosidl_typesupport_cppExport-noconfig.cmake
[0.355s] -- Up-to-date: /home/franco/Desktop/Robotica/Parcial/install/custom_interface/share/custom_interface/cmake/export_custom_interface__rosidl_generator_pyExport.cmake
[0.355s] -- Up-to-date: /home/franco/Desktop/Robotica/Parcial/install/custom_interface/share/custom_interface/cmake/export_custom_interface__rosidl_generator_pyExport-noconfig.cmake
[0.355s] -- Up-to-date: /home/franco/Desktop/Robotica/Parcial/install/custom_interface/share/custom_interface/cmake/rosidl_cmake-extras.cmake
[0.355s] -- Up-to-date: /home/franco/Desktop/Robotica/Parcial/install/custom_interface/share/custom_interface/cmake/ament_cmake_export_dependencies-extras.cmake
[0.355s] -- Up-to-date: /home/franco/Desktop/Robotica/Parcial/install/custom_interface/share/custom_interface/cmake/ament_cmake_export_include_directories-extras.cmake
[0.355s] -- Up-to-date: /home/franco/Desktop/Robotica/Parcial/install/custom_interface/share/custom_interface/cmake/ament_cmake_export_libraries-extras.cmake
[0.355s] -- Up-to-date: /home/franco/Desktop/Robotica/Parcial/install/custom_interface/share/custom_interface/cmake/ament_cmake_export_targets-extras.cmake
[0.355s] -- Up-to-date: /home/franco/Desktop/Robotica/Parcial/install/custom_interface/share/custom_interface/cmake/rosidl_cmake_export_typesupport_targets-extras.cmake
[0.355s] -- Up-to-date: /home/franco/Desktop/Robotica/Parcial/install/custom_interface/share/custom_interface/cmake/rosidl_cmake_export_typesupport_libraries-extras.cmake
[0.355s] -- Up-to-date: /home/franco/Desktop/Robotica/Parcial/install/custom_interface/share/custom_interface/cmake/custom_interfaceConfig.cmake
[0.355s] -- Up-to-date: /home/franco/Desktop/Robotica/Parcial/install/custom_interface/share/custom_interface/cmake/custom_interfaceConfig-version.cmake
[0.355s] -- Up-to-date: /home/franco/Desktop/Robotica/Parcial/install/custom_interface/share/custom_interface/package.xml
[0.356s] Invoked command in '/home/franco/Desktop/Robotica/Parcial/build/custom_interface' returned '0': DEBUGINFOD_URLS=https://debuginfod.ubuntu.com /usr/bin/cmake --install /home/franco/Desktop/Robotica/Parcial/build/custom_interface
