[0.008s] Invoking command in '/home/franco/Desktop/Robotica/Parcial/build/custom_interface': DEBUGINFOD_URLS=https://debuginfod.ubuntu.com /usr/bin/cmake /home/franco/Desktop/Robotica/Parcial/src/custom_interface -DCATKIN_INSTALL_INTO_PREFIX_ROOT=0 -DCATKIN_SYMLINK_INSTALL=ON -DCMAKE_INSTALL_PREFIX=/home/franco/Desktop/Robotica/Parcial/install/custom_interface
[0.048s] -- The C compiler identification is GNU 13.3.0
[0.090s] -- The CXX compiler identification is GNU 13.3.0
[0.100s] -- Detecting C compiler ABI info
[0.164s] -- Detecting C compiler ABI info - done
[0.171s] -- Check for working C compiler: /usr/bin/cc - skipped
[0.171s] -- Detecting C compile features
[0.171s] -- Detecting C compile features - done
[0.177s] -- Detecting CXX compiler ABI info
[0.245s] -- Detecting CXX compiler ABI info - done
[0.252s] -- Check for working CXX compiler: /usr/bin/c++ - skipped
[0.252s] -- Detecting CXX compile features
[0.252s] -- Detecting CXX compile features - done
[0.253s] -- Found ament_cmake: 2.5.5 (/opt/ros/jazzy/share/ament_cmake/cmake)
[0.272s] -- Found Python3: /usr/bin/python3 (found version "3.12.3") found components: Interpreter 
[0.337s] -- Found geometry_msgs: 5.3.6 (/opt/ros/jazzy/share/geometry_msgs/cmake)
[0.358s] -- Found rosidl_generator_c: 4.6.7 (/opt/ros/jazzy/share/rosidl_generator_c/cmake)
[0.365s] -- Found rosidl_generator_cpp: 4.6.7 (/opt/ros/jazzy/share/rosidl_generator_cpp/cmake)
[0.373s] -- Using all available rosidl_typesupport_c: rosidl_typesupport_fastrtps_c;rosidl_typesupport_introspection_c
[0.383s] -- Using all available rosidl_typesupport_cpp: rosidl_typesupport_fastrtps_cpp;rosidl_typesupport_introspection_cpp
[0.415s] -- Found rosidl_default_generators: 1.6.0 (/opt/ros/jazzy/share/rosidl_default_generators/cmake)
[0.421s] -- Found rosidl_adapter: 4.6.7 (/opt/ros/jazzy/share/rosidl_adapter/cmake)
[0.684s] -- Found ament_cmake_ros: 0.12.0 (/opt/ros/jazzy/share/ament_cmake_ros/cmake)
[0.929s] -- Using all available rosidl_typesupport_c: rosidl_typesupport_fastrtps_c;rosidl_typesupport_introspection_c
[1.016s] -- Using all available rosidl_typesupport_cpp: rosidl_typesupport_fastrtps_cpp;rosidl_typesupport_introspection_cpp
[1.017s] -- Found python_cmake_module: 0.11.1 (/opt/ros/jazzy/share/python_cmake_module/cmake)
[1.195s] -- Found Python3: /usr/bin/python3 (found version "3.12.3") found components: Interpreter Development NumPy Development.Module Development.Embed 
[1.236s] -- Found ament_lint_auto: 0.17.4 (/opt/ros/jazzy/share/ament_lint_auto/cmake)
[1.253s] -- Added test 'lint_cmake' to check CMake code style
[1.254s] -- Added test 'xmllint' to check XML markup files
[1.256s] -- Configuring done (1.2s)
[1.282s] -- Generating done (0.0s)
[1.289s] -- Build files have been written to: /home/franco/Desktop/Robotica/Parcial/build/custom_interface
[1.296s] Invoked command in '/home/franco/Desktop/Robotica/Parcial/build/custom_interface' returned '0': DEBUGINFOD_URLS=https://debuginfod.ubuntu.com /usr/bin/cmake /home/franco/Desktop/Robotica/Parcial/src/custom_interface -DCATKIN_INSTALL_INTO_PREFIX_ROOT=0 -DCATKIN_SYMLINK_INSTALL=ON -DCMAKE_INSTALL_PREFIX=/home/franco/Desktop/Robotica/Parcial/install/custom_interface
[1.297s] Invoking command in '/home/franco/Desktop/Robotica/Parcial/build/custom_interface': DEBUGINFOD_URLS=https://debuginfod.ubuntu.com /usr/bin/cmake --build /home/franco/Desktop/Robotica/Parcial/build/custom_interface -- -j16 -l16
[1.331s] [  1%] [34m[1mGenerating type hashes for ROS interfaces[0m
[1.335s] [  1%] Built target ament_cmake_python_copy_custom_interface
[1.485s] [  1%] Built target custom_interface__rosidl_generator_type_description
[1.491s] [  3%] [34m[1mGenerating C code for ROS interfaces[0m
[1.498s] [  4%] [34m[1mGenerating C++ code for ROS interfaces[0m
[1.505s] running egg_info
[1.506s] creating custom_interface.egg-info
[1.525s] writing custom_interface.egg-info/PKG-INFO
[1.525s] writing dependency_links to custom_interface.egg-info/dependency_links.txt
[1.525s] writing top-level names to custom_interface.egg-info/top_level.txt
[1.525s] writing manifest file 'custom_interface.egg-info/SOURCES.txt'
[1.580s] reading manifest file 'custom_interface.egg-info/SOURCES.txt'
[1.581s] writing manifest file 'custom_interface.egg-info/SOURCES.txt'
[1.600s] [  4%] Built target ament_cmake_python_build_custom_interface_egg
[1.789s] [  4%] Built target custom_interface__cpp
[1.846s] [  7%] [32mBuilding C object CMakeFiles/custom_interface__rosidl_generator_c.dir/rosidl_generator_c/custom_interface/msg/detail/num__functions.c.o[0m
[1.846s] [  7%] [32mBuilding C object CMakeFiles/custom_interface__rosidl_generator_c.dir/rosidl_generator_c/custom_interface/msg/detail/sphere__type_support.c.o[0m
[1.846s] [  9%] [32mBuilding C object CMakeFiles/custom_interface__rosidl_generator_c.dir/rosidl_generator_c/custom_interface/msg/detail/sphere__description.c.o[0m
[1.846s] [ 10%] [32mBuilding C object CMakeFiles/custom_interface__rosidl_generator_c.dir/rosidl_generator_c/custom_interface/msg/detail/num__type_support.c.o[0m
[1.846s] [ 12%] [32mBuilding C object CMakeFiles/custom_interface__rosidl_generator_c.dir/rosidl_generator_c/custom_interface/msg/detail/num__description.c.o[0m
[1.846s] [ 15%] [32mBuilding C object CMakeFiles/custom_interface__rosidl_generator_c.dir/rosidl_generator_c/custom_interface/srv/detail/add_three_ints__description.c.o[0m
[1.846s] [ 15%] [32mBuilding C object CMakeFiles/custom_interface__rosidl_generator_c.dir/rosidl_generator_c/custom_interface/msg/detail/sphere__functions.c.o[0m
[1.847s] [ 17%] [32mBuilding C object CMakeFiles/custom_interface__rosidl_generator_c.dir/rosidl_generator_c/custom_interface/srv/detail/add_three_ints__functions.c.o[0m
[1.847s] [ 18%] [32mBuilding C object CMakeFiles/custom_interface__rosidl_generator_c.dir/rosidl_generator_c/custom_interface/srv/detail/add_three_ints__type_support.c.o[0m
[1.848s] [ 20%] [32mBuilding C object CMakeFiles/custom_interface__rosidl_generator_c.dir/rosidl_generator_c/custom_interface/srv/detail/get_position__description.c.o[0m
[1.848s] [ 21%] [32mBuilding C object CMakeFiles/custom_interface__rosidl_generator_c.dir/rosidl_generator_c/custom_interface/srv/detail/get_position__functions.c.o[0m
[1.848s] [ 23%] [32mBuilding C object CMakeFiles/custom_interface__rosidl_generator_c.dir/rosidl_generator_c/custom_interface/srv/detail/get_position__type_support.c.o[0m
[1.904s] [ 25%] [32m[1mLinking C shared library libcustom_interface__rosidl_generator_c.so[0m
[1.931s] [ 25%] Built target custom_interface__rosidl_generator_c
[1.938s] [ 32%] [34m[1mGenerating C++ type support dispatch for ROS interfaces[0m
[1.938s] [ 32%] [34m[1mGenerating C type support for eProsima Fast-RTPS[0m
[1.938s] [ 32%] [34m[1mGenerating C++ type support for eProsima Fast-RTPS[0m
[1.938s] [ 32%] [34m[1mGenerating C++ introspection for ROS interfaces[0m
[1.938s] [ 32%] [34m[1mGenerating C type support dispatch for ROS interfaces[0m
[1.938s] [ 34%] [34m[1mGenerating C introspection for ROS interfaces[0m
[2.180s] [ 35%] [32mBuilding CXX object CMakeFiles/custom_interface__rosidl_typesupport_c.dir/rosidl_typesupport_c/custom_interface/msg/sphere__type_support.cpp.o[0m
[2.180s] [ 37%] [32mBuilding CXX object CMakeFiles/custom_interface__rosidl_typesupport_c.dir/rosidl_typesupport_c/custom_interface/msg/num__type_support.cpp.o[0m
[2.180s] [ 39%] [32mBuilding CXX object CMakeFiles/custom_interface__rosidl_typesupport_c.dir/rosidl_typesupport_c/custom_interface/srv/add_three_ints__type_support.cpp.o[0m
[2.181s] [ 40%] [32mBuilding CXX object CMakeFiles/custom_interface__rosidl_typesupport_c.dir/rosidl_typesupport_c/custom_interface/srv/get_position__type_support.cpp.o[0m
[2.184s] [ 42%] [32mBuilding CXX object CMakeFiles/custom_interface__rosidl_typesupport_cpp.dir/rosidl_typesupport_cpp/custom_interface/msg/sphere__type_support.cpp.o[0m
[2.185s] [ 45%] [32mBuilding CXX object CMakeFiles/custom_interface__rosidl_typesupport_cpp.dir/rosidl_typesupport_cpp/custom_interface/msg/num__type_support.cpp.o[0m
[2.186s] [ 45%] [32mBuilding CXX object CMakeFiles/custom_interface__rosidl_typesupport_cpp.dir/rosidl_typesupport_cpp/custom_interface/srv/add_three_ints__type_support.cpp.o[0m
[2.186s] [ 46%] [32mBuilding CXX object CMakeFiles/custom_interface__rosidl_typesupport_cpp.dir/rosidl_typesupport_cpp/custom_interface/srv/get_position__type_support.cpp.o[0m
[2.244s] [ 48%] [32m[1mLinking CXX shared library libcustom_interface__rosidl_typesupport_c.so[0m
[2.257s] [ 50%] [32mBuilding CXX object CMakeFiles/custom_interface__rosidl_typesupport_introspection_cpp.dir/rosidl_typesupport_introspection_cpp/custom_interface/msg/detail/sphere__type_support.cpp.o[0m
[2.257s] [ 51%] [32mBuilding CXX object CMakeFiles/custom_interface__rosidl_typesupport_introspection_cpp.dir/rosidl_typesupport_introspection_cpp/custom_interface/msg/detail/num__type_support.cpp.o[0m
[2.257s] [ 53%] [32mBuilding CXX object CMakeFiles/custom_interface__rosidl_typesupport_introspection_cpp.dir/rosidl_typesupport_introspection_cpp/custom_interface/srv/detail/add_three_ints__type_support.cpp.o[0m
[2.258s] [ 54%] [32mBuilding CXX object CMakeFiles/custom_interface__rosidl_typesupport_introspection_cpp.dir/rosidl_typesupport_introspection_cpp/custom_interface/srv/detail/get_position__type_support.cpp.o[0m
[2.270s] [ 60%] [32mBuilding C object CMakeFiles/custom_interface__rosidl_typesupport_introspection_c.dir/rosidl_typesupport_introspection_c/custom_interface/srv/detail/get_position__type_support.c.o[0m
[2.270s] [ 60%] [32mBuilding C object CMakeFiles/custom_interface__rosidl_typesupport_introspection_c.dir/rosidl_typesupport_introspection_c/custom_interface/msg/detail/num__type_support.c.o[0m
[2.270s] [ 60%] [32mBuilding C object CMakeFiles/custom_interface__rosidl_typesupport_introspection_c.dir/rosidl_typesupport_introspection_c/custom_interface/srv/detail/add_three_ints__type_support.c.o[0m
[2.270s] [ 60%] [32mBuilding C object CMakeFiles/custom_interface__rosidl_typesupport_introspection_c.dir/rosidl_typesupport_introspection_c/custom_interface/msg/detail/sphere__type_support.c.o[0m
[2.304s] [ 60%] Built target custom_interface__rosidl_typesupport_c
[2.335s] [ 62%] [32m[1mLinking C shared library libcustom_interface__rosidl_typesupport_introspection_c.so[0m
[2.375s] [ 62%] Built target custom_interface__rosidl_typesupport_introspection_c
[2.409s] [ 64%] [32mBuilding CXX object CMakeFiles/custom_interface__rosidl_typesupport_fastrtps_cpp.dir/rosidl_typesupport_fastrtps_cpp/custom_interface/msg/detail/dds_fastrtps/num__type_support.cpp.o[0m
[2.413s] [ 65%] [32mBuilding CXX object CMakeFiles/custom_interface__rosidl_typesupport_fastrtps_cpp.dir/rosidl_typesupport_fastrtps_cpp/custom_interface/srv/detail/dds_fastrtps/add_three_ints__type_support.cpp.o[0m
[2.413s] [ 67%] [32mBuilding CXX object CMakeFiles/custom_interface__rosidl_typesupport_fastrtps_cpp.dir/rosidl_typesupport_fastrtps_cpp/custom_interface/msg/detail/dds_fastrtps/sphere__type_support.cpp.o[0m
[2.413s] [ 68%] [32mBuilding CXX object CMakeFiles/custom_interface__rosidl_typesupport_fastrtps_cpp.dir/rosidl_typesupport_fastrtps_cpp/custom_interface/srv/detail/dds_fastrtps/get_position__type_support.cpp.o[0m
[2.430s] [ 70%] [32mBuilding CXX object CMakeFiles/custom_interface__rosidl_typesupport_fastrtps_c.dir/rosidl_typesupport_fastrtps_c/custom_interface/msg/detail/num__type_support_c.cpp.o[0m
[2.430s] [ 71%] [32mBuilding CXX object CMakeFiles/custom_interface__rosidl_typesupport_fastrtps_c.dir/rosidl_typesupport_fastrtps_c/custom_interface/srv/detail/add_three_ints__type_support_c.cpp.o[0m
[2.432s] [ 73%] [32mBuilding CXX object CMakeFiles/custom_interface__rosidl_typesupport_fastrtps_c.dir/rosidl_typesupport_fastrtps_c/custom_interface/msg/detail/sphere__type_support_c.cpp.o[0m
[2.432s] [ 75%] [32mBuilding CXX object CMakeFiles/custom_interface__rosidl_typesupport_fastrtps_c.dir/rosidl_typesupport_fastrtps_c/custom_interface/srv/detail/get_position__type_support_c.cpp.o[0m
[2.733s] [ 76%] [32m[1mLinking CXX shared library libcustom_interface__rosidl_typesupport_cpp.so[0m
[2.817s] [ 78%] [32m[1mLinking CXX shared library libcustom_interface__rosidl_typesupport_introspection_cpp.so[0m
[2.824s] [ 78%] Built target custom_interface__rosidl_typesupport_cpp
[2.893s] [ 78%] Built target custom_interface__rosidl_typesupport_introspection_cpp
[3.013s] [ 79%] [32m[1mLinking CXX shared library libcustom_interface__rosidl_typesupport_fastrtps_c.so[0m
[3.049s] [ 79%] Built target custom_interface__rosidl_typesupport_fastrtps_c
[3.074s] [ 81%] [32m[1mLinking CXX shared library libcustom_interface__rosidl_typesupport_fastrtps_cpp.so[0m
[3.124s] [ 81%] Built target custom_interface__rosidl_typesupport_fastrtps_cpp
[3.136s] [ 81%] Built target custom_interface
[3.151s] [ 82%] [34m[1mGenerating Python code for ROS interfaces[0m
[3.581s] [ 82%] Built target custom_interface__py
[3.593s] [ 84%] [32mBuilding C object CMakeFiles/custom_interface__rosidl_generator_py.dir/rosidl_generator_py/custom_interface/msg/_num_s.c.o[0m
[3.593s] [ 85%] [32mBuilding C object CMakeFiles/custom_interface__rosidl_generator_py.dir/rosidl_generator_py/custom_interface/msg/_sphere_s.c.o[0m
[3.593s] [ 87%] [32mBuilding C object CMakeFiles/custom_interface__rosidl_generator_py.dir/rosidl_generator_py/custom_interface/srv/_get_position_s.c.o[0m
[3.593s] [ 89%] [32mBuilding C object CMakeFiles/custom_interface__rosidl_generator_py.dir/rosidl_generator_py/custom_interface/srv/_add_three_ints_s.c.o[0m
[3.698s] [ 90%] [32m[1mLinking C shared library libcustom_interface__rosidl_generator_py.so[0m
[3.729s] [ 90%] Built target custom_interface__rosidl_generator_py
[3.741s] [ 93%] [32mBuilding C object CMakeFiles/custom_interface_s__rosidl_typesupport_fastrtps_c.dir/rosidl_generator_py/custom_interface/_custom_interface_s.ep.rosidl_typesupport_fastrtps_c.c.o[0m
[3.741s] [ 93%] [32mBuilding C object CMakeFiles/custom_interface_s__rosidl_typesupport_introspection_c.dir/rosidl_generator_py/custom_interface/_custom_interface_s.ep.rosidl_typesupport_introspection_c.c.o[0m
[3.741s] [ 95%] [32mBuilding C object CMakeFiles/custom_interface_s__rosidl_typesupport_c.dir/rosidl_generator_py/custom_interface/_custom_interface_s.ep.rosidl_typesupport_c.c.o[0m
[3.825s] [100%] [32m[1mLinking C shared module rosidl_generator_py/custom_interface/custom_interface_s__rosidl_typesupport_c.so[0m
[3.825s] [100%] [32m[1mLinking C shared module rosidl_generator_py/custom_interface/custom_interface_s__rosidl_typesupport_introspection_c.so[0m
[3.825s] [100%] [32m[1mLinking C shared module rosidl_generator_py/custom_interface/custom_interface_s__rosidl_typesupport_fastrtps_c.so[0m
[3.845s] [100%] Built target custom_interface_s__rosidl_typesupport_fastrtps_c
[3.845s] [100%] Built target custom_interface_s__rosidl_typesupport_c
[3.846s] [100%] Built target custom_interface_s__rosidl_typesupport_introspection_c
[3.853s] Invoked command in '/home/franco/Desktop/Robotica/Parcial/build/custom_interface' returned '0': DEBUGINFOD_URLS=https://debuginfod.ubuntu.com /usr/bin/cmake --build /home/franco/Desktop/Robotica/Parcial/build/custom_interface -- -j16 -l16
[3.859s] Invoking command in '/home/franco/Desktop/Robotica/Parcial/build/custom_interface': DEBUGINFOD_URLS=https://debuginfod.ubuntu.com /usr/bin/cmake --install /home/franco/Desktop/Robotica/Parcial/build/custom_interface
[3.864s] -- Install configuration: ""
[3.864s] -- Installing: /home/franco/Desktop/Robotica/Parcial/install/custom_interface/share/ament_index/resource_index/rosidl_interfaces/custom_interface
[3.864s] -- Installing: /home/franco/Desktop/Robotica/Parcial/install/custom_interface/share/custom_interface/msg/Num.json
[3.864s] -- Installing: /home/franco/Desktop/Robotica/Parcial/install/custom_interface/share/custom_interface/msg/Sphere.json
[3.864s] -- Installing: /home/franco/Desktop/Robotica/Parcial/install/custom_interface/share/custom_interface/srv/AddThreeInts.json
[3.864s] -- Installing: /home/franco/Desktop/Robotica/Parcial/install/custom_interface/share/custom_interface/srv/GetPosition.json
[3.864s] -- Installing: /home/franco/Desktop/Robotica/Parcial/install/custom_interface/include/custom_interface/custom_interface
[3.864s] -- Installing: /home/franco/Desktop/Robotica/Parcial/install/custom_interface/include/custom_interface/custom_interface/msg
[3.864s] -- Installing: /home/franco/Desktop/Robotica/Parcial/install/custom_interface/include/custom_interface/custom_interface/msg/detail
[3.864s] -- Installing: /home/franco/Desktop/Robotica/Parcial/install/custom_interface/include/custom_interface/custom_interface/msg/detail/sphere__functions.c
[3.864s] -- Installing: /home/franco/Desktop/Robotica/Parcial/install/custom_interface/include/custom_interface/custom_interface/msg/detail/num__functions.c
[3.864s] -- Installing: /home/franco/Desktop/Robotica/Parcial/install/custom_interface/include/custom_interface/custom_interface/msg/detail/sphere__type_support.h
[3.865s] -- Installing: /home/franco/Desktop/Robotica/Parcial/install/custom_interface/include/custom_interface/custom_interface/msg/detail/sphere__type_support.c
[3.865s] -- Installing: /home/franco/Desktop/Robotica/Parcial/install/custom_interface/include/custom_interface/custom_interface/msg/detail/num__functions.h
[3.865s] -- Installing: /home/franco/Desktop/Robotica/Parcial/install/custom_interface/include/custom_interface/custom_interface/msg/detail/sphere__struct.h
[3.865s] -- Installing: /home/franco/Desktop/Robotica/Parcial/install/custom_interface/include/custom_interface/custom_interface/msg/detail/num__description.c
[3.865s] -- Installing: /home/franco/Desktop/Robotica/Parcial/install/custom_interface/include/custom_interface/custom_interface/msg/detail/sphere__functions.h
[3.865s] -- Installing: /home/franco/Desktop/Robotica/Parcial/install/custom_interface/include/custom_interface/custom_interface/msg/detail/num__struct.h
[3.865s] -- Installing: /home/franco/Desktop/Robotica/Parcial/install/custom_interface/include/custom_interface/custom_interface/msg/detail/num__type_support.h
[3.865s] -- Installing: /home/franco/Desktop/Robotica/Parcial/install/custom_interface/include/custom_interface/custom_interface/msg/detail/num__type_support.c
[3.865s] -- Installing: /home/franco/Desktop/Robotica/Parcial/install/custom_interface/include/custom_interface/custom_interface/msg/detail/sphere__description.c
[3.865s] -- Installing: /home/franco/Desktop/Robotica/Parcial/install/custom_interface/include/custom_interface/custom_interface/msg/num.h
[3.865s] -- Installing: /home/franco/Desktop/Robotica/Parcial/install/custom_interface/include/custom_interface/custom_interface/msg/rosidl_generator_c__visibility_control.h
[3.865s] -- Installing: /home/franco/Desktop/Robotica/Parcial/install/custom_interface/include/custom_interface/custom_interface/msg/sphere.h
[3.865s] -- Installing: /home/franco/Desktop/Robotica/Parcial/install/custom_interface/include/custom_interface/custom_interface/srv
[3.865s] -- Installing: /home/franco/Desktop/Robotica/Parcial/install/custom_interface/include/custom_interface/custom_interface/srv/detail
[3.865s] -- Installing: /home/franco/Desktop/Robotica/Parcial/install/custom_interface/include/custom_interface/custom_interface/srv/detail/get_position__description.c
[3.865s] -- Installing: /home/franco/Desktop/Robotica/Parcial/install/custom_interface/include/custom_interface/custom_interface/srv/detail/add_three_ints__description.c
[3.865s] -- Installing: /home/franco/Desktop/Robotica/Parcial/install/custom_interface/include/custom_interface/custom_interface/srv/detail/get_position__type_support.h
[3.865s] -- Installing: /home/franco/Desktop/Robotica/Parcial/install/custom_interface/include/custom_interface/custom_interface/srv/detail/get_position__struct.h
[3.865s] -- Installing: /home/franco/Desktop/Robotica/Parcial/install/custom_interface/include/custom_interface/custom_interface/srv/detail/get_position__functions.h
[3.865s] -- Installing: /home/franco/Desktop/Robotica/Parcial/install/custom_interface/include/custom_interface/custom_interface/srv/detail/add_three_ints__type_support.h
[3.866s] -- Installing: /home/franco/Desktop/Robotica/Parcial/install/custom_interface/include/custom_interface/custom_interface/srv/detail/add_three_ints__struct.h
[3.866s] -- Installing: /home/franco/Desktop/Robotica/Parcial/install/custom_interface/include/custom_interface/custom_interface/srv/detail/get_position__type_support.c
[3.866s] -- Installing: /home/franco/Desktop/Robotica/Parcial/install/custom_interface/include/custom_interface/custom_interface/srv/detail/add_three_ints__functions.c
[3.866s] -- Installing: /home/franco/Desktop/Robotica/Parcial/install/custom_interface/include/custom_interface/custom_interface/srv/detail/add_three_ints__functions.h
[3.866s] -- Installing: /home/franco/Desktop/Robotica/Parcial/install/custom_interface/include/custom_interface/custom_interface/srv/detail/add_three_ints__type_support.c
[3.866s] -- Installing: /home/franco/Desktop/Robotica/Parcial/install/custom_interface/include/custom_interface/custom_interface/srv/detail/get_position__functions.c
[3.866s] -- Installing: /home/franco/Desktop/Robotica/Parcial/install/custom_interface/include/custom_interface/custom_interface/srv/add_three_ints.h
[3.866s] -- Installing: /home/franco/Desktop/Robotica/Parcial/install/custom_interface/include/custom_interface/custom_interface/srv/get_position.h
[3.866s] -- Installing: /home/franco/Desktop/Robotica/Parcial/install/custom_interface/share/custom_interface/environment/library_path.sh
[3.866s] -- Installing: /home/franco/Desktop/Robotica/Parcial/install/custom_interface/share/custom_interface/environment/library_path.dsv
[3.866s] -- Installing: /home/franco/Desktop/Robotica/Parcial/install/custom_interface/lib/libcustom_interface__rosidl_generator_c.so
[3.866s] -- Set non-toolchain portion of runtime path of "/home/franco/Desktop/Robotica/Parcial/install/custom_interface/lib/libcustom_interface__rosidl_generator_c.so" to ""
[3.866s] -- Up-to-date: /home/franco/Desktop/Robotica/Parcial/install/custom_interface/include/custom_interface/custom_interface
[3.866s] -- Up-to-date: /home/franco/Desktop/Robotica/Parcial/install/custom_interface/include/custom_interface/custom_interface/msg
[3.866s] -- Up-to-date: /home/franco/Desktop/Robotica/Parcial/install/custom_interface/include/custom_interface/custom_interface/msg/detail
[3.866s] -- Installing: /home/franco/Desktop/Robotica/Parcial/install/custom_interface/include/custom_interface/custom_interface/msg/detail/sphere__rosidl_typesupport_fastrtps_c.h
[3.866s] -- Installing: /home/franco/Desktop/Robotica/Parcial/install/custom_interface/include/custom_interface/custom_interface/msg/detail/num__rosidl_typesupport_fastrtps_c.h
[3.866s] -- Installing: /home/franco/Desktop/Robotica/Parcial/install/custom_interface/include/custom_interface/custom_interface/msg/rosidl_typesupport_fastrtps_c__visibility_control.h
[3.867s] -- Up-to-date: /home/franco/Desktop/Robotica/Parcial/install/custom_interface/include/custom_interface/custom_interface/srv
[3.867s] -- Up-to-date: /home/franco/Desktop/Robotica/Parcial/install/custom_interface/include/custom_interface/custom_interface/srv/detail
[3.867s] -- Installing: /home/franco/Desktop/Robotica/Parcial/install/custom_interface/include/custom_interface/custom_interface/srv/detail/get_position__rosidl_typesupport_fastrtps_c.h
[3.867s] -- Installing: /home/franco/Desktop/Robotica/Parcial/install/custom_interface/include/custom_interface/custom_interface/srv/detail/add_three_ints__rosidl_typesupport_fastrtps_c.h
[3.867s] -- Installing: /home/franco/Desktop/Robotica/Parcial/install/custom_interface/lib/libcustom_interface__rosidl_typesupport_fastrtps_c.so
[3.867s] -- Set non-toolchain portion of runtime path of "/home/franco/Desktop/Robotica/Parcial/install/custom_interface/lib/libcustom_interface__rosidl_typesupport_fastrtps_c.so" to ""
[3.867s] -- Up-to-date: /home/franco/Desktop/Robotica/Parcial/install/custom_interface/include/custom_interface/custom_interface
[3.867s] -- Up-to-date: /home/franco/Desktop/Robotica/Parcial/install/custom_interface/include/custom_interface/custom_interface/msg
[3.867s] -- Up-to-date: /home/franco/Desktop/Robotica/Parcial/install/custom_interface/include/custom_interface/custom_interface/msg/detail
[3.867s] -- Installing: /home/franco/Desktop/Robotica/Parcial/install/custom_interface/include/custom_interface/custom_interface/msg/detail/num__struct.hpp
[3.867s] -- Installing: /home/franco/Desktop/Robotica/Parcial/install/custom_interface/include/custom_interface/custom_interface/msg/detail/sphere__type_support.hpp
[3.867s] -- Installing: /home/franco/Desktop/Robotica/Parcial/install/custom_interface/include/custom_interface/custom_interface/msg/detail/num__type_support.hpp
[3.867s] -- Installing: /home/franco/Desktop/Robotica/Parcial/install/custom_interface/include/custom_interface/custom_interface/msg/detail/num__builder.hpp
[3.867s] -- Installing: /home/franco/Desktop/Robotica/Parcial/install/custom_interface/include/custom_interface/custom_interface/msg/detail/sphere__struct.hpp
[3.867s] -- Installing: /home/franco/Desktop/Robotica/Parcial/install/custom_interface/include/custom_interface/custom_interface/msg/detail/sphere__traits.hpp
[3.867s] -- Installing: /home/franco/Desktop/Robotica/Parcial/install/custom_interface/include/custom_interface/custom_interface/msg/detail/num__traits.hpp
[3.867s] -- Installing: /home/franco/Desktop/Robotica/Parcial/install/custom_interface/include/custom_interface/custom_interface/msg/detail/sphere__builder.hpp
[3.867s] -- Installing: /home/franco/Desktop/Robotica/Parcial/install/custom_interface/include/custom_interface/custom_interface/msg/sphere.hpp
[3.867s] -- Installing: /home/franco/Desktop/Robotica/Parcial/install/custom_interface/include/custom_interface/custom_interface/msg/rosidl_generator_cpp__visibility_control.hpp
[3.867s] -- Installing: /home/franco/Desktop/Robotica/Parcial/install/custom_interface/include/custom_interface/custom_interface/msg/num.hpp
[3.867s] -- Up-to-date: /home/franco/Desktop/Robotica/Parcial/install/custom_interface/include/custom_interface/custom_interface/srv
[3.868s] -- Installing: /home/franco/Desktop/Robotica/Parcial/install/custom_interface/include/custom_interface/custom_interface/srv/add_three_ints.hpp
[3.868s] -- Up-to-date: /home/franco/Desktop/Robotica/Parcial/install/custom_interface/include/custom_interface/custom_interface/srv/detail
[3.868s] -- Installing: /home/franco/Desktop/Robotica/Parcial/install/custom_interface/include/custom_interface/custom_interface/srv/detail/get_position__builder.hpp
[3.868s] -- Installing: /home/franco/Desktop/Robotica/Parcial/install/custom_interface/include/custom_interface/custom_interface/srv/detail/get_position__struct.hpp
[3.868s] -- Installing: /home/franco/Desktop/Robotica/Parcial/install/custom_interface/include/custom_interface/custom_interface/srv/detail/add_three_ints__type_support.hpp
[3.868s] -- Installing: /home/franco/Desktop/Robotica/Parcial/install/custom_interface/include/custom_interface/custom_interface/srv/detail/add_three_ints__builder.hpp
[3.868s] -- Installing: /home/franco/Desktop/Robotica/Parcial/install/custom_interface/include/custom_interface/custom_interface/srv/detail/get_position__type_support.hpp
[3.868s] -- Installing: /home/franco/Desktop/Robotica/Parcial/install/custom_interface/include/custom_interface/custom_interface/srv/detail/get_position__traits.hpp
[3.868s] -- Installing: /home/franco/Desktop/Robotica/Parcial/install/custom_interface/include/custom_interface/custom_interface/srv/detail/add_three_ints__traits.hpp
[3.868s] -- Installing: /home/franco/Desktop/Robotica/Parcial/install/custom_interface/include/custom_interface/custom_interface/srv/detail/add_three_ints__struct.hpp
[3.868s] -- Installing: /home/franco/Desktop/Robotica/Parcial/install/custom_interface/include/custom_interface/custom_interface/srv/get_position.hpp
[3.868s] -- Up-to-date: /home/franco/Desktop/Robotica/Parcial/install/custom_interface/include/custom_interface/custom_interface
[3.868s] -- Up-to-date: /home/franco/Desktop/Robotica/Parcial/install/custom_interface/include/custom_interface/custom_interface/msg
[3.868s] -- Up-to-date: /home/franco/Desktop/Robotica/Parcial/install/custom_interface/include/custom_interface/custom_interface/msg/detail
[3.868s] -- Installing: /home/franco/Desktop/Robotica/Parcial/install/custom_interface/include/custom_interface/custom_interface/msg/detail/dds_fastrtps
[3.868s] -- Installing: /home/franco/Desktop/Robotica/Parcial/install/custom_interface/include/custom_interface/custom_interface/msg/detail/num__rosidl_typesupport_fastrtps_cpp.hpp
[3.868s] -- Installing: /home/franco/Desktop/Robotica/Parcial/install/custom_interface/include/custom_interface/custom_interface/msg/detail/sphere__rosidl_typesupport_fastrtps_cpp.hpp
[3.868s] -- Installing: /home/franco/Desktop/Robotica/Parcial/install/custom_interface/include/custom_interface/custom_interface/msg/rosidl_typesupport_fastrtps_cpp__visibility_control.h
[3.868s] -- Up-to-date: /home/franco/Desktop/Robotica/Parcial/install/custom_interface/include/custom_interface/custom_interface/srv
[3.868s] -- Up-to-date: /home/franco/Desktop/Robotica/Parcial/install/custom_interface/include/custom_interface/custom_interface/srv/detail
[3.868s] -- Installing: /home/franco/Desktop/Robotica/Parcial/install/custom_interface/include/custom_interface/custom_interface/srv/detail/dds_fastrtps
[3.868s] -- Installing: /home/franco/Desktop/Robotica/Parcial/install/custom_interface/include/custom_interface/custom_interface/srv/detail/get_position__rosidl_typesupport_fastrtps_cpp.hpp
[3.869s] -- Installing: /home/franco/Desktop/Robotica/Parcial/install/custom_interface/include/custom_interface/custom_interface/srv/detail/add_three_ints__rosidl_typesupport_fastrtps_cpp.hpp
[3.869s] -- Installing: /home/franco/Desktop/Robotica/Parcial/install/custom_interface/lib/libcustom_interface__rosidl_typesupport_fastrtps_cpp.so
[3.869s] -- Set non-toolchain portion of runtime path of "/home/franco/Desktop/Robotica/Parcial/install/custom_interface/lib/libcustom_interface__rosidl_typesupport_fastrtps_cpp.so" to ""
[3.869s] -- Up-to-date: /home/franco/Desktop/Robotica/Parcial/install/custom_interface/include/custom_interface/custom_interface
[3.869s] -- Up-to-date: /home/franco/Desktop/Robotica/Parcial/install/custom_interface/include/custom_interface/custom_interface/msg
[3.869s] -- Up-to-date: /home/franco/Desktop/Robotica/Parcial/install/custom_interface/include/custom_interface/custom_interface/msg/detail
[3.869s] -- Installing: /home/franco/Desktop/Robotica/Parcial/install/custom_interface/include/custom_interface/custom_interface/msg/detail/num__rosidl_typesupport_introspection_c.h
[3.869s] -- Installing: /home/franco/Desktop/Robotica/Parcial/install/custom_interface/include/custom_interface/custom_interface/msg/detail/sphere__rosidl_typesupport_introspection_c.h
[3.869s] -- Up-to-date: /home/franco/Desktop/Robotica/Parcial/install/custom_interface/include/custom_interface/custom_interface/msg/detail/sphere__type_support.c
[3.869s] -- Up-to-date: /home/franco/Desktop/Robotica/Parcial/install/custom_interface/include/custom_interface/custom_interface/msg/detail/num__type_support.c
[3.869s] -- Installing: /home/franco/Desktop/Robotica/Parcial/install/custom_interface/include/custom_interface/custom_interface/msg/rosidl_typesupport_introspection_c__visibility_control.h
[3.869s] -- Up-to-date: /home/franco/Desktop/Robotica/Parcial/install/custom_interface/include/custom_interface/custom_interface/srv
[3.869s] -- Up-to-date: /home/franco/Desktop/Robotica/Parcial/install/custom_interface/include/custom_interface/custom_interface/srv/detail
[3.869s] -- Installing: /home/franco/Desktop/Robotica/Parcial/install/custom_interface/include/custom_interface/custom_interface/srv/detail/add_three_ints__rosidl_typesupport_introspection_c.h
[3.869s] -- Up-to-date: /home/franco/Desktop/Robotica/Parcial/install/custom_interface/include/custom_interface/custom_interface/srv/detail/get_position__type_support.c
[3.869s] -- Up-to-date: /home/franco/Desktop/Robotica/Parcial/install/custom_interface/include/custom_interface/custom_interface/srv/detail/add_three_ints__type_support.c
[3.869s] -- Installing: /home/franco/Desktop/Robotica/Parcial/install/custom_interface/include/custom_interface/custom_interface/srv/detail/get_position__rosidl_typesupport_introspection_c.h
[3.869s] -- Installing: /home/franco/Desktop/Robotica/Parcial/install/custom_interface/lib/libcustom_interface__rosidl_typesupport_introspection_c.so
[3.869s] -- Set non-toolchain portion of runtime path of "/home/franco/Desktop/Robotica/Parcial/install/custom_interface/lib/libcustom_interface__rosidl_typesupport_introspection_c.so" to ""
[3.869s] -- Installing: /home/franco/Desktop/Robotica/Parcial/install/custom_interface/lib/libcustom_interface__rosidl_typesupport_c.so
[3.870s] -- Set non-toolchain portion of runtime path of "/home/franco/Desktop/Robotica/Parcial/install/custom_interface/lib/libcustom_interface__rosidl_typesupport_c.so" to ""
[3.870s] -- Up-to-date: /home/franco/Desktop/Robotica/Parcial/install/custom_interface/include/custom_interface/custom_interface
[3.870s] -- Up-to-date: /home/franco/Desktop/Robotica/Parcial/install/custom_interface/include/custom_interface/custom_interface/msg
[3.870s] -- Up-to-date: /home/franco/Desktop/Robotica/Parcial/install/custom_interface/include/custom_interface/custom_interface/msg/detail
[3.870s] -- Installing: /home/franco/Desktop/Robotica/Parcial/install/custom_interface/include/custom_interface/custom_interface/msg/detail/num__rosidl_typesupport_introspection_cpp.hpp
[3.870s] -- Installing: /home/franco/Desktop/Robotica/Parcial/install/custom_interface/include/custom_interface/custom_interface/msg/detail/sphere__rosidl_typesupport_introspection_cpp.hpp
[3.870s] -- Installing: /home/franco/Desktop/Robotica/Parcial/install/custom_interface/include/custom_interface/custom_interface/msg/detail/sphere__type_support.cpp
[3.870s] -- Installing: /home/franco/Desktop/Robotica/Parcial/install/custom_interface/include/custom_interface/custom_interface/msg/detail/num__type_support.cpp
[3.870s] -- Up-to-date: /home/franco/Desktop/Robotica/Parcial/install/custom_interface/include/custom_interface/custom_interface/srv
[3.870s] -- Up-to-date: /home/franco/Desktop/Robotica/Parcial/install/custom_interface/include/custom_interface/custom_interface/srv/detail
[3.870s] -- Installing: /home/franco/Desktop/Robotica/Parcial/install/custom_interface/include/custom_interface/custom_interface/srv/detail/get_position__rosidl_typesupport_introspection_cpp.hpp
[3.870s] -- Installing: /home/franco/Desktop/Robotica/Parcial/install/custom_interface/include/custom_interface/custom_interface/srv/detail/add_three_ints__rosidl_typesupport_introspection_cpp.hpp
[3.870s] -- Installing: /home/franco/Desktop/Robotica/Parcial/install/custom_interface/include/custom_interface/custom_interface/srv/detail/get_position__type_support.cpp
[3.870s] -- Installing: /home/franco/Desktop/Robotica/Parcial/install/custom_interface/include/custom_interface/custom_interface/srv/detail/add_three_ints__type_support.cpp
[3.870s] -- Installing: /home/franco/Desktop/Robotica/Parcial/install/custom_interface/lib/libcustom_interface__rosidl_typesupport_introspection_cpp.so
[3.870s] -- Set non-toolchain portion of runtime path of "/home/franco/Desktop/Robotica/Parcial/install/custom_interface/lib/libcustom_interface__rosidl_typesupport_introspection_cpp.so" to ""
[3.870s] -- Installing: /home/franco/Desktop/Robotica/Parcial/install/custom_interface/lib/libcustom_interface__rosidl_typesupport_cpp.so
[3.871s] -- Set non-toolchain portion of runtime path of "/home/franco/Desktop/Robotica/Parcial/install/custom_interface/lib/libcustom_interface__rosidl_typesupport_cpp.so" to ""
[3.871s] -- Installing: /home/franco/Desktop/Robotica/Parcial/install/custom_interface/share/custom_interface/environment/pythonpath.sh
[3.871s] -- Installing: /home/franco/Desktop/Robotica/Parcial/install/custom_interface/share/custom_interface/environment/pythonpath.dsv
[3.871s] -- Installing: /home/franco/Desktop/Robotica/Parcial/install/custom_interface/lib/python3.12/site-packages/custom_interface-0.0.0-py3.12.egg-info
[3.871s] -- Installing: /home/franco/Desktop/Robotica/Parcial/install/custom_interface/lib/python3.12/site-packages/custom_interface-0.0.0-py3.12.egg-info/dependency_links.txt
[3.871s] -- Installing: /home/franco/Desktop/Robotica/Parcial/install/custom_interface/lib/python3.12/site-packages/custom_interface-0.0.0-py3.12.egg-info/PKG-INFO
[3.871s] -- Installing: /home/franco/Desktop/Robotica/Parcial/install/custom_interface/lib/python3.12/site-packages/custom_interface-0.0.0-py3.12.egg-info/top_level.txt
[3.871s] -- Installing: /home/franco/Desktop/Robotica/Parcial/install/custom_interface/lib/python3.12/site-packages/custom_interface-0.0.0-py3.12.egg-info/SOURCES.txt
[3.871s] -- Installing: /home/franco/Desktop/Robotica/Parcial/install/custom_interface/lib/python3.12/site-packages/custom_interface
[3.871s] -- Installing: /home/franco/Desktop/Robotica/Parcial/install/custom_interface/lib/python3.12/site-packages/custom_interface/custom_interface_s__rosidl_typesupport_fastrtps_c.so
[3.871s] -- Installing: /home/franco/Desktop/Robotica/Parcial/install/custom_interface/lib/python3.12/site-packages/custom_interface/msg
[3.871s] -- Installing: /home/franco/Desktop/Robotica/Parcial/install/custom_interface/lib/python3.12/site-packages/custom_interface/msg/_num.py
[3.871s] -- Installing: /home/franco/Desktop/Robotica/Parcial/install/custom_interface/lib/python3.12/site-packages/custom_interface/msg/_num_s.c
[3.871s] -- Installing: /home/franco/Desktop/Robotica/Parcial/install/custom_interface/lib/python3.12/site-packages/custom_interface/msg/_sphere.py
[3.872s] -- Installing: /home/franco/Desktop/Robotica/Parcial/install/custom_interface/lib/python3.12/site-packages/custom_interface/msg/_sphere_s.c
[3.872s] -- Installing: /home/franco/Desktop/Robotica/Parcial/install/custom_interface/lib/python3.12/site-packages/custom_interface/msg/__init__.py
[3.872s] -- Installing: /home/franco/Desktop/Robotica/Parcial/install/custom_interface/lib/python3.12/site-packages/custom_interface/_custom_interface_s.ep.rosidl_typesupport_introspection_c.c
[3.872s] -- Installing: /home/franco/Desktop/Robotica/Parcial/install/custom_interface/lib/python3.12/site-packages/custom_interface/_custom_interface_s.ep.rosidl_typesupport_fastrtps_c.c
[3.872s] -- Installing: /home/franco/Desktop/Robotica/Parcial/install/custom_interface/lib/python3.12/site-packages/custom_interface/_custom_interface_s.ep.rosidl_typesupport_c.c
[3.872s] -- Installing: /home/franco/Desktop/Robotica/Parcial/install/custom_interface/lib/python3.12/site-packages/custom_interface/custom_interface_s__rosidl_typesupport_c.so
[3.872s] -- Installing: /home/franco/Desktop/Robotica/Parcial/install/custom_interface/lib/python3.12/site-packages/custom_interface/custom_interface_s__rosidl_typesupport_introspection_c.so
[3.872s] -- Installing: /home/franco/Desktop/Robotica/Parcial/install/custom_interface/lib/python3.12/site-packages/custom_interface/srv
[3.872s] -- Installing: /home/franco/Desktop/Robotica/Parcial/install/custom_interface/lib/python3.12/site-packages/custom_interface/srv/_get_position_s.c
[3.872s] -- Installing: /home/franco/Desktop/Robotica/Parcial/install/custom_interface/lib/python3.12/site-packages/custom_interface/srv/_add_three_ints_s.c
[3.872s] -- Installing: /home/franco/Desktop/Robotica/Parcial/install/custom_interface/lib/python3.12/site-packages/custom_interface/srv/_get_position.py
[3.872s] -- Installing: /home/franco/Desktop/Robotica/Parcial/install/custom_interface/lib/python3.12/site-packages/custom_interface/srv/_add_three_ints.py
[3.872s] -- Installing: /home/franco/Desktop/Robotica/Parcial/install/custom_interface/lib/python3.12/site-packages/custom_interface/srv/__init__.py
[3.872s] -- Installing: /home/franco/Desktop/Robotica/Parcial/install/custom_interface/lib/python3.12/site-packages/custom_interface/__init__.py
[3.904s] Listing '/home/franco/Desktop/Robotica/Parcial/install/custom_interface/lib/python3.12/site-packages/custom_interface'...
[3.904s] Compiling '/home/franco/Desktop/Robotica/Parcial/install/custom_interface/lib/python3.12/site-packages/custom_interface/__init__.py'...
[3.904s] Listing '/home/franco/Desktop/Robotica/Parcial/install/custom_interface/lib/python3.12/site-packages/custom_interface/msg'...
[3.904s] Compiling '/home/franco/Desktop/Robotica/Parcial/install/custom_interface/lib/python3.12/site-packages/custom_interface/msg/__init__.py'...
[3.904s] Compiling '/home/franco/Desktop/Robotica/Parcial/install/custom_interface/lib/python3.12/site-packages/custom_interface/msg/_num.py'...
[3.904s] Compiling '/home/franco/Desktop/Robotica/Parcial/install/custom_interface/lib/python3.12/site-packages/custom_interface/msg/_sphere.py'...
[3.904s] Listing '/home/franco/Desktop/Robotica/Parcial/install/custom_interface/lib/python3.12/site-packages/custom_interface/srv'...
[3.904s] Compiling '/home/franco/Desktop/Robotica/Parcial/install/custom_interface/lib/python3.12/site-packages/custom_interface/srv/__init__.py'...
[3.904s] Compiling '/home/franco/Desktop/Robotica/Parcial/install/custom_interface/lib/python3.12/site-packages/custom_interface/srv/_add_three_ints.py'...
[3.904s] Compiling '/home/franco/Desktop/Robotica/Parcial/install/custom_interface/lib/python3.12/site-packages/custom_interface/srv/_get_position.py'...
[3.908s] -- Installing: /home/franco/Desktop/Robotica/Parcial/install/custom_interface/lib/python3.12/site-packages/custom_interface/custom_interface_s__rosidl_typesupport_fastrtps_c.so
[3.908s] -- Set non-toolchain portion of runtime path of "/home/franco/Desktop/Robotica/Parcial/install/custom_interface/lib/python3.12/site-packages/custom_interface/custom_interface_s__rosidl_typesupport_fastrtps_c.so" to ""
[3.908s] -- Installing: /home/franco/Desktop/Robotica/Parcial/install/custom_interface/lib/python3.12/site-packages/custom_interface/custom_interface_s__rosidl_typesupport_introspection_c.so
[3.908s] -- Set non-toolchain portion of runtime path of "/home/franco/Desktop/Robotica/Parcial/install/custom_interface/lib/python3.12/site-packages/custom_interface/custom_interface_s__rosidl_typesupport_introspection_c.so" to ""
[3.908s] -- Installing: /home/franco/Desktop/Robotica/Parcial/install/custom_interface/lib/python3.12/site-packages/custom_interface/custom_interface_s__rosidl_typesupport_c.so
[3.908s] -- Set non-toolchain portion of runtime path of "/home/franco/Desktop/Robotica/Parcial/install/custom_interface/lib/python3.12/site-packages/custom_interface/custom_interface_s__rosidl_typesupport_c.so" to ""
[3.908s] -- Installing: /home/franco/Desktop/Robotica/Parcial/install/custom_interface/lib/libcustom_interface__rosidl_generator_py.so
[3.909s] -- Set non-toolchain portion of runtime path of "/home/franco/Desktop/Robotica/Parcial/install/custom_interface/lib/libcustom_interface__rosidl_generator_py.so" to ""
[3.909s] -- Installing: /home/franco/Desktop/Robotica/Parcial/install/custom_interface/share/custom_interface/msg/Num.idl
[3.909s] -- Installing: /home/franco/Desktop/Robotica/Parcial/install/custom_interface/share/custom_interface/msg/Sphere.idl
[3.909s] -- Installing: /home/franco/Desktop/Robotica/Parcial/install/custom_interface/share/custom_interface/srv/AddThreeInts.idl
[3.909s] -- Installing: /home/franco/Desktop/Robotica/Parcial/install/custom_interface/share/custom_interface/srv/GetPosition.idl
[3.909s] -- Installing: /home/franco/Desktop/Robotica/Parcial/install/custom_interface/share/custom_interface/msg/Num.msg
[3.909s] -- Installing: /home/franco/Desktop/Robotica/Parcial/install/custom_interface/share/custom_interface/msg/Sphere.msg
[3.909s] -- Installing: /home/franco/Desktop/Robotica/Parcial/install/custom_interface/share/custom_interface/srv/AddThreeInts.srv
[3.909s] -- Installing: /home/franco/Desktop/Robotica/Parcial/install/custom_interface/share/custom_interface/srv/GetPosition.srv
[3.909s] -- Installing: /home/franco/Desktop/Robotica/Parcial/install/custom_interface/share/ament_index/resource_index/package_run_dependencies/custom_interface
[3.909s] -- Installing: /home/franco/Desktop/Robotica/Parcial/install/custom_interface/share/ament_index/resource_index/parent_prefix_path/custom_interface
[3.909s] -- Installing: /home/franco/Desktop/Robotica/Parcial/install/custom_interface/share/custom_interface/environment/ament_prefix_path.sh
[3.909s] -- Installing: /home/franco/Desktop/Robotica/Parcial/install/custom_interface/share/custom_interface/environment/ament_prefix_path.dsv
[3.909s] -- Installing: /home/franco/Desktop/Robotica/Parcial/install/custom_interface/share/custom_interface/environment/path.sh
[3.910s] -- Installing: /home/franco/Desktop/Robotica/Parcial/install/custom_interface/share/custom_interface/environment/path.dsv
[3.910s] -- Installing: /home/franco/Desktop/Robotica/Parcial/install/custom_interface/share/custom_interface/local_setup.bash
[3.910s] -- Installing: /home/franco/Desktop/Robotica/Parcial/install/custom_interface/share/custom_interface/local_setup.sh
[3.910s] -- Installing: /home/franco/Desktop/Robotica/Parcial/install/custom_interface/share/custom_interface/local_setup.zsh
[3.910s] -- Installing: /home/franco/Desktop/Robotica/Parcial/install/custom_interface/share/custom_interface/local_setup.dsv
[3.910s] -- Installing: /home/franco/Desktop/Robotica/Parcial/install/custom_interface/share/custom_interface/package.dsv
[3.910s] -- Installing: /home/franco/Desktop/Robotica/Parcial/install/custom_interface/share/ament_index/resource_index/packages/custom_interface
[3.910s] -- Installing: /home/franco/Desktop/Robotica/Parcial/install/custom_interface/share/custom_interface/cmake/export_custom_interface__rosidl_generator_cExport.cmake
[3.910s] -- Installing: /home/franco/Desktop/Robotica/Parcial/install/custom_interface/share/custom_interface/cmake/export_custom_interface__rosidl_generator_cExport-noconfig.cmake
[3.910s] -- Installing: /home/franco/Desktop/Robotica/Parcial/install/custom_interface/share/custom_interface/cmake/export_custom_interface__rosidl_typesupport_fastrtps_cExport.cmake
[3.910s] -- Installing: /home/franco/Desktop/Robotica/Parcial/install/custom_interface/share/custom_interface/cmake/export_custom_interface__rosidl_typesupport_fastrtps_cExport-noconfig.cmake
[3.910s] -- Installing: /home/franco/Desktop/Robotica/Parcial/install/custom_interface/share/custom_interface/cmake/export_custom_interface__rosidl_generator_cppExport.cmake
[3.910s] -- Installing: /home/franco/Desktop/Robotica/Parcial/install/custom_interface/share/custom_interface/cmake/export_custom_interface__rosidl_typesupport_fastrtps_cppExport.cmake
[3.911s] -- Installing: /home/franco/Desktop/Robotica/Parcial/install/custom_interface/share/custom_interface/cmake/export_custom_interface__rosidl_typesupport_fastrtps_cppExport-noconfig.cmake
[3.911s] -- Installing: /home/franco/Desktop/Robotica/Parcial/install/custom_interface/share/custom_interface/cmake/custom_interface__rosidl_typesupport_introspection_cExport.cmake
[3.911s] -- Installing: /home/franco/Desktop/Robotica/Parcial/install/custom_interface/share/custom_interface/cmake/custom_interface__rosidl_typesupport_introspection_cExport-noconfig.cmake
[3.911s] -- Installing: /home/franco/Desktop/Robotica/Parcial/install/custom_interface/share/custom_interface/cmake/custom_interface__rosidl_typesupport_cExport.cmake
[3.911s] -- Installing: /home/franco/Desktop/Robotica/Parcial/install/custom_interface/share/custom_interface/cmake/custom_interface__rosidl_typesupport_cExport-noconfig.cmake
[3.911s] -- Installing: /home/franco/Desktop/Robotica/Parcial/install/custom_interface/share/custom_interface/cmake/custom_interface__rosidl_typesupport_introspection_cppExport.cmake
[3.911s] -- Installing: /home/franco/Desktop/Robotica/Parcial/install/custom_interface/share/custom_interface/cmake/custom_interface__rosidl_typesupport_introspection_cppExport-noconfig.cmake
[3.911s] -- Installing: /home/franco/Desktop/Robotica/Parcial/install/custom_interface/share/custom_interface/cmake/custom_interface__rosidl_typesupport_cppExport.cmake
[3.911s] -- Installing: /home/franco/Desktop/Robotica/Parcial/install/custom_interface/share/custom_interface/cmake/custom_interface__rosidl_typesupport_cppExport-noconfig.cmake
[3.911s] -- Installing: /home/franco/Desktop/Robotica/Parcial/install/custom_interface/share/custom_interface/cmake/export_custom_interface__rosidl_generator_pyExport.cmake
[3.911s] -- Installing: /home/franco/Desktop/Robotica/Parcial/install/custom_interface/share/custom_interface/cmake/export_custom_interface__rosidl_generator_pyExport-noconfig.cmake
[3.911s] -- Installing: /home/franco/Desktop/Robotica/Parcial/install/custom_interface/share/custom_interface/cmake/rosidl_cmake-extras.cmake
[3.911s] -- Installing: /home/franco/Desktop/Robotica/Parcial/install/custom_interface/share/custom_interface/cmake/ament_cmake_export_dependencies-extras.cmake
[3.911s] -- Installing: /home/franco/Desktop/Robotica/Parcial/install/custom_interface/share/custom_interface/cmake/ament_cmake_export_include_directories-extras.cmake
[3.911s] -- Installing: /home/franco/Desktop/Robotica/Parcial/install/custom_interface/share/custom_interface/cmake/ament_cmake_export_libraries-extras.cmake
[3.912s] -- Installing: /home/franco/Desktop/Robotica/Parcial/install/custom_interface/share/custom_interface/cmake/ament_cmake_export_targets-extras.cmake
[3.912s] -- Installing: /home/franco/Desktop/Robotica/Parcial/install/custom_interface/share/custom_interface/cmake/rosidl_cmake_export_typesupport_targets-extras.cmake
[3.912s] -- Installing: /home/franco/Desktop/Robotica/Parcial/install/custom_interface/share/custom_interface/cmake/rosidl_cmake_export_typesupport_libraries-extras.cmake
[3.912s] -- Installing: /home/franco/Desktop/Robotica/Parcial/install/custom_interface/share/custom_interface/cmake/custom_interfaceConfig.cmake
[3.912s] -- Installing: /home/franco/Desktop/Robotica/Parcial/install/custom_interface/share/custom_interface/cmake/custom_interfaceConfig-version.cmake
[3.912s] -- Installing: /home/franco/Desktop/Robotica/Parcial/install/custom_interface/share/custom_interface/package.xml
[3.913s] Invoked command in '/home/franco/Desktop/Robotica/Parcial/build/custom_interface' returned '0': DEBUGINFOD_URLS=https://debuginfod.ubuntu.com /usr/bin/cmake --install /home/franco/Desktop/Robotica/Parcial/build/custom_interface
