[0.667s] Invoking command in '/home/franco/Desktop/Robotica/Parcial/src/visual_pubsub': CMAKE_PREFIX_PATH=/home/franco/Desktop/Robotica/Parcial/install/custom_interface:${CMAKE_PREFIX_PATH} DEBUGINFOD_URLS=https://debuginfod.ubuntu.com LD_LIBRARY_PATH=/home/franco/Desktop/Robotica/Parcial/install/custom_interface/lib:${LD_LIBRARY_PATH} PKG_CONFIG_PATH=/home/franco/Desktop/Robotica/Parcial/install/custom_interface/lib/x86_64-linux-gnu/pkgconfig:/home/franco/Desktop/Robotica/Parcial/install/custom_interface/lib/pkgconfig PYTHONPATH=/home/franco/Desktop/Robotica/Parcial/build/visual_pubsub/prefix_override:/usr/lib/python3/dist-packages/colcon_core/task/python/colcon_distutils_commands:/home/franco/Desktop/Robotica/Parcial/install/visual_pubsub/lib/python3.12/site-packages:/home/franco/Desktop/Robotica/Parcial/install/custom_interface/lib/python3.12/site-packages:${PYTHONPATH} ROS_PACKAGE_PATH=/home/franco/Desktop/Robotica/Parcial/install/custom_interface/share /usr/bin/python3 -W ignore:setup.py install is deprecated -W ignore:easy_install command is deprecated setup.py egg_info --egg-base ../../build/visual_pubsub build --build-base /home/franco/Desktop/Robotica/Parcial/build/visual_pubsub/build install --record /home/franco/Desktop/Robotica/Parcial/build/visual_pubsub/install.log --single-version-externally-managed install_data
[0.872s] running egg_info
[0.888s] writing ../../build/visual_pubsub/visual_pubsub.egg-info/PKG-INFO
[0.888s] writing dependency_links to ../../build/visual_pubsub/visual_pubsub.egg-info/dependency_links.txt
[0.888s] writing entry points to ../../build/visual_pubsub/visual_pubsub.egg-info/entry_points.txt
[0.889s] writing requirements to ../../build/visual_pubsub/visual_pubsub.egg-info/requires.txt
[0.889s] writing top-level names to ../../build/visual_pubsub/visual_pubsub.egg-info/top_level.txt
[0.922s] reading manifest file '../../build/visual_pubsub/visual_pubsub.egg-info/SOURCES.txt'
[0.922s] adding license file 'LICENSE'
[0.923s] writing manifest file '../../build/visual_pubsub/visual_pubsub.egg-info/SOURCES.txt'
[0.923s] running build
[0.923s] running build_py
[0.923s] running install
[0.927s] running install_lib
[0.945s] running install_data
[0.945s] running install_egg_info
[0.963s] removing '/home/franco/Desktop/Robotica/Parcial/install/visual_pubsub/lib/python3.12/site-packages/visual_pubsub-0.0.0-py3.12.egg-info' (and everything under it)
[0.963s] Copying ../../build/visual_pubsub/visual_pubsub.egg-info to /home/franco/Desktop/Robotica/Parcial/install/visual_pubsub/lib/python3.12/site-packages/visual_pubsub-0.0.0-py3.12.egg-info
[0.963s] running install_scripts
[1.075s] Installing fk_client_a script to /home/franco/Desktop/Robotica/Parcial/install/visual_pubsub/lib/visual_pubsub
[1.076s] Installing fk_client_b script to /home/franco/Desktop/Robotica/Parcial/install/visual_pubsub/lib/visual_pubsub
[1.076s] Installing fk_server_a script to /home/franco/Desktop/Robotica/Parcial/install/visual_pubsub/lib/visual_pubsub
[1.076s] Installing fk_server_b script to /home/franco/Desktop/Robotica/Parcial/install/visual_pubsub/lib/visual_pubsub
[1.076s] Installing inverse_kinematics script to /home/franco/Desktop/Robotica/Parcial/install/visual_pubsub/lib/visual_pubsub
[1.076s] Installing inverse_kinematics_bio script to /home/franco/Desktop/Robotica/Parcial/install/visual_pubsub/lib/visual_pubsub
[1.076s] Installing pub_joints script to /home/franco/Desktop/Robotica/Parcial/install/visual_pubsub/lib/visual_pubsub
[1.076s] Installing sub_joints script to /home/franco/Desktop/Robotica/Parcial/install/visual_pubsub/lib/visual_pubsub
[1.076s] writing list of installed files to '/home/franco/Desktop/Robotica/Parcial/build/visual_pubsub/install.log'
[1.094s] Invoked command in '/home/franco/Desktop/Robotica/Parcial/src/visual_pubsub' returned '0': CMAKE_PREFIX_PATH=/home/franco/Desktop/Robotica/Parcial/install/custom_interface:${CMAKE_PREFIX_PATH} DEBUGINFOD_URLS=https://debuginfod.ubuntu.com LD_LIBRARY_PATH=/home/franco/Desktop/Robotica/Parcial/install/custom_interface/lib:${LD_LIBRARY_PATH} PKG_CONFIG_PATH=/home/franco/Desktop/Robotica/Parcial/install/custom_interface/lib/x86_64-linux-gnu/pkgconfig:/home/franco/Desktop/Robotica/Parcial/install/custom_interface/lib/pkgconfig PYTHONPATH=/home/franco/Desktop/Robotica/Parcial/build/visual_pubsub/prefix_override:/usr/lib/python3/dist-packages/colcon_core/task/python/colcon_distutils_commands:/home/franco/Desktop/Robotica/Parcial/install/visual_pubsub/lib/python3.12/site-packages:/home/franco/Desktop/Robotica/Parcial/install/custom_interface/lib/python3.12/site-packages:${PYTHONPATH} ROS_PACKAGE_PATH=/home/franco/Desktop/Robotica/Parcial/install/custom_interface/share /usr/bin/python3 -W ignore:setup.py install is deprecated -W ignore:easy_install command is deprecated setup.py egg_info --egg-base ../../build/visual_pubsub build --build-base /home/franco/Desktop/Robotica/Parcial/build/visual_pubsub/build install --record /home/franco/Desktop/Robotica/Parcial/build/visual_pubsub/install.log --single-version-externally-managed install_data
