[0.007s] Invoking command in '/home/franco/Desktop/Robotica/Parcial/build/robot_description': CMAKE_PREFIX_PATH=/home/franco/Desktop/Robotica/Parcial/install/visual_pubsub:/opt/ros/jazzy:${CMAKE_PREFIX_PATH} DEBUGINFOD_URLS=https://debuginfod.ubuntu.com /usr/bin/cmake /home/franco/Desktop/Robotica/Parcial/src/robot_description -DCMAKE_INSTALL_PREFIX=/home/franco/Desktop/Robotica/Parcial/install/robot_description
[0.041s] -- The C compiler identification is GNU 13.3.0
[0.078s] -- The CXX compiler identification is GNU 13.3.0
[0.089s] -- Detecting C compiler ABI info
[0.143s] -- Detecting C compiler ABI info - done
[0.150s] -- Check for working C compiler: /usr/bin/cc - skipped
[0.150s] -- Detecting C compile features
[0.150s] -- Detecting C compile features - done
[0.156s] -- Detecting CXX compiler ABI info
[0.219s] -- Detecting CXX compiler ABI info - done
[0.226s] -- Check for working CXX compiler: /usr/bin/c++ - skipped
[0.226s] -- Detecting CXX compile features
[0.226s] -- Detecting CXX compile features - done
[0.228s] -- Found ament_cmake: 2.5.5 (/opt/ros/jazzy/share/ament_cmake/cmake)
[0.328s] -- Found Python3: /usr/bin/python3 (found version "3.12.3") found components: Interpreter 
[0.397s] -- Found ament_lint_auto: 0.17.4 (/opt/ros/jazzy/share/ament_lint_auto/cmake)
[0.471s] -- Added test 'flake8' to check Python code syntax and style conventions
[0.471s] -- Configured 'flake8' exclude dirs and/or files: 
[0.471s] -- Added test 'lint_cmake' to check CMake code style
[0.471s] -- Added test 'pep257' to check Python code against some of the docstring style conventions in PEP 257
[0.473s] -- Added test 'xmllint' to check XML markup files
[0.474s] -- Configuring done (0.5s)
[0.475s] -- Generating done (0.0s)
[0.476s] -- Build files have been written to: /home/franco/Desktop/Robotica/Parcial/build/robot_description
[0.480s] Invoked command in '/home/franco/Desktop/Robotica/Parcial/build/robot_description' returned '0': CMAKE_PREFIX_PATH=/home/franco/Desktop/Robotica/Parcial/install/visual_pubsub:/opt/ros/jazzy:${CMAKE_PREFIX_PATH} DEBUGINFOD_URLS=https://debuginfod.ubuntu.com /usr/bin/cmake /home/franco/Desktop/Robotica/Parcial/src/robot_description -DCMAKE_INSTALL_PREFIX=/home/franco/Desktop/Robotica/Parcial/install/robot_description
[0.481s] Invoking command in '/home/franco/Desktop/Robotica/Parcial/build/robot_description': CMAKE_PREFIX_PATH=/home/franco/Desktop/Robotica/Parcial/install/visual_pubsub:/opt/ros/jazzy:${CMAKE_PREFIX_PATH} DEBUGINFOD_URLS=https://debuginfod.ubuntu.com /usr/bin/cmake --build /home/franco/Desktop/Robotica/Parcial/build/robot_description -- -j16 -l16
[0.509s] Invoked command in '/home/franco/Desktop/Robotica/Parcial/build/robot_description' returned '0': CMAKE_PREFIX_PATH=/home/franco/Desktop/Robotica/Parcial/install/visual_pubsub:/opt/ros/jazzy:${CMAKE_PREFIX_PATH} DEBUGINFOD_URLS=https://debuginfod.ubuntu.com /usr/bin/cmake --build /home/franco/Desktop/Robotica/Parcial/build/robot_description -- -j16 -l16
[0.517s] Invoking command in '/home/franco/Desktop/Robotica/Parcial/build/robot_description': CMAKE_PREFIX_PATH=/home/franco/Desktop/Robotica/Parcial/install/visual_pubsub:/opt/ros/jazzy:${CMAKE_PREFIX_PATH} DEBUGINFOD_URLS=https://debuginfod.ubuntu.com /usr/bin/cmake --install /home/franco/Desktop/Robotica/Parcial/build/robot_description
[0.522s] -- Install configuration: ""
[0.523s] -- Installing: /home/franco/Desktop/Robotica/Parcial/install/robot_description/share/robot_description/launch
[0.523s] -- Installing: /home/franco/Desktop/Robotica/Parcial/install/robot_description/share/robot_description/launch/bioinspirado.launch.py
[0.523s] -- Installing: /home/franco/Desktop/Robotica/Parcial/install/robot_description/share/robot_description/launch/robot_a.launch.py
[0.523s] -- Installing: /home/franco/Desktop/Robotica/Parcial/install/robot_description/share/robot_description/urdf
[0.523s] -- Installing: /home/franco/Desktop/Robotica/Parcial/install/robot_description/share/robot_description/urdf/bioinspirado.urdf
[0.523s] -- Installing: /home/franco/Desktop/Robotica/Parcial/install/robot_description/share/robot_description/urdf/robot_a.urdf
[0.523s] -- Installing: /home/franco/Desktop/Robotica/Parcial/install/robot_description/share/robot_description/rviz
[0.523s] -- Installing: /home/franco/Desktop/Robotica/Parcial/install/robot_description/share/robot_description/rviz/urdf.rviz
[0.523s] -- Installing: /home/franco/Desktop/Robotica/Parcial/install/robot_description/share/robot_description/meshes
[0.523s] -- Installing: /home/franco/Desktop/Robotica/Parcial/install/robot_description/share/robot_description/meshes/visual
[0.523s] -- Installing: /home/franco/Desktop/Robotica/Parcial/install/robot_description/share/robot_description/meshes/visual/link6.dae
[0.525s] -- Installing: /home/franco/Desktop/Robotica/Parcial/install/robot_description/share/robot_description/meshes/visual/hand.dae
[0.526s] -- Installing: /home/franco/Desktop/Robotica/Parcial/install/robot_description/share/robot_description/meshes/visual/link2.dae
[0.528s] -- Installing: /home/franco/Desktop/Robotica/Parcial/install/robot_description/share/robot_description/meshes/visual/link7.dae
[0.529s] -- Installing: /home/franco/Desktop/Robotica/Parcial/install/robot_description/share/robot_description/meshes/visual/link3.dae
[0.530s] -- Installing: /home/franco/Desktop/Robotica/Parcial/install/robot_description/share/robot_description/meshes/visual/finger.dae
[0.530s] -- Installing: /home/franco/Desktop/Robotica/Parcial/install/robot_description/share/robot_description/meshes/visual/link0.dae
[0.532s] -- Installing: /home/franco/Desktop/Robotica/Parcial/install/robot_description/share/robot_description/meshes/visual/link1.dae
[0.533s] -- Installing: /home/franco/Desktop/Robotica/Parcial/install/robot_description/share/robot_description/meshes/visual/link4.dae
[0.534s] -- Installing: /home/franco/Desktop/Robotica/Parcial/install/robot_description/share/robot_description/meshes/visual/link5.dae
[0.536s] -- Installing: /home/franco/Desktop/Robotica/Parcial/install/robot_description/share/robot_description/meshes/collision
[0.536s] -- Installing: /home/franco/Desktop/Robotica/Parcial/install/robot_description/share/robot_description/meshes/collision/link4.obj
[0.536s] -- Installing: /home/franco/Desktop/Robotica/Parcial/install/robot_description/share/robot_description/meshes/collision/finger.obj
[0.536s] -- Installing: /home/franco/Desktop/Robotica/Parcial/install/robot_description/share/robot_description/meshes/collision/link0.obj
[0.536s] -- Installing: /home/franco/Desktop/Robotica/Parcial/install/robot_description/share/robot_description/meshes/collision/link7.obj
[0.536s] -- Installing: /home/franco/Desktop/Robotica/Parcial/install/robot_description/share/robot_description/meshes/collision/link6.obj
[0.541s] -- Installing: /home/franco/Desktop/Robotica/Parcial/install/robot_description/share/robot_description/meshes/collision/link3.obj
[0.541s] -- Installing: /home/franco/Desktop/Robotica/Parcial/install/robot_description/share/robot_description/meshes/collision/hand.obj
[0.541s] -- Installing: /home/franco/Desktop/Robotica/Parcial/install/robot_description/share/robot_description/meshes/collision/link5.obj
[0.541s] -- Installing: /home/franco/Desktop/Robotica/Parcial/install/robot_description/share/robot_description/meshes/collision/link2.obj
[0.541s] -- Installing: /home/franco/Desktop/Robotica/Parcial/install/robot_description/share/robot_description/meshes/collision/link1.obj
[0.542s] -- Installing: /home/franco/Desktop/Robotica/Parcial/install/robot_description/share/ament_index/resource_index/package_run_dependencies/robot_description
[0.542s] -- Installing: /home/franco/Desktop/Robotica/Parcial/install/robot_description/share/ament_index/resource_index/parent_prefix_path/robot_description
[0.542s] -- Installing: /home/franco/Desktop/Robotica/Parcial/install/robot_description/share/robot_description/environment/ament_prefix_path.sh
[0.542s] -- Installing: /home/franco/Desktop/Robotica/Parcial/install/robot_description/share/robot_description/environment/ament_prefix_path.dsv
[0.542s] -- Installing: /home/franco/Desktop/Robotica/Parcial/install/robot_description/share/robot_description/environment/path.sh
[0.542s] -- Installing: /home/franco/Desktop/Robotica/Parcial/install/robot_description/share/robot_description/environment/path.dsv
[0.542s] -- Installing: /home/franco/Desktop/Robotica/Parcial/install/robot_description/share/robot_description/local_setup.bash
[0.543s] -- Installing: /home/franco/Desktop/Robotica/Parcial/install/robot_description/share/robot_description/local_setup.sh
[0.543s] -- Installing: /home/franco/Desktop/Robotica/Parcial/install/robot_description/share/robot_description/local_setup.zsh
[0.543s] -- Installing: /home/franco/Desktop/Robotica/Parcial/install/robot_description/share/robot_description/local_setup.dsv
[0.543s] -- Installing: /home/franco/Desktop/Robotica/Parcial/install/robot_description/share/robot_description/package.dsv
[0.543s] -- Installing: /home/franco/Desktop/Robotica/Parcial/install/robot_description/share/ament_index/resource_index/packages/robot_description
[0.543s] -- Installing: /home/franco/Desktop/Robotica/Parcial/install/robot_description/share/robot_description/cmake/robot_descriptionConfig.cmake
[0.543s] -- Installing: /home/franco/Desktop/Robotica/Parcial/install/robot_description/share/robot_description/cmake/robot_descriptionConfig-version.cmake
[0.543s] -- Installing: /home/franco/Desktop/Robotica/Parcial/install/robot_description/share/robot_description/package.xml
[0.545s] Invoked command in '/home/franco/Desktop/Robotica/Parcial/build/robot_description' returned '0': CMAKE_PREFIX_PATH=/home/franco/Desktop/Robotica/Parcial/install/visual_pubsub:/opt/ros/jazzy:${CMAKE_PREFIX_PATH} DEBUGINFOD_URLS=https://debuginfod.ubuntu.com /usr/bin/cmake --install /home/franco/Desktop/Robotica/Parcial/build/robot_description
