[0.091s] DEBUG:colcon:Command line arguments: ['/usr/bin/colcon', 'build']
[0.091s] DEBUG:colcon:Parsed command line arguments: Namespace(log_base=None, log_level=None, verb_name='build', build_base='build', install_base='install', merge_install=False, symlink_install=False, test_result_base=None, continue_on_error=False, executor='parallel', parallel_workers=16, event_handlers=None, ignore_user_meta=False, metas=['./colcon.meta'], base_paths=['.'], packages_ignore=None, packages_ignore_regex=None, paths=None, packages_up_to=None, packages_up_to_regex=None, packages_above=None, packages_above_and_dependencies=None, packages_above_depth=None, packages_select_by_dep=None, packages_skip_by_dep=None, packages_skip_up_to=None, packages_select_build_failed=False, packages_skip_build_finished=False, packages_select_test_failures=False, packages_skip_test_passed=False, packages_select=None, packages_skip=None, packages_select_regex=None, packages_skip_regex=None, packages_start=None, packages_end=None, allow_overriding=[], cmake_args=None, cmake_target=None, cmake_target_skip_unavailable=False, cmake_clean_cache=False, cmake_clean_first=False, cmake_force_configure=False, ament_cmake_args=None, catkin_cmake_args=None, catkin_skip_building_tests=False, mixin_files=None, mixin=None, verb_parser=<colcon_mixin.mixin.mixin_argument.MixinArgumentDecorator object at 0x745803e99dc0>, verb_extension=<colcon_core.verb.build.BuildVerb object at 0x745803ff6120>, main=<bound method BuildVerb.main of <colcon_core.verb.build.BuildVerb object at 0x745803ff6120>>, mixin_verb=('build',))
[0.125s] Level 1:colcon.colcon_core.package_discovery:discover_packages(colcon_meta) check parameters
[0.125s] Level 1:colcon.colcon_core.package_discovery:discover_packages(recursive) check parameters
[0.125s] Level 1:colcon.colcon_core.package_discovery:discover_packages(ignore) check parameters
[0.125s] Level 1:colcon.colcon_core.package_discovery:discover_packages(path) check parameters
[0.125s] Level 1:colcon.colcon_core.package_discovery:discover_packages(colcon_meta) discover
[0.125s] Level 1:colcon.colcon_core.package_discovery:discover_packages(recursive) discover
[0.125s] INFO:colcon.colcon_core.package_discovery:Crawling recursively for packages in '/home/franco/Desktop/Robotica/Parcial'
[0.125s] Level 1:colcon.colcon_core.package_identification:_identify(.) by extensions ['ignore', 'ignore_ament_install']
[0.125s] Level 1:colcon.colcon_core.package_identification:_identify(.) by extension 'ignore'
[0.125s] Level 1:colcon.colcon_core.package_identification:_identify(.) by extension 'ignore_ament_install'
[0.126s] Level 1:colcon.colcon_core.package_identification:_identify(.) by extensions ['colcon_pkg']
[0.126s] Level 1:colcon.colcon_core.package_identification:_identify(.) by extension 'colcon_pkg'
[0.126s] Level 1:colcon.colcon_core.package_identification:_identify(.) by extensions ['colcon_meta']
[0.126s] Level 1:colcon.colcon_core.package_identification:_identify(.) by extension 'colcon_meta'
[0.126s] Level 1:colcon.colcon_core.package_identification:_identify(.) by extensions ['ros']
[0.126s] Level 1:colcon.colcon_core.package_identification:_identify(.) by extension 'ros'
[0.146s] Level 1:colcon.colcon_core.package_identification:_identify(.) by extensions ['cmake', 'python']
[0.146s] Level 1:colcon.colcon_core.package_identification:_identify(.) by extension 'cmake'
[0.146s] Level 1:colcon.colcon_core.package_identification:_identify(.) by extension 'python'
[0.146s] Level 1:colcon.colcon_core.package_identification:_identify(.) by extensions ['python_setup_py']
[0.146s] Level 1:colcon.colcon_core.package_identification:_identify(.) by extension 'python_setup_py'
[0.146s] Level 1:colcon.colcon_core.package_identification:_identify(build) by extensions ['ignore', 'ignore_ament_install']
[0.146s] Level 1:colcon.colcon_core.package_identification:_identify(build) by extension 'ignore'
[0.146s] Level 1:colcon.colcon_core.package_identification:_identify(build) ignored
[0.147s] Level 1:colcon.colcon_core.package_identification:_identify(install) by extensions ['ignore', 'ignore_ament_install']
[0.147s] Level 1:colcon.colcon_core.package_identification:_identify(install) by extension 'ignore'
[0.147s] Level 1:colcon.colcon_core.package_identification:_identify(install) ignored
[0.147s] Level 1:colcon.colcon_core.package_identification:_identify(log) by extensions ['ignore', 'ignore_ament_install']
[0.147s] Level 1:colcon.colcon_core.package_identification:_identify(log) by extension 'ignore'
[0.147s] Level 1:colcon.colcon_core.package_identification:_identify(log) ignored
[0.147s] Level 1:colcon.colcon_core.package_identification:_identify(src) by extensions ['ignore', 'ignore_ament_install']
[0.147s] Level 1:colcon.colcon_core.package_identification:_identify(src) by extension 'ignore'
[0.147s] Level 1:colcon.colcon_core.package_identification:_identify(src) by extension 'ignore_ament_install'
[0.147s] Level 1:colcon.colcon_core.package_identification:_identify(src) by extensions ['colcon_pkg']
[0.147s] Level 1:colcon.colcon_core.package_identification:_identify(src) by extension 'colcon_pkg'
[0.147s] Level 1:colcon.colcon_core.package_identification:_identify(src) by extensions ['colcon_meta']
[0.147s] Level 1:colcon.colcon_core.package_identification:_identify(src) by extension 'colcon_meta'
[0.147s] Level 1:colcon.colcon_core.package_identification:_identify(src) by extensions ['ros']
[0.147s] Level 1:colcon.colcon_core.package_identification:_identify(src) by extension 'ros'
[0.147s] Level 1:colcon.colcon_core.package_identification:_identify(src) by extensions ['cmake', 'python']
[0.147s] Level 1:colcon.colcon_core.package_identification:_identify(src) by extension 'cmake'
[0.147s] Level 1:colcon.colcon_core.package_identification:_identify(src) by extension 'python'
[0.147s] Level 1:colcon.colcon_core.package_identification:_identify(src) by extensions ['python_setup_py']
[0.147s] Level 1:colcon.colcon_core.package_identification:_identify(src) by extension 'python_setup_py'
[0.147s] Level 1:colcon.colcon_core.package_identification:_identify(src/custom_interface) by extensions ['ignore', 'ignore_ament_install']
[0.147s] Level 1:colcon.colcon_core.package_identification:_identify(src/custom_interface) by extension 'ignore'
[0.147s] Level 1:colcon.colcon_core.package_identification:_identify(src/custom_interface) by extension 'ignore_ament_install'
[0.148s] Level 1:colcon.colcon_core.package_identification:_identify(src/custom_interface) by extensions ['colcon_pkg']
[0.148s] Level 1:colcon.colcon_core.package_identification:_identify(src/custom_interface) by extension 'colcon_pkg'
[0.148s] Level 1:colcon.colcon_core.package_identification:_identify(src/custom_interface) by extensions ['colcon_meta']
[0.148s] Level 1:colcon.colcon_core.package_identification:_identify(src/custom_interface) by extension 'colcon_meta'
[0.148s] Level 1:colcon.colcon_core.package_identification:_identify(src/custom_interface) by extensions ['ros']
[0.148s] Level 1:colcon.colcon_core.package_identification:_identify(src/custom_interface) by extension 'ros'
[0.149s] DEBUG:colcon.colcon_core.package_identification:Package 'src/custom_interface' with type 'ros.catkin' and name 'custom_interface'
[0.150s] Level 1:colcon.colcon_core.package_identification:_identify(src/robot_description) by extensions ['ignore', 'ignore_ament_install']
[0.150s] Level 1:colcon.colcon_core.package_identification:_identify(src/robot_description) by extension 'ignore'
[0.150s] Level 1:colcon.colcon_core.package_identification:_identify(src/robot_description) by extension 'ignore_ament_install'
[0.150s] Level 1:colcon.colcon_core.package_identification:_identify(src/robot_description) by extensions ['colcon_pkg']
[0.150s] Level 1:colcon.colcon_core.package_identification:_identify(src/robot_description) by extension 'colcon_pkg'
[0.150s] Level 1:colcon.colcon_core.package_identification:_identify(src/robot_description) by extensions ['colcon_meta']
[0.150s] Level 1:colcon.colcon_core.package_identification:_identify(src/robot_description) by extension 'colcon_meta'
[0.150s] Level 1:colcon.colcon_core.package_identification:_identify(src/robot_description) by extensions ['ros']
[0.150s] Level 1:colcon.colcon_core.package_identification:_identify(src/robot_description) by extension 'ros'
[0.150s] DEBUG:colcon.colcon_core.package_identification:Package 'src/robot_description' with type 'ros.ament_cmake' and name 'robot_description'
[0.150s] Level 1:colcon.colcon_core.package_identification:_identify(src/visual_pubsub) by extensions ['ignore', 'ignore_ament_install']
[0.150s] Level 1:colcon.colcon_core.package_identification:_identify(src/visual_pubsub) by extension 'ignore'
[0.150s] Level 1:colcon.colcon_core.package_identification:_identify(src/visual_pubsub) by extension 'ignore_ament_install'
[0.150s] Level 1:colcon.colcon_core.package_identification:_identify(src/visual_pubsub) by extensions ['colcon_pkg']
[0.150s] Level 1:colcon.colcon_core.package_identification:_identify(src/visual_pubsub) by extension 'colcon_pkg'
[0.150s] Level 1:colcon.colcon_core.package_identification:_identify(src/visual_pubsub) by extensions ['colcon_meta']
[0.150s] Level 1:colcon.colcon_core.package_identification:_identify(src/visual_pubsub) by extension 'colcon_meta'
[0.150s] Level 1:colcon.colcon_core.package_identification:_identify(src/visual_pubsub) by extensions ['ros']
[0.150s] Level 1:colcon.colcon_core.package_identification:_identify(src/visual_pubsub) by extension 'ros'
[0.151s] DEBUG:colcon.colcon_core.package_identification:Package 'src/visual_pubsub' with type 'ros.ament_python' and name 'visual_pubsub'
[0.151s] Level 1:colcon.colcon_core.package_discovery:discover_packages(recursive) using defaults
[0.151s] Level 1:colcon.colcon_core.package_discovery:discover_packages(ignore) discover
[0.151s] Level 1:colcon.colcon_core.package_discovery:discover_packages(ignore) using defaults
[0.151s] Level 1:colcon.colcon_core.package_discovery:discover_packages(path) discover
[0.151s] Level 1:colcon.colcon_core.package_discovery:discover_packages(path) using defaults
[0.165s] Level 1:colcon.colcon_core.package_discovery:discover_packages(prefix_path) check parameters
[0.165s] Level 1:colcon.colcon_core.package_discovery:discover_packages(prefix_path) discover
[0.167s] DEBUG:colcon.colcon_installed_package_information.package_discovery:Found 3 installed packages in /home/franco/Desktop/Robotica/Parcial/install
[0.168s] DEBUG:colcon.colcon_installed_package_information.package_discovery:Found 337 installed packages in /opt/ros/jazzy
[0.169s] Level 1:colcon.colcon_core.package_discovery:discover_packages(prefix_path) using defaults
[0.200s] Level 5:colcon.colcon_core.verb:set package 'custom_interface' build argument 'cmake_args' from command line to 'None'
[0.200s] Level 5:colcon.colcon_core.verb:set package 'custom_interface' build argument 'cmake_target' from command line to 'None'
[0.200s] Level 5:colcon.colcon_core.verb:set package 'custom_interface' build argument 'cmake_target_skip_unavailable' from command line to 'False'
[0.200s] Level 5:colcon.colcon_core.verb:set package 'custom_interface' build argument 'cmake_clean_cache' from command line to 'False'
[0.200s] Level 5:colcon.colcon_core.verb:set package 'custom_interface' build argument 'cmake_clean_first' from command line to 'False'
[0.200s] Level 5:colcon.colcon_core.verb:set package 'custom_interface' build argument 'cmake_force_configure' from command line to 'False'
[0.200s] Level 5:colcon.colcon_core.verb:set package 'custom_interface' build argument 'ament_cmake_args' from command line to 'None'
[0.200s] Level 5:colcon.colcon_core.verb:set package 'custom_interface' build argument 'catkin_cmake_args' from command line to 'None'
[0.200s] Level 5:colcon.colcon_core.verb:set package 'custom_interface' build argument 'catkin_skip_building_tests' from command line to 'False'
[0.200s] DEBUG:colcon.colcon_core.verb:Building package 'custom_interface' with the following arguments: {'ament_cmake_args': None, 'build_base': '/home/franco/Desktop/Robotica/Parcial/build/custom_interface', 'catkin_cmake_args': None, 'catkin_skip_building_tests': False, 'cmake_args': None, 'cmake_clean_cache': False, 'cmake_clean_first': False, 'cmake_force_configure': False, 'cmake_target': None, 'cmake_target_skip_unavailable': False, 'install_base': '/home/franco/Desktop/Robotica/Parcial/install/custom_interface', 'merge_install': False, 'path': '/home/franco/Desktop/Robotica/Parcial/src/custom_interface', 'symlink_install': False, 'test_result_base': None}
[0.200s] Level 5:colcon.colcon_core.verb:set package 'robot_description' build argument 'cmake_args' from command line to 'None'
[0.200s] Level 5:colcon.colcon_core.verb:set package 'robot_description' build argument 'cmake_target' from command line to 'None'
[0.200s] Level 5:colcon.colcon_core.verb:set package 'robot_description' build argument 'cmake_target_skip_unavailable' from command line to 'False'
[0.200s] Level 5:colcon.colcon_core.verb:set package 'robot_description' build argument 'cmake_clean_cache' from command line to 'False'
[0.200s] Level 5:colcon.colcon_core.verb:set package 'robot_description' build argument 'cmake_clean_first' from command line to 'False'
[0.200s] Level 5:colcon.colcon_core.verb:set package 'robot_description' build argument 'cmake_force_configure' from command line to 'False'
[0.200s] Level 5:colcon.colcon_core.verb:set package 'robot_description' build argument 'ament_cmake_args' from command line to 'None'
[0.200s] Level 5:colcon.colcon_core.verb:set package 'robot_description' build argument 'catkin_cmake_args' from command line to 'None'
[0.200s] Level 5:colcon.colcon_core.verb:set package 'robot_description' build argument 'catkin_skip_building_tests' from command line to 'False'
[0.200s] DEBUG:colcon.colcon_core.verb:Building package 'robot_description' with the following arguments: {'ament_cmake_args': None, 'build_base': '/home/franco/Desktop/Robotica/Parcial/build/robot_description', 'catkin_cmake_args': None, 'catkin_skip_building_tests': False, 'cmake_args': None, 'cmake_clean_cache': False, 'cmake_clean_first': False, 'cmake_force_configure': False, 'cmake_target': None, 'cmake_target_skip_unavailable': False, 'install_base': '/home/franco/Desktop/Robotica/Parcial/install/robot_description', 'merge_install': False, 'path': '/home/franco/Desktop/Robotica/Parcial/src/robot_description', 'symlink_install': False, 'test_result_base': None}
[0.200s] Level 5:colcon.colcon_core.verb:set package 'visual_pubsub' build argument 'cmake_args' from command line to 'None'
[0.200s] Level 5:colcon.colcon_core.verb:set package 'visual_pubsub' build argument 'cmake_target' from command line to 'None'
[0.200s] Level 5:colcon.colcon_core.verb:set package 'visual_pubsub' build argument 'cmake_target_skip_unavailable' from command line to 'False'
[0.200s] Level 5:colcon.colcon_core.verb:set package 'visual_pubsub' build argument 'cmake_clean_cache' from command line to 'False'
[0.200s] Level 5:colcon.colcon_core.verb:set package 'visual_pubsub' build argument 'cmake_clean_first' from command line to 'False'
[0.200s] Level 5:colcon.colcon_core.verb:set package 'visual_pubsub' build argument 'cmake_force_configure' from command line to 'False'
[0.200s] Level 5:colcon.colcon_core.verb:set package 'visual_pubsub' build argument 'ament_cmake_args' from command line to 'None'
[0.200s] Level 5:colcon.colcon_core.verb:set package 'visual_pubsub' build argument 'catkin_cmake_args' from command line to 'None'
[0.200s] Level 5:colcon.colcon_core.verb:set package 'visual_pubsub' build argument 'catkin_skip_building_tests' from command line to 'False'
[0.200s] DEBUG:colcon.colcon_core.verb:Building package 'visual_pubsub' with the following arguments: {'ament_cmake_args': None, 'build_base': '/home/franco/Desktop/Robotica/Parcial/build/visual_pubsub', 'catkin_cmake_args': None, 'catkin_skip_building_tests': False, 'cmake_args': None, 'cmake_clean_cache': False, 'cmake_clean_first': False, 'cmake_force_configure': False, 'cmake_target': None, 'cmake_target_skip_unavailable': False, 'install_base': '/home/franco/Desktop/Robotica/Parcial/install/visual_pubsub', 'merge_install': False, 'path': '/home/franco/Desktop/Robotica/Parcial/src/visual_pubsub', 'symlink_install': False, 'test_result_base': None}
[0.200s] INFO:colcon.colcon_core.executor:Executing jobs using 'parallel' executor
[0.201s] DEBUG:colcon.colcon_parallel_executor.executor.parallel:run_until_complete
[0.201s] INFO:colcon.colcon_ros.task.catkin.build:Building ROS package in '/home/franco/Desktop/Robotica/Parcial/src/custom_interface' with build type 'catkin'
[0.202s] INFO:colcon.colcon_cmake.task.cmake.build:Building CMake package in '/home/franco/Desktop/Robotica/Parcial/src/custom_interface'
[0.204s] INFO:colcon.colcon_core.plugin_system:Skipping extension 'colcon_core.shell.bat': Not used on non-Windows systems
[0.204s] INFO:colcon.colcon_core.shell:Skip shell extension 'powershell' for command environment: Not usable outside of PowerShell
[0.204s] DEBUG:colcon.colcon_core.shell:Skip shell extension 'dsv' for command environment
[0.206s] INFO:colcon.colcon_ros.task.ament_cmake.build:Building ROS package in '/home/franco/Desktop/Robotica/Parcial/src/robot_description' with build type 'ament_cmake'
[0.206s] INFO:colcon.colcon_cmake.task.cmake.build:Building CMake package in '/home/franco/Desktop/Robotica/Parcial/src/robot_description'
[0.207s] INFO:colcon.colcon_core.shell:Skip shell extension 'powershell' for command environment: Not usable outside of PowerShell
[0.207s] DEBUG:colcon.colcon_core.shell:Skip shell extension 'dsv' for command environment
[0.212s] DEBUG:colcon.colcon_core.event_handler.log_command:Invoking command in '/home/franco/Desktop/Robotica/Parcial/build/custom_interface': DEBUGINFOD_URLS=https://debuginfod.ubuntu.com /usr/bin/cmake --build /home/franco/Desktop/Robotica/Parcial/build/custom_interface -- -j16 -l16
[0.214s] DEBUG:colcon.colcon_core.event_handler.log_command:Invoking command in '/home/franco/Desktop/Robotica/Parcial/build/robot_description': CMAKE_PREFIX_PATH=/home/franco/Desktop/Robotica/Parcial/install/visual_pubsub:/opt/ros/jazzy:${CMAKE_PREFIX_PATH} DEBUGINFOD_URLS=https://debuginfod.ubuntu.com /usr/bin/cmake --build /home/franco/Desktop/Robotica/Parcial/build/robot_description -- -j16 -l16
[0.467s] DEBUG:colcon.colcon_core.event_handler.log_command:Invoked command in '/home/franco/Desktop/Robotica/Parcial/build/robot_description' returned '0': CMAKE_PREFIX_PATH=/home/franco/Desktop/Robotica/Parcial/install/visual_pubsub:/opt/ros/jazzy:${CMAKE_PREFIX_PATH} DEBUGINFOD_URLS=https://debuginfod.ubuntu.com /usr/bin/cmake --build /home/franco/Desktop/Robotica/Parcial/build/robot_description -- -j16 -l16
[0.473s] DEBUG:colcon.colcon_core.event_handler.log_command:Invoking command in '/home/franco/Desktop/Robotica/Parcial/build/robot_description': CMAKE_PREFIX_PATH=/home/franco/Desktop/Robotica/Parcial/install/visual_pubsub:/opt/ros/jazzy:${CMAKE_PREFIX_PATH} DEBUGINFOD_URLS=https://debuginfod.ubuntu.com /usr/bin/cmake --install /home/franco/Desktop/Robotica/Parcial/build/robot_description
[0.490s] Level 1:colcon.colcon_core.environment:create_environment_scripts_only(robot_description)
[0.491s] DEBUG:colcon.colcon_core.event_handler.log_command:Invoked command in '/home/franco/Desktop/Robotica/Parcial/build/robot_description' returned '0': CMAKE_PREFIX_PATH=/home/franco/Desktop/Robotica/Parcial/install/visual_pubsub:/opt/ros/jazzy:${CMAKE_PREFIX_PATH} DEBUGINFOD_URLS=https://debuginfod.ubuntu.com /usr/bin/cmake --install /home/franco/Desktop/Robotica/Parcial/build/robot_description
[0.492s] Level 1:colcon.colcon_core.environment:checking '/home/franco/Desktop/Robotica/Parcial/install/robot_description' for CMake module files
[0.492s] Level 1:colcon.colcon_core.environment:checking '/home/franco/Desktop/Robotica/Parcial/install/robot_description' for CMake config files
[0.493s] Level 1:colcon.colcon_core.shell:create_environment_hook('robot_description', 'cmake_prefix_path')
[0.493s] INFO:colcon.colcon_core.shell:Creating environment hook '/home/franco/Desktop/Robotica/Parcial/install/robot_description/share/robot_description/hook/cmake_prefix_path.ps1'
[0.493s] INFO:colcon.colcon_core.shell:Creating environment descriptor '/home/franco/Desktop/Robotica/Parcial/install/robot_description/share/robot_description/hook/cmake_prefix_path.dsv'
[0.493s] INFO:colcon.colcon_core.shell:Creating environment hook '/home/franco/Desktop/Robotica/Parcial/install/robot_description/share/robot_description/hook/cmake_prefix_path.sh'
[0.494s] Level 1:colcon.colcon_core.environment:checking '/home/franco/Desktop/Robotica/Parcial/install/robot_description/bin'
[0.494s] Level 1:colcon.colcon_core.environment:checking '/home/franco/Desktop/Robotica/Parcial/install/robot_description/lib/pkgconfig/robot_description.pc'
[0.494s] Level 1:colcon.colcon_core.environment:checking '/home/franco/Desktop/Robotica/Parcial/install/robot_description/lib/python3.12/site-packages'
[0.494s] Level 1:colcon.colcon_core.environment:checking '/home/franco/Desktop/Robotica/Parcial/install/robot_description/bin'
[0.495s] INFO:colcon.colcon_core.shell:Creating package script '/home/franco/Desktop/Robotica/Parcial/install/robot_description/share/robot_description/package.ps1'
[0.495s] INFO:colcon.colcon_core.shell:Creating package descriptor '/home/franco/Desktop/Robotica/Parcial/install/robot_description/share/robot_description/package.dsv'
[0.495s] INFO:colcon.colcon_core.shell:Creating package script '/home/franco/Desktop/Robotica/Parcial/install/robot_description/share/robot_description/package.sh'
[0.496s] INFO:colcon.colcon_core.shell:Creating package script '/home/franco/Desktop/Robotica/Parcial/install/robot_description/share/robot_description/package.bash'
[0.496s] INFO:colcon.colcon_core.shell:Creating package script '/home/franco/Desktop/Robotica/Parcial/install/robot_description/share/robot_description/package.zsh'
[0.496s] Level 1:colcon.colcon_core.environment:create_file_with_runtime_dependencies(/home/franco/Desktop/Robotica/Parcial/install/robot_description/share/colcon-core/packages/robot_description)
[0.497s] Level 1:colcon.colcon_core.environment:create_environment_scripts_only(robot_description)
[0.497s] Level 1:colcon.colcon_core.environment:checking '/home/franco/Desktop/Robotica/Parcial/install/robot_description' for CMake module files
[0.497s] Level 1:colcon.colcon_core.environment:checking '/home/franco/Desktop/Robotica/Parcial/install/robot_description' for CMake config files
[0.497s] Level 1:colcon.colcon_core.shell:create_environment_hook('robot_description', 'cmake_prefix_path')
[0.497s] INFO:colcon.colcon_core.shell:Creating environment hook '/home/franco/Desktop/Robotica/Parcial/install/robot_description/share/robot_description/hook/cmake_prefix_path.ps1'
[0.498s] INFO:colcon.colcon_core.shell:Creating environment descriptor '/home/franco/Desktop/Robotica/Parcial/install/robot_description/share/robot_description/hook/cmake_prefix_path.dsv'
[0.498s] INFO:colcon.colcon_core.shell:Creating environment hook '/home/franco/Desktop/Robotica/Parcial/install/robot_description/share/robot_description/hook/cmake_prefix_path.sh'
[0.498s] Level 1:colcon.colcon_core.environment:checking '/home/franco/Desktop/Robotica/Parcial/install/robot_description/bin'
[0.498s] Level 1:colcon.colcon_core.environment:checking '/home/franco/Desktop/Robotica/Parcial/install/robot_description/lib/pkgconfig/robot_description.pc'
[0.498s] Level 1:colcon.colcon_core.environment:checking '/home/franco/Desktop/Robotica/Parcial/install/robot_description/lib/python3.12/site-packages'
[0.499s] Level 1:colcon.colcon_core.environment:checking '/home/franco/Desktop/Robotica/Parcial/install/robot_description/bin'
[0.499s] INFO:colcon.colcon_core.shell:Creating package script '/home/franco/Desktop/Robotica/Parcial/install/robot_description/share/robot_description/package.ps1'
[0.499s] INFO:colcon.colcon_core.shell:Creating package descriptor '/home/franco/Desktop/Robotica/Parcial/install/robot_description/share/robot_description/package.dsv'
[0.499s] INFO:colcon.colcon_core.shell:Creating package script '/home/franco/Desktop/Robotica/Parcial/install/robot_description/share/robot_description/package.sh'
[0.499s] INFO:colcon.colcon_core.shell:Creating package script '/home/franco/Desktop/Robotica/Parcial/install/robot_description/share/robot_description/package.bash'
[0.500s] INFO:colcon.colcon_core.shell:Creating package script '/home/franco/Desktop/Robotica/Parcial/install/robot_description/share/robot_description/package.zsh'
[0.500s] Level 1:colcon.colcon_core.environment:create_file_with_runtime_dependencies(/home/franco/Desktop/Robotica/Parcial/install/robot_description/share/colcon-core/packages/robot_description)
[1.467s] DEBUG:colcon.colcon_core.event_handler.log_command:Invoked command in '/home/franco/Desktop/Robotica/Parcial/build/custom_interface' returned '0': DEBUGINFOD_URLS=https://debuginfod.ubuntu.com /usr/bin/cmake --build /home/franco/Desktop/Robotica/Parcial/build/custom_interface -- -j16 -l16
[1.468s] DEBUG:colcon.colcon_core.event_handler.log_command:Invoking command in '/home/franco/Desktop/Robotica/Parcial/build/custom_interface': DEBUGINFOD_URLS=https://debuginfod.ubuntu.com /usr/bin/cmake --install /home/franco/Desktop/Robotica/Parcial/build/custom_interface
[1.509s] DEBUG:colcon.colcon_core.event_handler.log_command:Invoked command in '/home/franco/Desktop/Robotica/Parcial/build/custom_interface' returned '0': DEBUGINFOD_URLS=https://debuginfod.ubuntu.com /usr/bin/cmake --install /home/franco/Desktop/Robotica/Parcial/build/custom_interface
[1.509s] Level 1:colcon.colcon_core.shell:create_environment_hook('custom_interface', 'ros_package_path')
[1.510s] INFO:colcon.colcon_core.shell:Creating environment hook '/home/franco/Desktop/Robotica/Parcial/install/custom_interface/share/custom_interface/hook/ros_package_path.ps1'
[1.510s] INFO:colcon.colcon_core.shell:Creating environment descriptor '/home/franco/Desktop/Robotica/Parcial/install/custom_interface/share/custom_interface/hook/ros_package_path.dsv'
[1.510s] INFO:colcon.colcon_core.shell:Creating environment hook '/home/franco/Desktop/Robotica/Parcial/install/custom_interface/share/custom_interface/hook/ros_package_path.sh'
[1.510s] Level 1:colcon.colcon_ros.task.catkin:checking '/home/franco/Desktop/Robotica/Parcial/install/custom_interface/lib/python3.12/site-packages'
[1.510s] Level 1:colcon.colcon_core.shell:create_environment_hook('custom_interface', 'catkin_pythonpath')
[1.511s] INFO:colcon.colcon_core.shell:Creating environment hook '/home/franco/Desktop/Robotica/Parcial/install/custom_interface/share/custom_interface/hook/catkin_pythonpath.ps1'
[1.511s] INFO:colcon.colcon_core.shell:Creating environment descriptor '/home/franco/Desktop/Robotica/Parcial/install/custom_interface/share/custom_interface/hook/catkin_pythonpath.dsv'
[1.511s] INFO:colcon.colcon_core.shell:Creating environment hook '/home/franco/Desktop/Robotica/Parcial/install/custom_interface/share/custom_interface/hook/catkin_pythonpath.sh'
[1.511s] Level 1:colcon.colcon_core.shell:create_environment_hook('custom_interface', 'pkg_config_path')
[1.511s] INFO:colcon.colcon_core.shell:Creating environment hook '/home/franco/Desktop/Robotica/Parcial/install/custom_interface/share/custom_interface/hook/pkg_config_path.ps1'
[1.511s] INFO:colcon.colcon_core.shell:Creating environment descriptor '/home/franco/Desktop/Robotica/Parcial/install/custom_interface/share/custom_interface/hook/pkg_config_path.dsv'
[1.512s] INFO:colcon.colcon_core.shell:Creating environment hook '/home/franco/Desktop/Robotica/Parcial/install/custom_interface/share/custom_interface/hook/pkg_config_path.sh'
[1.513s] Level 1:colcon.colcon_core.shell:create_environment_hook('custom_interface', 'pkg_config_path_multiarch')
[1.513s] INFO:colcon.colcon_core.shell:Creating environment hook '/home/franco/Desktop/Robotica/Parcial/install/custom_interface/share/custom_interface/hook/pkg_config_path_multiarch.ps1'
[1.513s] INFO:colcon.colcon_core.shell:Creating environment descriptor '/home/franco/Desktop/Robotica/Parcial/install/custom_interface/share/custom_interface/hook/pkg_config_path_multiarch.dsv'
[1.513s] INFO:colcon.colcon_core.shell:Creating environment hook '/home/franco/Desktop/Robotica/Parcial/install/custom_interface/share/custom_interface/hook/pkg_config_path_multiarch.sh'
[1.514s] Level 1:colcon.colcon_core.environment:create_environment_scripts_only(custom_interface)
[1.514s] Level 1:colcon.colcon_core.environment:checking '/home/franco/Desktop/Robotica/Parcial/install/custom_interface' for CMake module files
[1.514s] Level 1:colcon.colcon_core.environment:checking '/home/franco/Desktop/Robotica/Parcial/install/custom_interface' for CMake config files
[1.515s] Level 1:colcon.colcon_core.shell:create_environment_hook('custom_interface', 'cmake_prefix_path')
[1.515s] INFO:colcon.colcon_core.shell:Creating environment hook '/home/franco/Desktop/Robotica/Parcial/install/custom_interface/share/custom_interface/hook/cmake_prefix_path.ps1'
[1.515s] INFO:colcon.colcon_core.shell:Creating environment descriptor '/home/franco/Desktop/Robotica/Parcial/install/custom_interface/share/custom_interface/hook/cmake_prefix_path.dsv'
[1.515s] INFO:colcon.colcon_core.shell:Creating environment hook '/home/franco/Desktop/Robotica/Parcial/install/custom_interface/share/custom_interface/hook/cmake_prefix_path.sh'
[1.516s] Level 1:colcon.colcon_core.environment:checking '/home/franco/Desktop/Robotica/Parcial/install/custom_interface/lib'
[1.516s] Level 1:colcon.colcon_core.shell:create_environment_hook('custom_interface', 'ld_library_path_lib')
[1.516s] INFO:colcon.colcon_core.shell:Creating environment hook '/home/franco/Desktop/Robotica/Parcial/install/custom_interface/share/custom_interface/hook/ld_library_path_lib.ps1'
[1.516s] INFO:colcon.colcon_core.shell:Creating environment descriptor '/home/franco/Desktop/Robotica/Parcial/install/custom_interface/share/custom_interface/hook/ld_library_path_lib.dsv'
[1.516s] INFO:colcon.colcon_core.shell:Creating environment hook '/home/franco/Desktop/Robotica/Parcial/install/custom_interface/share/custom_interface/hook/ld_library_path_lib.sh'
[1.516s] Level 1:colcon.colcon_core.environment:checking '/home/franco/Desktop/Robotica/Parcial/install/custom_interface/bin'
[1.517s] Level 1:colcon.colcon_core.environment:checking '/home/franco/Desktop/Robotica/Parcial/install/custom_interface/lib/pkgconfig/custom_interface.pc'
[1.517s] Level 1:colcon.colcon_core.environment:checking '/home/franco/Desktop/Robotica/Parcial/install/custom_interface/lib/python3.12/site-packages'
[1.517s] Level 1:colcon.colcon_core.shell:create_environment_hook('custom_interface', 'pythonpath')
[1.517s] INFO:colcon.colcon_core.shell:Creating environment hook '/home/franco/Desktop/Robotica/Parcial/install/custom_interface/share/custom_interface/hook/pythonpath.ps1'
[1.517s] INFO:colcon.colcon_core.shell:Creating environment descriptor '/home/franco/Desktop/Robotica/Parcial/install/custom_interface/share/custom_interface/hook/pythonpath.dsv'
[1.517s] INFO:colcon.colcon_core.shell:Creating environment hook '/home/franco/Desktop/Robotica/Parcial/install/custom_interface/share/custom_interface/hook/pythonpath.sh'
[1.518s] Level 1:colcon.colcon_core.environment:checking '/home/franco/Desktop/Robotica/Parcial/install/custom_interface/bin'
[1.518s] INFO:colcon.colcon_core.shell:Creating package script '/home/franco/Desktop/Robotica/Parcial/install/custom_interface/share/custom_interface/package.ps1'
[1.518s] INFO:colcon.colcon_core.shell:Creating package descriptor '/home/franco/Desktop/Robotica/Parcial/install/custom_interface/share/custom_interface/package.dsv'
[1.519s] INFO:colcon.colcon_core.shell:Creating package script '/home/franco/Desktop/Robotica/Parcial/install/custom_interface/share/custom_interface/package.sh'
[1.519s] INFO:colcon.colcon_core.shell:Creating package script '/home/franco/Desktop/Robotica/Parcial/install/custom_interface/share/custom_interface/package.bash'
[1.519s] INFO:colcon.colcon_core.shell:Creating package script '/home/franco/Desktop/Robotica/Parcial/install/custom_interface/share/custom_interface/package.zsh'
[1.519s] Level 1:colcon.colcon_core.environment:create_file_with_runtime_dependencies(/home/franco/Desktop/Robotica/Parcial/install/custom_interface/share/colcon-core/packages/custom_interface)
[1.520s] INFO:colcon.colcon_ros.task.ament_python.build:Building ROS package in '/home/franco/Desktop/Robotica/Parcial/src/visual_pubsub' with build type 'ament_python'
[1.520s] Level 1:colcon.colcon_core.shell:create_environment_hook('visual_pubsub', 'ament_prefix_path')
[1.520s] INFO:colcon.colcon_core.shell:Creating environment hook '/home/franco/Desktop/Robotica/Parcial/install/visual_pubsub/share/visual_pubsub/hook/ament_prefix_path.ps1'
[1.520s] INFO:colcon.colcon_core.shell:Creating environment descriptor '/home/franco/Desktop/Robotica/Parcial/install/visual_pubsub/share/visual_pubsub/hook/ament_prefix_path.dsv'
[1.521s] INFO:colcon.colcon_core.shell:Creating environment hook '/home/franco/Desktop/Robotica/Parcial/install/visual_pubsub/share/visual_pubsub/hook/ament_prefix_path.sh'
[1.521s] INFO:colcon.colcon_core.shell:Skip shell extension 'powershell' for command environment: Not usable outside of PowerShell
[1.521s] DEBUG:colcon.colcon_core.shell:Skip shell extension 'dsv' for command environment
[1.688s] INFO:colcon.colcon_core.task.python.build:Building Python package in '/home/franco/Desktop/Robotica/Parcial/src/visual_pubsub'
[1.688s] INFO:colcon.colcon_core.shell:Skip shell extension 'powershell' for command environment: Not usable outside of PowerShell
[1.688s] DEBUG:colcon.colcon_core.shell:Skip shell extension 'dsv' for command environment
[2.210s] DEBUG:colcon.colcon_core.event_handler.log_command:Invoking command in '/home/franco/Desktop/Robotica/Parcial/src/visual_pubsub': DEBUGINFOD_URLS=https://debuginfod.ubuntu.com PYTHONPATH=/home/franco/Desktop/Robotica/Parcial/build/visual_pubsub/prefix_override:/usr/lib/python3/dist-packages/colcon_core/task/python/colcon_distutils_commands:/home/franco/Desktop/Robotica/Parcial/install/visual_pubsub/lib/python3.12/site-packages:/home/franco/Desktop/Robotica/Parcial/install/custom_interface/lib/python3.12/site-packages:/home/franco/Desktop/Robotica/Parcial/build/visual_pubsub:/home/franco/Desktop/Robotica/Parcial/install/visual_pubsub/lib/python3.12/site-packages:/opt/ros/jazzy/lib/python3.12/site-packages /usr/bin/python3 -W ignore:setup.py install is deprecated -W ignore:easy_install command is deprecated setup.py egg_info --egg-base ../../build/visual_pubsub build --build-base /home/franco/Desktop/Robotica/Parcial/build/visual_pubsub/build install --record /home/franco/Desktop/Robotica/Parcial/build/visual_pubsub/install.log --single-version-externally-managed install_data
[2.652s] Level 1:colcon.colcon_core.environment:checking '/home/franco/Desktop/Robotica/Parcial/install/visual_pubsub' for CMake module files
[2.652s] DEBUG:colcon.colcon_core.event_handler.log_command:Invoked command in '/home/franco/Desktop/Robotica/Parcial/src/visual_pubsub' returned '0': DEBUGINFOD_URLS=https://debuginfod.ubuntu.com PYTHONPATH=/home/franco/Desktop/Robotica/Parcial/build/visual_pubsub/prefix_override:/usr/lib/python3/dist-packages/colcon_core/task/python/colcon_distutils_commands:/home/franco/Desktop/Robotica/Parcial/install/visual_pubsub/lib/python3.12/site-packages:/home/franco/Desktop/Robotica/Parcial/install/custom_interface/lib/python3.12/site-packages:/home/franco/Desktop/Robotica/Parcial/build/visual_pubsub:/home/franco/Desktop/Robotica/Parcial/install/visual_pubsub/lib/python3.12/site-packages:/opt/ros/jazzy/lib/python3.12/site-packages /usr/bin/python3 -W ignore:setup.py install is deprecated -W ignore:easy_install command is deprecated setup.py egg_info --egg-base ../../build/visual_pubsub build --build-base /home/franco/Desktop/Robotica/Parcial/build/visual_pubsub/build install --record /home/franco/Desktop/Robotica/Parcial/build/visual_pubsub/install.log --single-version-externally-managed install_data
[2.652s] Level 1:colcon.colcon_core.environment:checking '/home/franco/Desktop/Robotica/Parcial/install/visual_pubsub' for CMake config files
[2.653s] Level 1:colcon.colcon_core.environment:checking '/home/franco/Desktop/Robotica/Parcial/install/visual_pubsub/lib'
[2.653s] Level 1:colcon.colcon_core.environment:checking '/home/franco/Desktop/Robotica/Parcial/install/visual_pubsub/bin'
[2.653s] Level 1:colcon.colcon_core.environment:checking '/home/franco/Desktop/Robotica/Parcial/install/visual_pubsub/lib/pkgconfig/visual_pubsub.pc'
[2.653s] Level 1:colcon.colcon_core.environment:checking '/home/franco/Desktop/Robotica/Parcial/install/visual_pubsub/lib/python3.12/site-packages'
[2.653s] Level 1:colcon.colcon_core.shell:create_environment_hook('visual_pubsub', 'pythonpath')
[2.653s] INFO:colcon.colcon_core.shell:Creating environment hook '/home/franco/Desktop/Robotica/Parcial/install/visual_pubsub/share/visual_pubsub/hook/pythonpath.ps1'
[2.654s] INFO:colcon.colcon_core.shell:Creating environment descriptor '/home/franco/Desktop/Robotica/Parcial/install/visual_pubsub/share/visual_pubsub/hook/pythonpath.dsv'
[2.654s] INFO:colcon.colcon_core.shell:Creating environment hook '/home/franco/Desktop/Robotica/Parcial/install/visual_pubsub/share/visual_pubsub/hook/pythonpath.sh'
[2.654s] Level 1:colcon.colcon_core.environment:checking '/home/franco/Desktop/Robotica/Parcial/install/visual_pubsub/bin'
[2.654s] Level 1:colcon.colcon_core.environment:create_environment_scripts_only(visual_pubsub)
[2.654s] INFO:colcon.colcon_core.shell:Creating package script '/home/franco/Desktop/Robotica/Parcial/install/visual_pubsub/share/visual_pubsub/package.ps1'
[2.655s] INFO:colcon.colcon_core.shell:Creating package descriptor '/home/franco/Desktop/Robotica/Parcial/install/visual_pubsub/share/visual_pubsub/package.dsv'
[2.655s] INFO:colcon.colcon_core.shell:Creating package script '/home/franco/Desktop/Robotica/Parcial/install/visual_pubsub/share/visual_pubsub/package.sh'
[2.655s] INFO:colcon.colcon_core.shell:Creating package script '/home/franco/Desktop/Robotica/Parcial/install/visual_pubsub/share/visual_pubsub/package.bash'
[2.655s] INFO:colcon.colcon_core.shell:Creating package script '/home/franco/Desktop/Robotica/Parcial/install/visual_pubsub/share/visual_pubsub/package.zsh'
[2.656s] Level 1:colcon.colcon_core.environment:create_file_with_runtime_dependencies(/home/franco/Desktop/Robotica/Parcial/install/visual_pubsub/share/colcon-core/packages/visual_pubsub)
[2.656s] DEBUG:colcon.colcon_parallel_executor.executor.parallel:closing loop
[2.656s] DEBUG:colcon.colcon_parallel_executor.executor.parallel:loop closed
[2.656s] DEBUG:colcon.colcon_parallel_executor.executor.parallel:run_until_complete finished with '0'
[2.656s] DEBUG:colcon.colcon_core.event_reactor:joining thread
[2.661s] INFO:colcon.colcon_core.plugin_system:Skipping extension 'colcon_notification.desktop_notification.terminal_notifier': Not used on non-Darwin systems
[2.661s] INFO:colcon.colcon_core.plugin_system:Skipping extension 'colcon_notification.desktop_notification.win32': Not used on non-Windows systems
[2.661s] INFO:colcon.colcon_notification.desktop_notification:Sending desktop notification using 'notify2'
[2.670s] DEBUG:colcon.colcon_core.event_reactor:joined thread
[2.670s] INFO:colcon.colcon_core.shell:Creating prefix script '/home/franco/Desktop/Robotica/Parcial/install/local_setup.ps1'
[2.671s] INFO:colcon.colcon_core.shell:Creating prefix util module '/home/franco/Desktop/Robotica/Parcial/install/_local_setup_util_ps1.py'
[2.672s] INFO:colcon.colcon_core.shell:Creating prefix chain script '/home/franco/Desktop/Robotica/Parcial/install/setup.ps1'
[2.672s] INFO:colcon.colcon_core.shell:Creating prefix script '/home/franco/Desktop/Robotica/Parcial/install/local_setup.sh'
[2.673s] INFO:colcon.colcon_core.shell:Creating prefix util module '/home/franco/Desktop/Robotica/Parcial/install/_local_setup_util_sh.py'
[2.673s] INFO:colcon.colcon_core.shell:Creating prefix chain script '/home/franco/Desktop/Robotica/Parcial/install/setup.sh'
[2.674s] INFO:colcon.colcon_core.shell:Creating prefix script '/home/franco/Desktop/Robotica/Parcial/install/local_setup.bash'
[2.674s] INFO:colcon.colcon_core.shell:Creating prefix chain script '/home/franco/Desktop/Robotica/Parcial/install/setup.bash'
[2.674s] INFO:colcon.colcon_core.shell:Creating prefix script '/home/franco/Desktop/Robotica/Parcial/install/local_setup.zsh'
[2.675s] INFO:colcon.colcon_core.shell:Creating prefix chain script '/home/franco/Desktop/Robotica/Parcial/install/setup.zsh'
