[0.073s] DEBUG:colcon:Command line arguments: ['/usr/bin/colcon', 'build']
[0.073s] DEBUG:colcon:Parsed command line arguments: Namespace(log_base=None, log_level=None, verb_name='build', build_base='build', install_base='install', merge_install=False, symlink_install=False, test_result_base=None, continue_on_error=False, executor='parallel', parallel_workers=16, event_handlers=None, ignore_user_meta=False, metas=['./colcon.meta'], base_paths=['.'], packages_ignore=None, packages_ignore_regex=None, paths=None, packages_up_to=None, packages_up_to_regex=None, packages_above=None, packages_above_and_dependencies=None, packages_above_depth=None, packages_select_by_dep=None, packages_skip_by_dep=None, packages_skip_up_to=None, packages_select_build_failed=False, packages_skip_build_finished=False, packages_select_test_failures=False, packages_skip_test_passed=False, packages_select=None, packages_skip=None, packages_select_regex=None, packages_skip_regex=None, packages_start=None, packages_end=None, allow_overriding=[], cmake_args=None, cmake_target=None, cmake_target_skip_unavailable=False, cmake_clean_cache=False, cmake_clean_first=False, cmake_force_configure=False, ament_cmake_args=None, catkin_cmake_args=None, catkin_skip_building_tests=False, mixin_files=None, mixin=None, verb_parser=<colcon_mixin.mixin.mixin_argument.MixinArgumentDecorator object at 0x70bc5afd1fd0>, verb_extension=<colcon_core.verb.build.BuildVerb object at 0x70bc5b0f2300>, main=<bound method BuildVerb.main of <colcon_core.verb.build.BuildVerb object at 0x70bc5b0f2300>>, mixin_verb=('build',))
[0.096s] Level 1:colcon.colcon_core.package_discovery:discover_packages(colcon_meta) check parameters
[0.096s] Level 1:colcon.colcon_core.package_discovery:discover_packages(recursive) check parameters
[0.096s] Level 1:colcon.colcon_core.package_discovery:discover_packages(ignore) check parameters
[0.096s] Level 1:colcon.colcon_core.package_discovery:discover_packages(path) check parameters
[0.096s] Level 1:colcon.colcon_core.package_discovery:discover_packages(colcon_meta) discover
[0.096s] Level 1:colcon.colcon_core.package_discovery:discover_packages(recursive) discover
[0.096s] INFO:colcon.colcon_core.package_discovery:Crawling recursively for packages in '/home/franco/Desktop/Robotica/Parcial'
[0.096s] Level 1:colcon.colcon_core.package_identification:_identify(.) by extensions ['ignore', 'ignore_ament_install']
[0.096s] Level 1:colcon.colcon_core.package_identification:_identify(.) by extension 'ignore'
[0.097s] Level 1:colcon.colcon_core.package_identification:_identify(.) by extension 'ignore_ament_install'
[0.097s] Level 1:colcon.colcon_core.package_identification:_identify(.) by extensions ['colcon_pkg']
[0.097s] Level 1:colcon.colcon_core.package_identification:_identify(.) by extension 'colcon_pkg'
[0.097s] Level 1:colcon.colcon_core.package_identification:_identify(.) by extensions ['colcon_meta']
[0.097s] Level 1:colcon.colcon_core.package_identification:_identify(.) by extension 'colcon_meta'
[0.097s] Level 1:colcon.colcon_core.package_identification:_identify(.) by extensions ['ros']
[0.097s] Level 1:colcon.colcon_core.package_identification:_identify(.) by extension 'ros'
[0.113s] Level 1:colcon.colcon_core.package_identification:_identify(.) by extensions ['cmake', 'python']
[0.113s] Level 1:colcon.colcon_core.package_identification:_identify(.) by extension 'cmake'
[0.113s] Level 1:colcon.colcon_core.package_identification:_identify(.) by extension 'python'
[0.113s] Level 1:colcon.colcon_core.package_identification:_identify(.) by extensions ['python_setup_py']
[0.113s] Level 1:colcon.colcon_core.package_identification:_identify(.) by extension 'python_setup_py'
[0.113s] Level 1:colcon.colcon_core.package_identification:_identify(build) by extensions ['ignore', 'ignore_ament_install']
[0.113s] Level 1:colcon.colcon_core.package_identification:_identify(build) by extension 'ignore'
[0.113s] Level 1:colcon.colcon_core.package_identification:_identify(build) ignored
[0.114s] Level 1:colcon.colcon_core.package_identification:_identify(install) by extensions ['ignore', 'ignore_ament_install']
[0.114s] Level 1:colcon.colcon_core.package_identification:_identify(install) by extension 'ignore'
[0.114s] Level 1:colcon.colcon_core.package_identification:_identify(install) ignored
[0.114s] Level 1:colcon.colcon_core.package_identification:_identify(log) by extensions ['ignore', 'ignore_ament_install']
[0.114s] Level 1:colcon.colcon_core.package_identification:_identify(log) by extension 'ignore'
[0.114s] Level 1:colcon.colcon_core.package_identification:_identify(log) ignored
[0.114s] Level 1:colcon.colcon_core.package_identification:_identify(src) by extensions ['ignore', 'ignore_ament_install']
[0.114s] Level 1:colcon.colcon_core.package_identification:_identify(src) by extension 'ignore'
[0.114s] Level 1:colcon.colcon_core.package_identification:_identify(src) by extension 'ignore_ament_install'
[0.114s] Level 1:colcon.colcon_core.package_identification:_identify(src) by extensions ['colcon_pkg']
[0.114s] Level 1:colcon.colcon_core.package_identification:_identify(src) by extension 'colcon_pkg'
[0.114s] Level 1:colcon.colcon_core.package_identification:_identify(src) by extensions ['colcon_meta']
[0.114s] Level 1:colcon.colcon_core.package_identification:_identify(src) by extension 'colcon_meta'
[0.114s] Level 1:colcon.colcon_core.package_identification:_identify(src) by extensions ['ros']
[0.114s] Level 1:colcon.colcon_core.package_identification:_identify(src) by extension 'ros'
[0.114s] Level 1:colcon.colcon_core.package_identification:_identify(src) by extensions ['cmake', 'python']
[0.114s] Level 1:colcon.colcon_core.package_identification:_identify(src) by extension 'cmake'
[0.114s] Level 1:colcon.colcon_core.package_identification:_identify(src) by extension 'python'
[0.114s] Level 1:colcon.colcon_core.package_identification:_identify(src) by extensions ['python_setup_py']
[0.114s] Level 1:colcon.colcon_core.package_identification:_identify(src) by extension 'python_setup_py'
[0.114s] Level 1:colcon.colcon_core.package_identification:_identify(src/custom_interface) by extensions ['ignore', 'ignore_ament_install']
[0.114s] Level 1:colcon.colcon_core.package_identification:_identify(src/custom_interface) by extension 'ignore'
[0.114s] Level 1:colcon.colcon_core.package_identification:_identify(src/custom_interface) by extension 'ignore_ament_install'
[0.114s] Level 1:colcon.colcon_core.package_identification:_identify(src/custom_interface) by extensions ['colcon_pkg']
[0.114s] Level 1:colcon.colcon_core.package_identification:_identify(src/custom_interface) by extension 'colcon_pkg'
[0.114s] Level 1:colcon.colcon_core.package_identification:_identify(src/custom_interface) by extensions ['colcon_meta']
[0.114s] Level 1:colcon.colcon_core.package_identification:_identify(src/custom_interface) by extension 'colcon_meta'
[0.114s] Level 1:colcon.colcon_core.package_identification:_identify(src/custom_interface) by extensions ['ros']
[0.114s] Level 1:colcon.colcon_core.package_identification:_identify(src/custom_interface) by extension 'ros'
[0.116s] DEBUG:colcon.colcon_core.package_identification:Package 'src/custom_interface' with type 'ros.catkin' and name 'custom_interface'
[0.116s] Level 1:colcon.colcon_core.package_identification:_identify(src/robot_description) by extensions ['ignore', 'ignore_ament_install']
[0.116s] Level 1:colcon.colcon_core.package_identification:_identify(src/robot_description) by extension 'ignore'
[0.116s] Level 1:colcon.colcon_core.package_identification:_identify(src/robot_description) by extension 'ignore_ament_install'
[0.116s] Level 1:colcon.colcon_core.package_identification:_identify(src/robot_description) by extensions ['colcon_pkg']
[0.116s] Level 1:colcon.colcon_core.package_identification:_identify(src/robot_description) by extension 'colcon_pkg'
[0.116s] Level 1:colcon.colcon_core.package_identification:_identify(src/robot_description) by extensions ['colcon_meta']
[0.116s] Level 1:colcon.colcon_core.package_identification:_identify(src/robot_description) by extension 'colcon_meta'
[0.116s] Level 1:colcon.colcon_core.package_identification:_identify(src/robot_description) by extensions ['ros']
[0.116s] Level 1:colcon.colcon_core.package_identification:_identify(src/robot_description) by extension 'ros'
[0.116s] DEBUG:colcon.colcon_core.package_identification:Package 'src/robot_description' with type 'ros.ament_cmake' and name 'robot_description'
[0.117s] Level 1:colcon.colcon_core.package_identification:_identify(src/visual_pubsub) by extensions ['ignore', 'ignore_ament_install']
[0.117s] Level 1:colcon.colcon_core.package_identification:_identify(src/visual_pubsub) by extension 'ignore'
[0.117s] Level 1:colcon.colcon_core.package_identification:_identify(src/visual_pubsub) by extension 'ignore_ament_install'
[0.117s] Level 1:colcon.colcon_core.package_identification:_identify(src/visual_pubsub) by extensions ['colcon_pkg']
[0.117s] Level 1:colcon.colcon_core.package_identification:_identify(src/visual_pubsub) by extension 'colcon_pkg'
[0.117s] Level 1:colcon.colcon_core.package_identification:_identify(src/visual_pubsub) by extensions ['colcon_meta']
[0.117s] Level 1:colcon.colcon_core.package_identification:_identify(src/visual_pubsub) by extension 'colcon_meta'
[0.117s] Level 1:colcon.colcon_core.package_identification:_identify(src/visual_pubsub) by extensions ['ros']
[0.117s] Level 1:colcon.colcon_core.package_identification:_identify(src/visual_pubsub) by extension 'ros'
[0.117s] DEBUG:colcon.colcon_core.package_identification:Package 'src/visual_pubsub' with type 'ros.ament_python' and name 'visual_pubsub'
[0.117s] Level 1:colcon.colcon_core.package_discovery:discover_packages(recursive) using defaults
[0.117s] Level 1:colcon.colcon_core.package_discovery:discover_packages(ignore) discover
[0.117s] Level 1:colcon.colcon_core.package_discovery:discover_packages(ignore) using defaults
[0.117s] Level 1:colcon.colcon_core.package_discovery:discover_packages(path) discover
[0.117s] Level 1:colcon.colcon_core.package_discovery:discover_packages(path) using defaults
[0.128s] Level 1:colcon.colcon_core.package_discovery:discover_packages(prefix_path) check parameters
[0.129s] Level 1:colcon.colcon_core.package_discovery:discover_packages(prefix_path) discover
[0.130s] DEBUG:colcon.colcon_installed_package_information.package_discovery:Found 2 installed packages in /home/franco/Desktop/Robotica/Parcial/install
[0.131s] DEBUG:colcon.colcon_installed_package_information.package_discovery:Found 337 installed packages in /opt/ros/jazzy
[0.132s] Level 1:colcon.colcon_core.package_discovery:discover_packages(prefix_path) using defaults
[0.160s] Level 5:colcon.colcon_core.verb:set package 'custom_interface' build argument 'cmake_args' from command line to 'None'
[0.160s] Level 5:colcon.colcon_core.verb:set package 'custom_interface' build argument 'cmake_target' from command line to 'None'
[0.160s] Level 5:colcon.colcon_core.verb:set package 'custom_interface' build argument 'cmake_target_skip_unavailable' from command line to 'False'
[0.161s] Level 5:colcon.colcon_core.verb:set package 'custom_interface' build argument 'cmake_clean_cache' from command line to 'False'
[0.161s] Level 5:colcon.colcon_core.verb:set package 'custom_interface' build argument 'cmake_clean_first' from command line to 'False'
[0.161s] Level 5:colcon.colcon_core.verb:set package 'custom_interface' build argument 'cmake_force_configure' from command line to 'False'
[0.161s] Level 5:colcon.colcon_core.verb:set package 'custom_interface' build argument 'ament_cmake_args' from command line to 'None'
[0.161s] Level 5:colcon.colcon_core.verb:set package 'custom_interface' build argument 'catkin_cmake_args' from command line to 'None'
[0.161s] Level 5:colcon.colcon_core.verb:set package 'custom_interface' build argument 'catkin_skip_building_tests' from command line to 'False'
[0.161s] DEBUG:colcon.colcon_core.verb:Building package 'custom_interface' with the following arguments: {'ament_cmake_args': None, 'build_base': '/home/franco/Desktop/Robotica/Parcial/build/custom_interface', 'catkin_cmake_args': None, 'catkin_skip_building_tests': False, 'cmake_args': None, 'cmake_clean_cache': False, 'cmake_clean_first': False, 'cmake_force_configure': False, 'cmake_target': None, 'cmake_target_skip_unavailable': False, 'install_base': '/home/franco/Desktop/Robotica/Parcial/install/custom_interface', 'merge_install': False, 'path': '/home/franco/Desktop/Robotica/Parcial/src/custom_interface', 'symlink_install': False, 'test_result_base': None}
[0.161s] Level 5:colcon.colcon_core.verb:set package 'robot_description' build argument 'cmake_args' from command line to 'None'
[0.161s] Level 5:colcon.colcon_core.verb:set package 'robot_description' build argument 'cmake_target' from command line to 'None'
[0.161s] Level 5:colcon.colcon_core.verb:set package 'robot_description' build argument 'cmake_target_skip_unavailable' from command line to 'False'
[0.161s] Level 5:colcon.colcon_core.verb:set package 'robot_description' build argument 'cmake_clean_cache' from command line to 'False'
[0.161s] Level 5:colcon.colcon_core.verb:set package 'robot_description' build argument 'cmake_clean_first' from command line to 'False'
[0.161s] Level 5:colcon.colcon_core.verb:set package 'robot_description' build argument 'cmake_force_configure' from command line to 'False'
[0.161s] Level 5:colcon.colcon_core.verb:set package 'robot_description' build argument 'ament_cmake_args' from command line to 'None'
[0.161s] Level 5:colcon.colcon_core.verb:set package 'robot_description' build argument 'catkin_cmake_args' from command line to 'None'
[0.161s] Level 5:colcon.colcon_core.verb:set package 'robot_description' build argument 'catkin_skip_building_tests' from command line to 'False'
[0.161s] DEBUG:colcon.colcon_core.verb:Building package 'robot_description' with the following arguments: {'ament_cmake_args': None, 'build_base': '/home/franco/Desktop/Robotica/Parcial/build/robot_description', 'catkin_cmake_args': None, 'catkin_skip_building_tests': False, 'cmake_args': None, 'cmake_clean_cache': False, 'cmake_clean_first': False, 'cmake_force_configure': False, 'cmake_target': None, 'cmake_target_skip_unavailable': False, 'install_base': '/home/franco/Desktop/Robotica/Parcial/install/robot_description', 'merge_install': False, 'path': '/home/franco/Desktop/Robotica/Parcial/src/robot_description', 'symlink_install': False, 'test_result_base': None}
[0.161s] Level 5:colcon.colcon_core.verb:set package 'visual_pubsub' build argument 'cmake_args' from command line to 'None'
[0.161s] Level 5:colcon.colcon_core.verb:set package 'visual_pubsub' build argument 'cmake_target' from command line to 'None'
[0.161s] Level 5:colcon.colcon_core.verb:set package 'visual_pubsub' build argument 'cmake_target_skip_unavailable' from command line to 'False'
[0.161s] Level 5:colcon.colcon_core.verb:set package 'visual_pubsub' build argument 'cmake_clean_cache' from command line to 'False'
[0.161s] Level 5:colcon.colcon_core.verb:set package 'visual_pubsub' build argument 'cmake_clean_first' from command line to 'False'
[0.161s] Level 5:colcon.colcon_core.verb:set package 'visual_pubsub' build argument 'cmake_force_configure' from command line to 'False'
[0.161s] Level 5:colcon.colcon_core.verb:set package 'visual_pubsub' build argument 'ament_cmake_args' from command line to 'None'
[0.161s] Level 5:colcon.colcon_core.verb:set package 'visual_pubsub' build argument 'catkin_cmake_args' from command line to 'None'
[0.161s] Level 5:colcon.colcon_core.verb:set package 'visual_pubsub' build argument 'catkin_skip_building_tests' from command line to 'False'
[0.161s] DEBUG:colcon.colcon_core.verb:Building package 'visual_pubsub' with the following arguments: {'ament_cmake_args': None, 'build_base': '/home/franco/Desktop/Robotica/Parcial/build/visual_pubsub', 'catkin_cmake_args': None, 'catkin_skip_building_tests': False, 'cmake_args': None, 'cmake_clean_cache': False, 'cmake_clean_first': False, 'cmake_force_configure': False, 'cmake_target': None, 'cmake_target_skip_unavailable': False, 'install_base': '/home/franco/Desktop/Robotica/Parcial/install/visual_pubsub', 'merge_install': False, 'path': '/home/franco/Desktop/Robotica/Parcial/src/visual_pubsub', 'symlink_install': False, 'test_result_base': None}
[0.162s] INFO:colcon.colcon_core.executor:Executing jobs using 'parallel' executor
[0.162s] DEBUG:colcon.colcon_parallel_executor.executor.parallel:run_until_complete
[0.162s] INFO:colcon.colcon_ros.task.catkin.build:Building ROS package in '/home/franco/Desktop/Robotica/Parcial/src/custom_interface' with build type 'catkin'
[0.163s] INFO:colcon.colcon_cmake.task.cmake.build:Building CMake package in '/home/franco/Desktop/Robotica/Parcial/src/custom_interface'
[0.164s] INFO:colcon.colcon_core.plugin_system:Skipping extension 'colcon_core.shell.bat': Not used on non-Windows systems
[0.164s] INFO:colcon.colcon_core.shell:Skip shell extension 'powershell' for command environment: Not usable outside of PowerShell
[0.164s] DEBUG:colcon.colcon_core.shell:Skip shell extension 'dsv' for command environment
[0.167s] INFO:colcon.colcon_ros.task.ament_cmake.build:Building ROS package in '/home/franco/Desktop/Robotica/Parcial/src/robot_description' with build type 'ament_cmake'
[0.167s] INFO:colcon.colcon_cmake.task.cmake.build:Building CMake package in '/home/franco/Desktop/Robotica/Parcial/src/robot_description'
[0.167s] INFO:colcon.colcon_core.shell:Skip shell extension 'powershell' for command environment: Not usable outside of PowerShell
[0.167s] DEBUG:colcon.colcon_core.shell:Skip shell extension 'dsv' for command environment
[0.172s] DEBUG:colcon.colcon_core.event_handler.log_command:Invoking command in '/home/franco/Desktop/Robotica/Parcial/build/custom_interface': DEBUGINFOD_URLS=https://debuginfod.ubuntu.com /usr/bin/cmake /home/franco/Desktop/Robotica/Parcial/src/custom_interface -DCATKIN_INSTALL_INTO_PREFIX_ROOT=0 -DCMAKE_INSTALL_PREFIX=/home/franco/Desktop/Robotica/Parcial/install/custom_interface
[0.174s] DEBUG:colcon.colcon_core.event_handler.log_command:Invoking command in '/home/franco/Desktop/Robotica/Parcial/build/robot_description': CMAKE_PREFIX_PATH=/home/franco/Desktop/Robotica/Parcial/install/visual_pubsub:/opt/ros/jazzy:${CMAKE_PREFIX_PATH} DEBUGINFOD_URLS=https://debuginfod.ubuntu.com /usr/bin/cmake /home/franco/Desktop/Robotica/Parcial/src/robot_description -DCMAKE_INSTALL_PREFIX=/home/franco/Desktop/Robotica/Parcial/install/robot_description
[0.647s] DEBUG:colcon.colcon_core.event_handler.log_command:Invoked command in '/home/franco/Desktop/Robotica/Parcial/build/robot_description' returned '0': CMAKE_PREFIX_PATH=/home/franco/Desktop/Robotica/Parcial/install/visual_pubsub:/opt/ros/jazzy:${CMAKE_PREFIX_PATH} DEBUGINFOD_URLS=https://debuginfod.ubuntu.com /usr/bin/cmake /home/franco/Desktop/Robotica/Parcial/src/robot_description -DCMAKE_INSTALL_PREFIX=/home/franco/Desktop/Robotica/Parcial/install/robot_description
[0.648s] DEBUG:colcon.colcon_core.event_handler.log_command:Invoking command in '/home/franco/Desktop/Robotica/Parcial/build/robot_description': CMAKE_PREFIX_PATH=/home/franco/Desktop/Robotica/Parcial/install/visual_pubsub:/opt/ros/jazzy:${CMAKE_PREFIX_PATH} DEBUGINFOD_URLS=https://debuginfod.ubuntu.com /usr/bin/cmake --build /home/franco/Desktop/Robotica/Parcial/build/robot_description -- -j16 -l16
[0.677s] DEBUG:colcon.colcon_core.event_handler.log_command:Invoked command in '/home/franco/Desktop/Robotica/Parcial/build/robot_description' returned '0': CMAKE_PREFIX_PATH=/home/franco/Desktop/Robotica/Parcial/install/visual_pubsub:/opt/ros/jazzy:${CMAKE_PREFIX_PATH} DEBUGINFOD_URLS=https://debuginfod.ubuntu.com /usr/bin/cmake --build /home/franco/Desktop/Robotica/Parcial/build/robot_description -- -j16 -l16
[0.684s] DEBUG:colcon.colcon_core.event_handler.log_command:Invoking command in '/home/franco/Desktop/Robotica/Parcial/build/robot_description': CMAKE_PREFIX_PATH=/home/franco/Desktop/Robotica/Parcial/install/visual_pubsub:/opt/ros/jazzy:${CMAKE_PREFIX_PATH} DEBUGINFOD_URLS=https://debuginfod.ubuntu.com /usr/bin/cmake --install /home/franco/Desktop/Robotica/Parcial/build/robot_description
[0.712s] Level 1:colcon.colcon_core.environment:create_environment_scripts_only(robot_description)
[0.712s] DEBUG:colcon.colcon_core.event_handler.log_command:Invoked command in '/home/franco/Desktop/Robotica/Parcial/build/robot_description' returned '0': CMAKE_PREFIX_PATH=/home/franco/Desktop/Robotica/Parcial/install/visual_pubsub:/opt/ros/jazzy:${CMAKE_PREFIX_PATH} DEBUGINFOD_URLS=https://debuginfod.ubuntu.com /usr/bin/cmake --install /home/franco/Desktop/Robotica/Parcial/build/robot_description
[0.713s] Level 1:colcon.colcon_core.environment:checking '/home/franco/Desktop/Robotica/Parcial/install/robot_description' for CMake module files
[0.713s] Level 1:colcon.colcon_core.environment:checking '/home/franco/Desktop/Robotica/Parcial/install/robot_description' for CMake config files
[0.714s] Level 1:colcon.colcon_core.shell:create_environment_hook('robot_description', 'cmake_prefix_path')
[0.714s] INFO:colcon.colcon_core.shell:Creating environment hook '/home/franco/Desktop/Robotica/Parcial/install/robot_description/share/robot_description/hook/cmake_prefix_path.ps1'
[0.714s] INFO:colcon.colcon_core.shell:Creating environment descriptor '/home/franco/Desktop/Robotica/Parcial/install/robot_description/share/robot_description/hook/cmake_prefix_path.dsv'
[0.714s] INFO:colcon.colcon_core.shell:Creating environment hook '/home/franco/Desktop/Robotica/Parcial/install/robot_description/share/robot_description/hook/cmake_prefix_path.sh'
[0.715s] Level 1:colcon.colcon_core.environment:checking '/home/franco/Desktop/Robotica/Parcial/install/robot_description/bin'
[0.715s] Level 1:colcon.colcon_core.environment:checking '/home/franco/Desktop/Robotica/Parcial/install/robot_description/lib/pkgconfig/robot_description.pc'
[0.715s] Level 1:colcon.colcon_core.environment:checking '/home/franco/Desktop/Robotica/Parcial/install/robot_description/lib/python3.12/site-packages'
[0.715s] Level 1:colcon.colcon_core.environment:checking '/home/franco/Desktop/Robotica/Parcial/install/robot_description/bin'
[0.715s] INFO:colcon.colcon_core.shell:Creating package script '/home/franco/Desktop/Robotica/Parcial/install/robot_description/share/robot_description/package.ps1'
[0.716s] INFO:colcon.colcon_core.shell:Creating package descriptor '/home/franco/Desktop/Robotica/Parcial/install/robot_description/share/robot_description/package.dsv'
[0.716s] INFO:colcon.colcon_core.shell:Creating package script '/home/franco/Desktop/Robotica/Parcial/install/robot_description/share/robot_description/package.sh'
[0.717s] INFO:colcon.colcon_core.shell:Creating package script '/home/franco/Desktop/Robotica/Parcial/install/robot_description/share/robot_description/package.bash'
[0.717s] INFO:colcon.colcon_core.shell:Creating package script '/home/franco/Desktop/Robotica/Parcial/install/robot_description/share/robot_description/package.zsh'
[0.717s] Level 1:colcon.colcon_core.environment:create_file_with_runtime_dependencies(/home/franco/Desktop/Robotica/Parcial/install/robot_description/share/colcon-core/packages/robot_description)
[0.718s] Level 1:colcon.colcon_core.environment:create_environment_scripts_only(robot_description)
[0.718s] Level 1:colcon.colcon_core.environment:checking '/home/franco/Desktop/Robotica/Parcial/install/robot_description' for CMake module files
[0.718s] Level 1:colcon.colcon_core.environment:checking '/home/franco/Desktop/Robotica/Parcial/install/robot_description' for CMake config files
[0.718s] Level 1:colcon.colcon_core.shell:create_environment_hook('robot_description', 'cmake_prefix_path')
[0.718s] INFO:colcon.colcon_core.shell:Creating environment hook '/home/franco/Desktop/Robotica/Parcial/install/robot_description/share/robot_description/hook/cmake_prefix_path.ps1'
[0.718s] INFO:colcon.colcon_core.shell:Creating environment descriptor '/home/franco/Desktop/Robotica/Parcial/install/robot_description/share/robot_description/hook/cmake_prefix_path.dsv'
[0.719s] INFO:colcon.colcon_core.shell:Creating environment hook '/home/franco/Desktop/Robotica/Parcial/install/robot_description/share/robot_description/hook/cmake_prefix_path.sh'
[0.719s] Level 1:colcon.colcon_core.environment:checking '/home/franco/Desktop/Robotica/Parcial/install/robot_description/bin'
[0.719s] Level 1:colcon.colcon_core.environment:checking '/home/franco/Desktop/Robotica/Parcial/install/robot_description/lib/pkgconfig/robot_description.pc'
[0.719s] Level 1:colcon.colcon_core.environment:checking '/home/franco/Desktop/Robotica/Parcial/install/robot_description/lib/python3.12/site-packages'
[0.719s] Level 1:colcon.colcon_core.environment:checking '/home/franco/Desktop/Robotica/Parcial/install/robot_description/bin'
[0.719s] INFO:colcon.colcon_core.shell:Creating package script '/home/franco/Desktop/Robotica/Parcial/install/robot_description/share/robot_description/package.ps1'
[0.720s] INFO:colcon.colcon_core.shell:Creating package descriptor '/home/franco/Desktop/Robotica/Parcial/install/robot_description/share/robot_description/package.dsv'
[0.720s] INFO:colcon.colcon_core.shell:Creating package script '/home/franco/Desktop/Robotica/Parcial/install/robot_description/share/robot_description/package.sh'
[0.720s] INFO:colcon.colcon_core.shell:Creating package script '/home/franco/Desktop/Robotica/Parcial/install/robot_description/share/robot_description/package.bash'
[0.720s] INFO:colcon.colcon_core.shell:Creating package script '/home/franco/Desktop/Robotica/Parcial/install/robot_description/share/robot_description/package.zsh'
[0.721s] Level 1:colcon.colcon_core.environment:create_file_with_runtime_dependencies(/home/franco/Desktop/Robotica/Parcial/install/robot_description/share/colcon-core/packages/robot_description)
[1.095s] DEBUG:colcon.colcon_core.event_handler.log_command:Invoked command in '/home/franco/Desktop/Robotica/Parcial/build/custom_interface' returned '0': DEBUGINFOD_URLS=https://debuginfod.ubuntu.com /usr/bin/cmake /home/franco/Desktop/Robotica/Parcial/src/custom_interface -DCATKIN_INSTALL_INTO_PREFIX_ROOT=0 -DCMAKE_INSTALL_PREFIX=/home/franco/Desktop/Robotica/Parcial/install/custom_interface
[1.096s] DEBUG:colcon.colcon_core.event_handler.log_command:Invoking command in '/home/franco/Desktop/Robotica/Parcial/build/custom_interface': DEBUGINFOD_URLS=https://debuginfod.ubuntu.com /usr/bin/cmake --build /home/franco/Desktop/Robotica/Parcial/build/custom_interface -- -j16 -l16
[1.408s] DEBUG:colcon.colcon_core.event_handler.log_command:Invoked command in '/home/franco/Desktop/Robotica/Parcial/build/custom_interface' returned '0': DEBUGINFOD_URLS=https://debuginfod.ubuntu.com /usr/bin/cmake --build /home/franco/Desktop/Robotica/Parcial/build/custom_interface -- -j16 -l16
[1.409s] DEBUG:colcon.colcon_core.event_handler.log_command:Invoking command in '/home/franco/Desktop/Robotica/Parcial/build/custom_interface': DEBUGINFOD_URLS=https://debuginfod.ubuntu.com /usr/bin/cmake --install /home/franco/Desktop/Robotica/Parcial/build/custom_interface
[1.450s] DEBUG:colcon.colcon_core.event_handler.log_command:Invoked command in '/home/franco/Desktop/Robotica/Parcial/build/custom_interface' returned '0': DEBUGINFOD_URLS=https://debuginfod.ubuntu.com /usr/bin/cmake --install /home/franco/Desktop/Robotica/Parcial/build/custom_interface
[1.450s] Level 1:colcon.colcon_core.shell:create_environment_hook('custom_interface', 'ros_package_path')
[1.450s] INFO:colcon.colcon_core.shell:Creating environment hook '/home/franco/Desktop/Robotica/Parcial/install/custom_interface/share/custom_interface/hook/ros_package_path.ps1'
[1.451s] INFO:colcon.colcon_core.shell:Creating environment descriptor '/home/franco/Desktop/Robotica/Parcial/install/custom_interface/share/custom_interface/hook/ros_package_path.dsv'
[1.451s] INFO:colcon.colcon_core.shell:Creating environment hook '/home/franco/Desktop/Robotica/Parcial/install/custom_interface/share/custom_interface/hook/ros_package_path.sh'
[1.451s] Level 1:colcon.colcon_ros.task.catkin:checking '/home/franco/Desktop/Robotica/Parcial/install/custom_interface/lib/python3.12/site-packages'
[1.451s] Level 1:colcon.colcon_core.shell:create_environment_hook('custom_interface', 'catkin_pythonpath')
[1.451s] INFO:colcon.colcon_core.shell:Creating environment hook '/home/franco/Desktop/Robotica/Parcial/install/custom_interface/share/custom_interface/hook/catkin_pythonpath.ps1'
[1.452s] INFO:colcon.colcon_core.shell:Creating environment descriptor '/home/franco/Desktop/Robotica/Parcial/install/custom_interface/share/custom_interface/hook/catkin_pythonpath.dsv'
[1.452s] INFO:colcon.colcon_core.shell:Creating environment hook '/home/franco/Desktop/Robotica/Parcial/install/custom_interface/share/custom_interface/hook/catkin_pythonpath.sh'
[1.452s] Level 1:colcon.colcon_core.shell:create_environment_hook('custom_interface', 'pkg_config_path')
[1.452s] INFO:colcon.colcon_core.shell:Creating environment hook '/home/franco/Desktop/Robotica/Parcial/install/custom_interface/share/custom_interface/hook/pkg_config_path.ps1'
[1.452s] INFO:colcon.colcon_core.shell:Creating environment descriptor '/home/franco/Desktop/Robotica/Parcial/install/custom_interface/share/custom_interface/hook/pkg_config_path.dsv'
[1.453s] INFO:colcon.colcon_core.shell:Creating environment hook '/home/franco/Desktop/Robotica/Parcial/install/custom_interface/share/custom_interface/hook/pkg_config_path.sh'
[1.454s] Level 1:colcon.colcon_core.shell:create_environment_hook('custom_interface', 'pkg_config_path_multiarch')
[1.454s] INFO:colcon.colcon_core.shell:Creating environment hook '/home/franco/Desktop/Robotica/Parcial/install/custom_interface/share/custom_interface/hook/pkg_config_path_multiarch.ps1'
[1.454s] INFO:colcon.colcon_core.shell:Creating environment descriptor '/home/franco/Desktop/Robotica/Parcial/install/custom_interface/share/custom_interface/hook/pkg_config_path_multiarch.dsv'
[1.454s] INFO:colcon.colcon_core.shell:Creating environment hook '/home/franco/Desktop/Robotica/Parcial/install/custom_interface/share/custom_interface/hook/pkg_config_path_multiarch.sh'
[1.455s] Level 1:colcon.colcon_core.environment:create_environment_scripts_only(custom_interface)
[1.455s] Level 1:colcon.colcon_core.environment:checking '/home/franco/Desktop/Robotica/Parcial/install/custom_interface' for CMake module files
[1.455s] Level 1:colcon.colcon_core.environment:checking '/home/franco/Desktop/Robotica/Parcial/install/custom_interface' for CMake config files
[1.455s] Level 1:colcon.colcon_core.shell:create_environment_hook('custom_interface', 'cmake_prefix_path')
[1.456s] INFO:colcon.colcon_core.shell:Creating environment hook '/home/franco/Desktop/Robotica/Parcial/install/custom_interface/share/custom_interface/hook/cmake_prefix_path.ps1'
[1.456s] INFO:colcon.colcon_core.shell:Creating environment descriptor '/home/franco/Desktop/Robotica/Parcial/install/custom_interface/share/custom_interface/hook/cmake_prefix_path.dsv'
[1.456s] INFO:colcon.colcon_core.shell:Creating environment hook '/home/franco/Desktop/Robotica/Parcial/install/custom_interface/share/custom_interface/hook/cmake_prefix_path.sh'
[1.456s] Level 1:colcon.colcon_core.environment:checking '/home/franco/Desktop/Robotica/Parcial/install/custom_interface/lib'
[1.456s] Level 1:colcon.colcon_core.shell:create_environment_hook('custom_interface', 'ld_library_path_lib')
[1.457s] INFO:colcon.colcon_core.shell:Creating environment hook '/home/franco/Desktop/Robotica/Parcial/install/custom_interface/share/custom_interface/hook/ld_library_path_lib.ps1'
[1.457s] INFO:colcon.colcon_core.shell:Creating environment descriptor '/home/franco/Desktop/Robotica/Parcial/install/custom_interface/share/custom_interface/hook/ld_library_path_lib.dsv'
[1.457s] INFO:colcon.colcon_core.shell:Creating environment hook '/home/franco/Desktop/Robotica/Parcial/install/custom_interface/share/custom_interface/hook/ld_library_path_lib.sh'
[1.457s] Level 1:colcon.colcon_core.environment:checking '/home/franco/Desktop/Robotica/Parcial/install/custom_interface/bin'
[1.457s] Level 1:colcon.colcon_core.environment:checking '/home/franco/Desktop/Robotica/Parcial/install/custom_interface/lib/pkgconfig/custom_interface.pc'
[1.457s] Level 1:colcon.colcon_core.environment:checking '/home/franco/Desktop/Robotica/Parcial/install/custom_interface/lib/python3.12/site-packages'
[1.457s] Level 1:colcon.colcon_core.shell:create_environment_hook('custom_interface', 'pythonpath')
[1.458s] INFO:colcon.colcon_core.shell:Creating environment hook '/home/franco/Desktop/Robotica/Parcial/install/custom_interface/share/custom_interface/hook/pythonpath.ps1'
[1.458s] INFO:colcon.colcon_core.shell:Creating environment descriptor '/home/franco/Desktop/Robotica/Parcial/install/custom_interface/share/custom_interface/hook/pythonpath.dsv'
[1.458s] INFO:colcon.colcon_core.shell:Creating environment hook '/home/franco/Desktop/Robotica/Parcial/install/custom_interface/share/custom_interface/hook/pythonpath.sh'
[1.458s] Level 1:colcon.colcon_core.environment:checking '/home/franco/Desktop/Robotica/Parcial/install/custom_interface/bin'
[1.459s] INFO:colcon.colcon_core.shell:Creating package script '/home/franco/Desktop/Robotica/Parcial/install/custom_interface/share/custom_interface/package.ps1'
[1.459s] INFO:colcon.colcon_core.shell:Creating package descriptor '/home/franco/Desktop/Robotica/Parcial/install/custom_interface/share/custom_interface/package.dsv'
[1.459s] INFO:colcon.colcon_core.shell:Creating package script '/home/franco/Desktop/Robotica/Parcial/install/custom_interface/share/custom_interface/package.sh'
[1.460s] INFO:colcon.colcon_core.shell:Creating package script '/home/franco/Desktop/Robotica/Parcial/install/custom_interface/share/custom_interface/package.bash'
[1.460s] INFO:colcon.colcon_core.shell:Creating package script '/home/franco/Desktop/Robotica/Parcial/install/custom_interface/share/custom_interface/package.zsh'
[1.460s] Level 1:colcon.colcon_core.environment:create_file_with_runtime_dependencies(/home/franco/Desktop/Robotica/Parcial/install/custom_interface/share/colcon-core/packages/custom_interface)
[1.460s] INFO:colcon.colcon_ros.task.ament_python.build:Building ROS package in '/home/franco/Desktop/Robotica/Parcial/src/visual_pubsub' with build type 'ament_python'
[1.460s] Level 1:colcon.colcon_core.shell:create_environment_hook('visual_pubsub', 'ament_prefix_path')
[1.460s] INFO:colcon.colcon_core.shell:Creating environment hook '/home/franco/Desktop/Robotica/Parcial/install/visual_pubsub/share/visual_pubsub/hook/ament_prefix_path.ps1'
[1.461s] INFO:colcon.colcon_core.shell:Creating environment descriptor '/home/franco/Desktop/Robotica/Parcial/install/visual_pubsub/share/visual_pubsub/hook/ament_prefix_path.dsv'
[1.461s] INFO:colcon.colcon_core.shell:Creating environment hook '/home/franco/Desktop/Robotica/Parcial/install/visual_pubsub/share/visual_pubsub/hook/ament_prefix_path.sh'
[1.461s] INFO:colcon.colcon_core.shell:Skip shell extension 'powershell' for command environment: Not usable outside of PowerShell
[1.461s] DEBUG:colcon.colcon_core.shell:Skip shell extension 'dsv' for command environment
[1.623s] INFO:colcon.colcon_core.task.python.build:Building Python package in '/home/franco/Desktop/Robotica/Parcial/src/visual_pubsub'
[1.624s] INFO:colcon.colcon_core.shell:Skip shell extension 'powershell' for command environment: Not usable outside of PowerShell
[1.624s] DEBUG:colcon.colcon_core.shell:Skip shell extension 'dsv' for command environment
[2.141s] DEBUG:colcon.colcon_core.event_handler.log_command:Invoking command in '/home/franco/Desktop/Robotica/Parcial/build/visual_pubsub': DEBUGINFOD_URLS=https://debuginfod.ubuntu.com PYTHONPATH=/home/franco/Desktop/Robotica/Parcial/build/visual_pubsub/prefix_override:/usr/lib/python3/dist-packages/colcon_core/task/python/colcon_distutils_commands:/home/franco/Desktop/Robotica/Parcial/install/visual_pubsub/lib/python3.12/site-packages:/home/franco/Desktop/Robotica/Parcial/install/custom_interface/lib/python3.12/site-packages:/home/franco/Desktop/Robotica/Parcial/build/visual_pubsub:/home/franco/Desktop/Robotica/Parcial/install/visual_pubsub/lib/python3.12/site-packages:/opt/ros/jazzy/lib/python3.12/site-packages /usr/bin/python3 -W ignore:setup.py install is deprecated -W ignore:easy_install command is deprecated setup.py develop --uninstall --editable --build-directory /home/franco/Desktop/Robotica/Parcial/build/visual_pubsub/build
[2.585s] DEBUG:colcon.colcon_core.event_handler.log_command:Invoked command in '/home/franco/Desktop/Robotica/Parcial/build/visual_pubsub' returned '0': DEBUGINFOD_URLS=https://debuginfod.ubuntu.com PYTHONPATH=/home/franco/Desktop/Robotica/Parcial/build/visual_pubsub/prefix_override:/usr/lib/python3/dist-packages/colcon_core/task/python/colcon_distutils_commands:/home/franco/Desktop/Robotica/Parcial/install/visual_pubsub/lib/python3.12/site-packages:/home/franco/Desktop/Robotica/Parcial/install/custom_interface/lib/python3.12/site-packages:/home/franco/Desktop/Robotica/Parcial/build/visual_pubsub:/home/franco/Desktop/Robotica/Parcial/install/visual_pubsub/lib/python3.12/site-packages:/opt/ros/jazzy/lib/python3.12/site-packages /usr/bin/python3 -W ignore:setup.py install is deprecated -W ignore:easy_install command is deprecated setup.py develop --uninstall --editable --build-directory /home/franco/Desktop/Robotica/Parcial/build/visual_pubsub/build
[2.586s] DEBUG:colcon.colcon_core.event_handler.log_command:Invoking command in '/home/franco/Desktop/Robotica/Parcial/src/visual_pubsub': DEBUGINFOD_URLS=https://debuginfod.ubuntu.com PYTHONPATH=/home/franco/Desktop/Robotica/Parcial/build/visual_pubsub/prefix_override:/usr/lib/python3/dist-packages/colcon_core/task/python/colcon_distutils_commands:/home/franco/Desktop/Robotica/Parcial/install/visual_pubsub/lib/python3.12/site-packages:/home/franco/Desktop/Robotica/Parcial/install/custom_interface/lib/python3.12/site-packages:/home/franco/Desktop/Robotica/Parcial/build/visual_pubsub:/home/franco/Desktop/Robotica/Parcial/install/visual_pubsub/lib/python3.12/site-packages:/opt/ros/jazzy/lib/python3.12/site-packages /usr/bin/python3 -W ignore:setup.py install is deprecated -W ignore:easy_install command is deprecated setup.py egg_info --egg-base ../../build/visual_pubsub build --build-base /home/franco/Desktop/Robotica/Parcial/build/visual_pubsub/build install --record /home/franco/Desktop/Robotica/Parcial/build/visual_pubsub/install.log --single-version-externally-managed install_data --force
[3.023s] Level 1:colcon.colcon_core.environment:checking '/home/franco/Desktop/Robotica/Parcial/install/visual_pubsub' for CMake module files
[3.024s] DEBUG:colcon.colcon_core.event_handler.log_command:Invoked command in '/home/franco/Desktop/Robotica/Parcial/src/visual_pubsub' returned '0': DEBUGINFOD_URLS=https://debuginfod.ubuntu.com PYTHONPATH=/home/franco/Desktop/Robotica/Parcial/build/visual_pubsub/prefix_override:/usr/lib/python3/dist-packages/colcon_core/task/python/colcon_distutils_commands:/home/franco/Desktop/Robotica/Parcial/install/visual_pubsub/lib/python3.12/site-packages:/home/franco/Desktop/Robotica/Parcial/install/custom_interface/lib/python3.12/site-packages:/home/franco/Desktop/Robotica/Parcial/build/visual_pubsub:/home/franco/Desktop/Robotica/Parcial/install/visual_pubsub/lib/python3.12/site-packages:/opt/ros/jazzy/lib/python3.12/site-packages /usr/bin/python3 -W ignore:setup.py install is deprecated -W ignore:easy_install command is deprecated setup.py egg_info --egg-base ../../build/visual_pubsub build --build-base /home/franco/Desktop/Robotica/Parcial/build/visual_pubsub/build install --record /home/franco/Desktop/Robotica/Parcial/build/visual_pubsub/install.log --single-version-externally-managed install_data --force
[3.024s] Level 1:colcon.colcon_core.environment:checking '/home/franco/Desktop/Robotica/Parcial/install/visual_pubsub' for CMake config files
[3.025s] Level 1:colcon.colcon_core.environment:checking '/home/franco/Desktop/Robotica/Parcial/install/visual_pubsub/lib'
[3.025s] Level 1:colcon.colcon_core.environment:checking '/home/franco/Desktop/Robotica/Parcial/install/visual_pubsub/bin'
[3.025s] Level 1:colcon.colcon_core.environment:checking '/home/franco/Desktop/Robotica/Parcial/install/visual_pubsub/lib/pkgconfig/visual_pubsub.pc'
[3.025s] Level 1:colcon.colcon_core.environment:checking '/home/franco/Desktop/Robotica/Parcial/install/visual_pubsub/lib/python3.12/site-packages'
[3.025s] Level 1:colcon.colcon_core.shell:create_environment_hook('visual_pubsub', 'pythonpath')
[3.025s] INFO:colcon.colcon_core.shell:Creating environment hook '/home/franco/Desktop/Robotica/Parcial/install/visual_pubsub/share/visual_pubsub/hook/pythonpath.ps1'
[3.025s] INFO:colcon.colcon_core.shell:Creating environment descriptor '/home/franco/Desktop/Robotica/Parcial/install/visual_pubsub/share/visual_pubsub/hook/pythonpath.dsv'
[3.026s] INFO:colcon.colcon_core.shell:Creating environment hook '/home/franco/Desktop/Robotica/Parcial/install/visual_pubsub/share/visual_pubsub/hook/pythonpath.sh'
[3.026s] Level 1:colcon.colcon_core.environment:checking '/home/franco/Desktop/Robotica/Parcial/install/visual_pubsub/bin'
[3.026s] Level 1:colcon.colcon_core.environment:create_environment_scripts_only(visual_pubsub)
[3.026s] INFO:colcon.colcon_core.shell:Creating package script '/home/franco/Desktop/Robotica/Parcial/install/visual_pubsub/share/visual_pubsub/package.ps1'
[3.027s] INFO:colcon.colcon_core.shell:Creating package descriptor '/home/franco/Desktop/Robotica/Parcial/install/visual_pubsub/share/visual_pubsub/package.dsv'
[3.027s] INFO:colcon.colcon_core.shell:Creating package script '/home/franco/Desktop/Robotica/Parcial/install/visual_pubsub/share/visual_pubsub/package.sh'
[3.027s] INFO:colcon.colcon_core.shell:Creating package script '/home/franco/Desktop/Robotica/Parcial/install/visual_pubsub/share/visual_pubsub/package.bash'
[3.027s] INFO:colcon.colcon_core.shell:Creating package script '/home/franco/Desktop/Robotica/Parcial/install/visual_pubsub/share/visual_pubsub/package.zsh'
[3.028s] Level 1:colcon.colcon_core.environment:create_file_with_runtime_dependencies(/home/franco/Desktop/Robotica/Parcial/install/visual_pubsub/share/colcon-core/packages/visual_pubsub)
[3.028s] DEBUG:colcon.colcon_parallel_executor.executor.parallel:closing loop
[3.028s] DEBUG:colcon.colcon_parallel_executor.executor.parallel:loop closed
[3.028s] DEBUG:colcon.colcon_parallel_executor.executor.parallel:run_until_complete finished with '0'
[3.028s] DEBUG:colcon.colcon_core.event_reactor:joining thread
[3.032s] INFO:colcon.colcon_core.plugin_system:Skipping extension 'colcon_notification.desktop_notification.terminal_notifier': Not used on non-Darwin systems
[3.032s] INFO:colcon.colcon_core.plugin_system:Skipping extension 'colcon_notification.desktop_notification.win32': Not used on non-Windows systems
[3.032s] INFO:colcon.colcon_notification.desktop_notification:Sending desktop notification using 'notify2'
[3.041s] DEBUG:colcon.colcon_core.event_reactor:joined thread
[3.041s] INFO:colcon.colcon_core.shell:Creating prefix script '/home/franco/Desktop/Robotica/Parcial/install/local_setup.ps1'
[3.042s] INFO:colcon.colcon_core.shell:Creating prefix util module '/home/franco/Desktop/Robotica/Parcial/install/_local_setup_util_ps1.py'
[3.042s] INFO:colcon.colcon_core.shell:Creating prefix chain script '/home/franco/Desktop/Robotica/Parcial/install/setup.ps1'
[3.043s] INFO:colcon.colcon_core.shell:Creating prefix script '/home/franco/Desktop/Robotica/Parcial/install/local_setup.sh'
[3.043s] INFO:colcon.colcon_core.shell:Creating prefix util module '/home/franco/Desktop/Robotica/Parcial/install/_local_setup_util_sh.py'
[3.044s] INFO:colcon.colcon_core.shell:Creating prefix chain script '/home/franco/Desktop/Robotica/Parcial/install/setup.sh'
[3.044s] INFO:colcon.colcon_core.shell:Creating prefix script '/home/franco/Desktop/Robotica/Parcial/install/local_setup.bash'
[3.044s] INFO:colcon.colcon_core.shell:Creating prefix chain script '/home/franco/Desktop/Robotica/Parcial/install/setup.bash'
[3.045s] INFO:colcon.colcon_core.shell:Creating prefix script '/home/franco/Desktop/Robotica/Parcial/install/local_setup.zsh'
[3.045s] INFO:colcon.colcon_core.shell:Creating prefix chain script '/home/franco/Desktop/Robotica/Parcial/install/setup.zsh'
