[0.074s] DEBUG:colcon:Command line arguments: ['/usr/bin/colcon', 'build']
[0.074s] DEBUG:colcon:Parsed command line arguments: Namespace(log_base=None, log_level=None, verb_name='build', build_base='build', install_base='install', merge_install=False, symlink_install=False, test_result_base=None, continue_on_error=False, executor='parallel', parallel_workers=16, event_handlers=None, ignore_user_meta=False, metas=['./colcon.meta'], base_paths=['.'], packages_ignore=None, packages_ignore_regex=None, paths=None, packages_up_to=None, packages_up_to_regex=None, packages_above=None, packages_above_and_dependencies=None, packages_above_depth=None, packages_select_by_dep=None, packages_skip_by_dep=None, packages_skip_up_to=None, packages_select_build_failed=False, packages_skip_build_finished=False, packages_select_test_failures=False, packages_skip_test_passed=False, packages_select=None, packages_skip=None, packages_select_regex=None, packages_skip_regex=None, packages_start=None, packages_end=None, allow_overriding=[], cmake_args=None, cmake_target=None, cmake_target_skip_unavailable=False, cmake_clean_cache=False, cmake_clean_first=False, cmake_force_configure=False, ament_cmake_args=None, catkin_cmake_args=None, catkin_skip_building_tests=False, mixin_files=None, mixin=None, verb_parser=<colcon_mixin.mixin.mixin_argument.MixinArgumentDecorator object at 0x7e31cfcb5970>, verb_extension=<colcon_core.verb.build.BuildVerb object at 0x7e31cfdd5d60>, main=<bound method BuildVerb.main of <colcon_core.verb.build.BuildVerb object at 0x7e31cfdd5d60>>, mixin_verb=('build',))
[0.098s] Level 1:colcon.colcon_core.package_discovery:discover_packages(colcon_meta) check parameters
[0.098s] Level 1:colcon.colcon_core.package_discovery:discover_packages(recursive) check parameters
[0.098s] Level 1:colcon.colcon_core.package_discovery:discover_packages(ignore) check parameters
[0.098s] Level 1:colcon.colcon_core.package_discovery:discover_packages(path) check parameters
[0.098s] Level 1:colcon.colcon_core.package_discovery:discover_packages(colcon_meta) discover
[0.098s] Level 1:colcon.colcon_core.package_discovery:discover_packages(recursive) discover
[0.098s] INFO:colcon.colcon_core.package_discovery:Crawling recursively for packages in '/home/franco/Desktop/Robotica/Parcial'
[0.099s] Level 1:colcon.colcon_core.package_identification:_identify(.) by extensions ['ignore', 'ignore_ament_install']
[0.099s] Level 1:colcon.colcon_core.package_identification:_identify(.) by extension 'ignore'
[0.099s] Level 1:colcon.colcon_core.package_identification:_identify(.) by extension 'ignore_ament_install'
[0.099s] Level 1:colcon.colcon_core.package_identification:_identify(.) by extensions ['colcon_pkg']
[0.099s] Level 1:colcon.colcon_core.package_identification:_identify(.) by extension 'colcon_pkg'
[0.099s] Level 1:colcon.colcon_core.package_identification:_identify(.) by extensions ['colcon_meta']
[0.099s] Level 1:colcon.colcon_core.package_identification:_identify(.) by extension 'colcon_meta'
[0.099s] Level 1:colcon.colcon_core.package_identification:_identify(.) by extensions ['ros']
[0.099s] Level 1:colcon.colcon_core.package_identification:_identify(.) by extension 'ros'
[0.115s] Level 1:colcon.colcon_core.package_identification:_identify(.) by extensions ['cmake', 'python']
[0.115s] Level 1:colcon.colcon_core.package_identification:_identify(.) by extension 'cmake'
[0.115s] Level 1:colcon.colcon_core.package_identification:_identify(.) by extension 'python'
[0.115s] Level 1:colcon.colcon_core.package_identification:_identify(.) by extensions ['python_setup_py']
[0.115s] Level 1:colcon.colcon_core.package_identification:_identify(.) by extension 'python_setup_py'
[0.115s] Level 1:colcon.colcon_core.package_identification:_identify(build) by extensions ['ignore', 'ignore_ament_install']
[0.115s] Level 1:colcon.colcon_core.package_identification:_identify(build) by extension 'ignore'
[0.116s] Level 1:colcon.colcon_core.package_identification:_identify(build) ignored
[0.116s] Level 1:colcon.colcon_core.package_identification:_identify(install) by extensions ['ignore', 'ignore_ament_install']
[0.116s] Level 1:colcon.colcon_core.package_identification:_identify(install) by extension 'ignore'
[0.116s] Level 1:colcon.colcon_core.package_identification:_identify(install) ignored
[0.116s] Level 1:colcon.colcon_core.package_identification:_identify(log) by extensions ['ignore', 'ignore_ament_install']
[0.116s] Level 1:colcon.colcon_core.package_identification:_identify(log) by extension 'ignore'
[0.116s] Level 1:colcon.colcon_core.package_identification:_identify(log) ignored
[0.116s] Level 1:colcon.colcon_core.package_identification:_identify(src) by extensions ['ignore', 'ignore_ament_install']
[0.116s] Level 1:colcon.colcon_core.package_identification:_identify(src) by extension 'ignore'
[0.116s] Level 1:colcon.colcon_core.package_identification:_identify(src) by extension 'ignore_ament_install'
[0.116s] Level 1:colcon.colcon_core.package_identification:_identify(src) by extensions ['colcon_pkg']
[0.116s] Level 1:colcon.colcon_core.package_identification:_identify(src) by extension 'colcon_pkg'
[0.116s] Level 1:colcon.colcon_core.package_identification:_identify(src) by extensions ['colcon_meta']
[0.116s] Level 1:colcon.colcon_core.package_identification:_identify(src) by extension 'colcon_meta'
[0.116s] Level 1:colcon.colcon_core.package_identification:_identify(src) by extensions ['ros']
[0.116s] Level 1:colcon.colcon_core.package_identification:_identify(src) by extension 'ros'
[0.116s] Level 1:colcon.colcon_core.package_identification:_identify(src) by extensions ['cmake', 'python']
[0.116s] Level 1:colcon.colcon_core.package_identification:_identify(src) by extension 'cmake'
[0.116s] Level 1:colcon.colcon_core.package_identification:_identify(src) by extension 'python'
[0.116s] Level 1:colcon.colcon_core.package_identification:_identify(src) by extensions ['python_setup_py']
[0.116s] Level 1:colcon.colcon_core.package_identification:_identify(src) by extension 'python_setup_py'
[0.116s] Level 1:colcon.colcon_core.package_identification:_identify(src/custom_interface) by extensions ['ignore', 'ignore_ament_install']
[0.116s] Level 1:colcon.colcon_core.package_identification:_identify(src/custom_interface) by extension 'ignore'
[0.116s] Level 1:colcon.colcon_core.package_identification:_identify(src/custom_interface) by extension 'ignore_ament_install'
[0.116s] Level 1:colcon.colcon_core.package_identification:_identify(src/custom_interface) by extensions ['colcon_pkg']
[0.116s] Level 1:colcon.colcon_core.package_identification:_identify(src/custom_interface) by extension 'colcon_pkg'
[0.116s] Level 1:colcon.colcon_core.package_identification:_identify(src/custom_interface) by extensions ['colcon_meta']
[0.116s] Level 1:colcon.colcon_core.package_identification:_identify(src/custom_interface) by extension 'colcon_meta'
[0.116s] Level 1:colcon.colcon_core.package_identification:_identify(src/custom_interface) by extensions ['ros']
[0.116s] Level 1:colcon.colcon_core.package_identification:_identify(src/custom_interface) by extension 'ros'
[0.118s] DEBUG:colcon.colcon_core.package_identification:Package 'src/custom_interface' with type 'ros.catkin' and name 'custom_interface'
[0.118s] Level 1:colcon.colcon_core.package_identification:_identify(src/robot_description) by extensions ['ignore', 'ignore_ament_install']
[0.118s] Level 1:colcon.colcon_core.package_identification:_identify(src/robot_description) by extension 'ignore'
[0.118s] Level 1:colcon.colcon_core.package_identification:_identify(src/robot_description) by extension 'ignore_ament_install'
[0.118s] Level 1:colcon.colcon_core.package_identification:_identify(src/robot_description) by extensions ['colcon_pkg']
[0.118s] Level 1:colcon.colcon_core.package_identification:_identify(src/robot_description) by extension 'colcon_pkg'
[0.118s] Level 1:colcon.colcon_core.package_identification:_identify(src/robot_description) by extensions ['colcon_meta']
[0.118s] Level 1:colcon.colcon_core.package_identification:_identify(src/robot_description) by extension 'colcon_meta'
[0.118s] Level 1:colcon.colcon_core.package_identification:_identify(src/robot_description) by extensions ['ros']
[0.118s] Level 1:colcon.colcon_core.package_identification:_identify(src/robot_description) by extension 'ros'
[0.119s] DEBUG:colcon.colcon_core.package_identification:Package 'src/robot_description' with type 'ros.ament_cmake' and name 'robot_description'
[0.119s] Level 1:colcon.colcon_core.package_identification:_identify(src/visual_pubsub) by extensions ['ignore', 'ignore_ament_install']
[0.119s] Level 1:colcon.colcon_core.package_identification:_identify(src/visual_pubsub) by extension 'ignore'
[0.119s] Level 1:colcon.colcon_core.package_identification:_identify(src/visual_pubsub) by extension 'ignore_ament_install'
[0.119s] Level 1:colcon.colcon_core.package_identification:_identify(src/visual_pubsub) by extensions ['colcon_pkg']
[0.119s] Level 1:colcon.colcon_core.package_identification:_identify(src/visual_pubsub) by extension 'colcon_pkg'
[0.119s] Level 1:colcon.colcon_core.package_identification:_identify(src/visual_pubsub) by extensions ['colcon_meta']
[0.119s] Level 1:colcon.colcon_core.package_identification:_identify(src/visual_pubsub) by extension 'colcon_meta'
[0.119s] Level 1:colcon.colcon_core.package_identification:_identify(src/visual_pubsub) by extensions ['ros']
[0.119s] Level 1:colcon.colcon_core.package_identification:_identify(src/visual_pubsub) by extension 'ros'
[0.119s] DEBUG:colcon.colcon_core.package_identification:Package 'src/visual_pubsub' with type 'ros.ament_python' and name 'visual_pubsub'
[0.119s] Level 1:colcon.colcon_core.package_discovery:discover_packages(recursive) using defaults
[0.119s] Level 1:colcon.colcon_core.package_discovery:discover_packages(ignore) discover
[0.119s] Level 1:colcon.colcon_core.package_discovery:discover_packages(ignore) using defaults
[0.119s] Level 1:colcon.colcon_core.package_discovery:discover_packages(path) discover
[0.119s] Level 1:colcon.colcon_core.package_discovery:discover_packages(path) using defaults
[0.130s] Level 1:colcon.colcon_core.package_discovery:discover_packages(prefix_path) check parameters
[0.130s] Level 1:colcon.colcon_core.package_discovery:discover_packages(prefix_path) discover
[0.132s] DEBUG:colcon.colcon_installed_package_information.package_discovery:Found 3 installed packages in /home/franco/Desktop/Robotica/Parcial/install
[0.133s] DEBUG:colcon.colcon_installed_package_information.package_discovery:Found 337 installed packages in /opt/ros/jazzy
[0.133s] Level 1:colcon.colcon_core.package_discovery:discover_packages(prefix_path) using defaults
[0.164s] Level 5:colcon.colcon_core.verb:set package 'custom_interface' build argument 'cmake_args' from command line to 'None'
[0.164s] Level 5:colcon.colcon_core.verb:set package 'custom_interface' build argument 'cmake_target' from command line to 'None'
[0.164s] Level 5:colcon.colcon_core.verb:set package 'custom_interface' build argument 'cmake_target_skip_unavailable' from command line to 'False'
[0.164s] Level 5:colcon.colcon_core.verb:set package 'custom_interface' build argument 'cmake_clean_cache' from command line to 'False'
[0.164s] Level 5:colcon.colcon_core.verb:set package 'custom_interface' build argument 'cmake_clean_first' from command line to 'False'
[0.164s] Level 5:colcon.colcon_core.verb:set package 'custom_interface' build argument 'cmake_force_configure' from command line to 'False'
[0.164s] Level 5:colcon.colcon_core.verb:set package 'custom_interface' build argument 'ament_cmake_args' from command line to 'None'
[0.164s] Level 5:colcon.colcon_core.verb:set package 'custom_interface' build argument 'catkin_cmake_args' from command line to 'None'
[0.164s] Level 5:colcon.colcon_core.verb:set package 'custom_interface' build argument 'catkin_skip_building_tests' from command line to 'False'
[0.164s] DEBUG:colcon.colcon_core.verb:Building package 'custom_interface' with the following arguments: {'ament_cmake_args': None, 'build_base': '/home/franco/Desktop/Robotica/Parcial/build/custom_interface', 'catkin_cmake_args': None, 'catkin_skip_building_tests': False, 'cmake_args': None, 'cmake_clean_cache': False, 'cmake_clean_first': False, 'cmake_force_configure': False, 'cmake_target': None, 'cmake_target_skip_unavailable': False, 'install_base': '/home/franco/Desktop/Robotica/Parcial/install/custom_interface', 'merge_install': False, 'path': '/home/franco/Desktop/Robotica/Parcial/src/custom_interface', 'symlink_install': False, 'test_result_base': None}
[0.165s] Level 5:colcon.colcon_core.verb:set package 'robot_description' build argument 'cmake_args' from command line to 'None'
[0.165s] Level 5:colcon.colcon_core.verb:set package 'robot_description' build argument 'cmake_target' from command line to 'None'
[0.165s] Level 5:colcon.colcon_core.verb:set package 'robot_description' build argument 'cmake_target_skip_unavailable' from command line to 'False'
[0.165s] Level 5:colcon.colcon_core.verb:set package 'robot_description' build argument 'cmake_clean_cache' from command line to 'False'
[0.165s] Level 5:colcon.colcon_core.verb:set package 'robot_description' build argument 'cmake_clean_first' from command line to 'False'
[0.165s] Level 5:colcon.colcon_core.verb:set package 'robot_description' build argument 'cmake_force_configure' from command line to 'False'
[0.165s] Level 5:colcon.colcon_core.verb:set package 'robot_description' build argument 'ament_cmake_args' from command line to 'None'
[0.165s] Level 5:colcon.colcon_core.verb:set package 'robot_description' build argument 'catkin_cmake_args' from command line to 'None'
[0.165s] Level 5:colcon.colcon_core.verb:set package 'robot_description' build argument 'catkin_skip_building_tests' from command line to 'False'
[0.165s] DEBUG:colcon.colcon_core.verb:Building package 'robot_description' with the following arguments: {'ament_cmake_args': None, 'build_base': '/home/franco/Desktop/Robotica/Parcial/build/robot_description', 'catkin_cmake_args': None, 'catkin_skip_building_tests': False, 'cmake_args': None, 'cmake_clean_cache': False, 'cmake_clean_first': False, 'cmake_force_configure': False, 'cmake_target': None, 'cmake_target_skip_unavailable': False, 'install_base': '/home/franco/Desktop/Robotica/Parcial/install/robot_description', 'merge_install': False, 'path': '/home/franco/Desktop/Robotica/Parcial/src/robot_description', 'symlink_install': False, 'test_result_base': None}
[0.165s] Level 5:colcon.colcon_core.verb:set package 'visual_pubsub' build argument 'cmake_args' from command line to 'None'
[0.165s] Level 5:colcon.colcon_core.verb:set package 'visual_pubsub' build argument 'cmake_target' from command line to 'None'
[0.165s] Level 5:colcon.colcon_core.verb:set package 'visual_pubsub' build argument 'cmake_target_skip_unavailable' from command line to 'False'
[0.165s] Level 5:colcon.colcon_core.verb:set package 'visual_pubsub' build argument 'cmake_clean_cache' from command line to 'False'
[0.165s] Level 5:colcon.colcon_core.verb:set package 'visual_pubsub' build argument 'cmake_clean_first' from command line to 'False'
[0.165s] Level 5:colcon.colcon_core.verb:set package 'visual_pubsub' build argument 'cmake_force_configure' from command line to 'False'
[0.165s] Level 5:colcon.colcon_core.verb:set package 'visual_pubsub' build argument 'ament_cmake_args' from command line to 'None'
[0.165s] Level 5:colcon.colcon_core.verb:set package 'visual_pubsub' build argument 'catkin_cmake_args' from command line to 'None'
[0.165s] Level 5:colcon.colcon_core.verb:set package 'visual_pubsub' build argument 'catkin_skip_building_tests' from command line to 'False'
[0.165s] DEBUG:colcon.colcon_core.verb:Building package 'visual_pubsub' with the following arguments: {'ament_cmake_args': None, 'build_base': '/home/franco/Desktop/Robotica/Parcial/build/visual_pubsub', 'catkin_cmake_args': None, 'catkin_skip_building_tests': False, 'cmake_args': None, 'cmake_clean_cache': False, 'cmake_clean_first': False, 'cmake_force_configure': False, 'cmake_target': None, 'cmake_target_skip_unavailable': False, 'install_base': '/home/franco/Desktop/Robotica/Parcial/install/visual_pubsub', 'merge_install': False, 'path': '/home/franco/Desktop/Robotica/Parcial/src/visual_pubsub', 'symlink_install': False, 'test_result_base': None}
[0.165s] INFO:colcon.colcon_core.executor:Executing jobs using 'parallel' executor
[0.166s] DEBUG:colcon.colcon_parallel_executor.executor.parallel:run_until_complete
[0.166s] INFO:colcon.colcon_ros.task.catkin.build:Building ROS package in '/home/franco/Desktop/Robotica/Parcial/src/custom_interface' with build type 'catkin'
[0.166s] INFO:colcon.colcon_cmake.task.cmake.build:Building CMake package in '/home/franco/Desktop/Robotica/Parcial/src/custom_interface'
[0.168s] INFO:colcon.colcon_core.plugin_system:Skipping extension 'colcon_core.shell.bat': Not used on non-Windows systems
[0.168s] INFO:colcon.colcon_core.shell:Skip shell extension 'powershell' for command environment: Not usable outside of PowerShell
[0.168s] DEBUG:colcon.colcon_core.shell:Skip shell extension 'dsv' for command environment
[0.171s] INFO:colcon.colcon_ros.task.ament_cmake.build:Building ROS package in '/home/franco/Desktop/Robotica/Parcial/src/robot_description' with build type 'ament_cmake'
[0.171s] INFO:colcon.colcon_cmake.task.cmake.build:Building CMake package in '/home/franco/Desktop/Robotica/Parcial/src/robot_description'
[0.172s] INFO:colcon.colcon_core.shell:Skip shell extension 'powershell' for command environment: Not usable outside of PowerShell
[0.172s] DEBUG:colcon.colcon_core.shell:Skip shell extension 'dsv' for command environment
[0.176s] DEBUG:colcon.colcon_core.event_handler.log_command:Invoking command in '/home/franco/Desktop/Robotica/Parcial/build/custom_interface': DEBUGINFOD_URLS=https://debuginfod.ubuntu.com /usr/bin/cmake --build /home/franco/Desktop/Robotica/Parcial/build/custom_interface -- -j16 -l16
[0.179s] DEBUG:colcon.colcon_core.event_handler.log_command:Invoking command in '/home/franco/Desktop/Robotica/Parcial/build/robot_description': CMAKE_PREFIX_PATH=${CMAKE_PREFIX_PATH}:/opt/ros/jazzy DEBUGINFOD_URLS=https://debuginfod.ubuntu.com /usr/bin/cmake --build /home/franco/Desktop/Robotica/Parcial/build/robot_description -- -j16 -l16
[0.202s] DEBUG:colcon.colcon_core.event_handler.log_command:Invoked command in '/home/franco/Desktop/Robotica/Parcial/build/robot_description' returned '0': CMAKE_PREFIX_PATH=${CMAKE_PREFIX_PATH}:/opt/ros/jazzy DEBUGINFOD_URLS=https://debuginfod.ubuntu.com /usr/bin/cmake --build /home/franco/Desktop/Robotica/Parcial/build/robot_description -- -j16 -l16
[0.209s] DEBUG:colcon.colcon_core.event_handler.log_command:Invoking command in '/home/franco/Desktop/Robotica/Parcial/build/robot_description': CMAKE_PREFIX_PATH=${CMAKE_PREFIX_PATH}:/opt/ros/jazzy DEBUGINFOD_URLS=https://debuginfod.ubuntu.com /usr/bin/cmake --install /home/franco/Desktop/Robotica/Parcial/build/robot_description
[0.215s] Level 1:colcon.colcon_core.environment:create_environment_scripts_only(robot_description)
[0.216s] DEBUG:colcon.colcon_core.event_handler.log_command:Invoked command in '/home/franco/Desktop/Robotica/Parcial/build/robot_description' returned '0': CMAKE_PREFIX_PATH=${CMAKE_PREFIX_PATH}:/opt/ros/jazzy DEBUGINFOD_URLS=https://debuginfod.ubuntu.com /usr/bin/cmake --install /home/franco/Desktop/Robotica/Parcial/build/robot_description
[0.217s] Level 1:colcon.colcon_core.environment:checking '/home/franco/Desktop/Robotica/Parcial/install/robot_description' for CMake module files
[0.218s] Level 1:colcon.colcon_core.environment:checking '/home/franco/Desktop/Robotica/Parcial/install/robot_description' for CMake config files
[0.218s] Level 1:colcon.colcon_core.shell:create_environment_hook('robot_description', 'cmake_prefix_path')
[0.218s] INFO:colcon.colcon_core.shell:Creating environment hook '/home/franco/Desktop/Robotica/Parcial/install/robot_description/share/robot_description/hook/cmake_prefix_path.ps1'
[0.218s] INFO:colcon.colcon_core.shell:Creating environment descriptor '/home/franco/Desktop/Robotica/Parcial/install/robot_description/share/robot_description/hook/cmake_prefix_path.dsv'
[0.219s] INFO:colcon.colcon_core.shell:Creating environment hook '/home/franco/Desktop/Robotica/Parcial/install/robot_description/share/robot_description/hook/cmake_prefix_path.sh'
[0.219s] Level 1:colcon.colcon_core.environment:checking '/home/franco/Desktop/Robotica/Parcial/install/robot_description/bin'
[0.219s] Level 1:colcon.colcon_core.environment:checking '/home/franco/Desktop/Robotica/Parcial/install/robot_description/lib/pkgconfig/robot_description.pc'
[0.219s] Level 1:colcon.colcon_core.environment:checking '/home/franco/Desktop/Robotica/Parcial/install/robot_description/lib/python3.12/site-packages'
[0.220s] Level 1:colcon.colcon_core.environment:checking '/home/franco/Desktop/Robotica/Parcial/install/robot_description/bin'
[0.220s] INFO:colcon.colcon_core.shell:Creating package script '/home/franco/Desktop/Robotica/Parcial/install/robot_description/share/robot_description/package.ps1'
[0.220s] INFO:colcon.colcon_core.shell:Creating package descriptor '/home/franco/Desktop/Robotica/Parcial/install/robot_description/share/robot_description/package.dsv'
[0.220s] INFO:colcon.colcon_core.shell:Creating package script '/home/franco/Desktop/Robotica/Parcial/install/robot_description/share/robot_description/package.sh'
[0.221s] INFO:colcon.colcon_core.shell:Creating package script '/home/franco/Desktop/Robotica/Parcial/install/robot_description/share/robot_description/package.bash'
[0.221s] INFO:colcon.colcon_core.shell:Creating package script '/home/franco/Desktop/Robotica/Parcial/install/robot_description/share/robot_description/package.zsh'
[0.222s] Level 1:colcon.colcon_core.environment:create_file_with_runtime_dependencies(/home/franco/Desktop/Robotica/Parcial/install/robot_description/share/colcon-core/packages/robot_description)
[0.222s] Level 1:colcon.colcon_core.environment:create_environment_scripts_only(robot_description)
[0.222s] Level 1:colcon.colcon_core.environment:checking '/home/franco/Desktop/Robotica/Parcial/install/robot_description' for CMake module files
[0.222s] Level 1:colcon.colcon_core.environment:checking '/home/franco/Desktop/Robotica/Parcial/install/robot_description' for CMake config files
[0.223s] Level 1:colcon.colcon_core.shell:create_environment_hook('robot_description', 'cmake_prefix_path')
[0.223s] INFO:colcon.colcon_core.shell:Creating environment hook '/home/franco/Desktop/Robotica/Parcial/install/robot_description/share/robot_description/hook/cmake_prefix_path.ps1'
[0.223s] INFO:colcon.colcon_core.shell:Creating environment descriptor '/home/franco/Desktop/Robotica/Parcial/install/robot_description/share/robot_description/hook/cmake_prefix_path.dsv'
[0.223s] INFO:colcon.colcon_core.shell:Creating environment hook '/home/franco/Desktop/Robotica/Parcial/install/robot_description/share/robot_description/hook/cmake_prefix_path.sh'
[0.223s] Level 1:colcon.colcon_core.environment:checking '/home/franco/Desktop/Robotica/Parcial/install/robot_description/bin'
[0.224s] Level 1:colcon.colcon_core.environment:checking '/home/franco/Desktop/Robotica/Parcial/install/robot_description/lib/pkgconfig/robot_description.pc'
[0.224s] Level 1:colcon.colcon_core.environment:checking '/home/franco/Desktop/Robotica/Parcial/install/robot_description/lib/python3.12/site-packages'
[0.224s] Level 1:colcon.colcon_core.environment:checking '/home/franco/Desktop/Robotica/Parcial/install/robot_description/bin'
[0.224s] INFO:colcon.colcon_core.shell:Creating package script '/home/franco/Desktop/Robotica/Parcial/install/robot_description/share/robot_description/package.ps1'
[0.224s] INFO:colcon.colcon_core.shell:Creating package descriptor '/home/franco/Desktop/Robotica/Parcial/install/robot_description/share/robot_description/package.dsv'
[0.225s] INFO:colcon.colcon_core.shell:Creating package script '/home/franco/Desktop/Robotica/Parcial/install/robot_description/share/robot_description/package.sh'
[0.225s] INFO:colcon.colcon_core.shell:Creating package script '/home/franco/Desktop/Robotica/Parcial/install/robot_description/share/robot_description/package.bash'
[0.225s] INFO:colcon.colcon_core.shell:Creating package script '/home/franco/Desktop/Robotica/Parcial/install/robot_description/share/robot_description/package.zsh'
[0.225s] Level 1:colcon.colcon_core.environment:create_file_with_runtime_dependencies(/home/franco/Desktop/Robotica/Parcial/install/robot_description/share/colcon-core/packages/robot_description)
[0.483s] DEBUG:colcon.colcon_core.event_handler.log_command:Invoked command in '/home/franco/Desktop/Robotica/Parcial/build/custom_interface' returned '0': DEBUGINFOD_URLS=https://debuginfod.ubuntu.com /usr/bin/cmake --build /home/franco/Desktop/Robotica/Parcial/build/custom_interface -- -j16 -l16
[0.484s] DEBUG:colcon.colcon_core.event_handler.log_command:Invoking command in '/home/franco/Desktop/Robotica/Parcial/build/custom_interface': DEBUGINFOD_URLS=https://debuginfod.ubuntu.com /usr/bin/cmake --install /home/franco/Desktop/Robotica/Parcial/build/custom_interface
[0.522s] DEBUG:colcon.colcon_core.event_handler.log_command:Invoked command in '/home/franco/Desktop/Robotica/Parcial/build/custom_interface' returned '0': DEBUGINFOD_URLS=https://debuginfod.ubuntu.com /usr/bin/cmake --install /home/franco/Desktop/Robotica/Parcial/build/custom_interface
[0.522s] Level 1:colcon.colcon_core.shell:create_environment_hook('custom_interface', 'ros_package_path')
[0.522s] INFO:colcon.colcon_core.shell:Creating environment hook '/home/franco/Desktop/Robotica/Parcial/install/custom_interface/share/custom_interface/hook/ros_package_path.ps1'
[0.523s] INFO:colcon.colcon_core.shell:Creating environment descriptor '/home/franco/Desktop/Robotica/Parcial/install/custom_interface/share/custom_interface/hook/ros_package_path.dsv'
[0.523s] INFO:colcon.colcon_core.shell:Creating environment hook '/home/franco/Desktop/Robotica/Parcial/install/custom_interface/share/custom_interface/hook/ros_package_path.sh'
[0.523s] Level 1:colcon.colcon_ros.task.catkin:checking '/home/franco/Desktop/Robotica/Parcial/install/custom_interface/lib/python3.12/site-packages'
[0.524s] Level 1:colcon.colcon_core.shell:create_environment_hook('custom_interface', 'catkin_pythonpath')
[0.524s] INFO:colcon.colcon_core.shell:Creating environment hook '/home/franco/Desktop/Robotica/Parcial/install/custom_interface/share/custom_interface/hook/catkin_pythonpath.ps1'
[0.524s] INFO:colcon.colcon_core.shell:Creating environment descriptor '/home/franco/Desktop/Robotica/Parcial/install/custom_interface/share/custom_interface/hook/catkin_pythonpath.dsv'
[0.524s] INFO:colcon.colcon_core.shell:Creating environment hook '/home/franco/Desktop/Robotica/Parcial/install/custom_interface/share/custom_interface/hook/catkin_pythonpath.sh'
[0.525s] Level 1:colcon.colcon_core.shell:create_environment_hook('custom_interface', 'pkg_config_path')
[0.525s] INFO:colcon.colcon_core.shell:Creating environment hook '/home/franco/Desktop/Robotica/Parcial/install/custom_interface/share/custom_interface/hook/pkg_config_path.ps1'
[0.525s] INFO:colcon.colcon_core.shell:Creating environment descriptor '/home/franco/Desktop/Robotica/Parcial/install/custom_interface/share/custom_interface/hook/pkg_config_path.dsv'
[0.525s] INFO:colcon.colcon_core.shell:Creating environment hook '/home/franco/Desktop/Robotica/Parcial/install/custom_interface/share/custom_interface/hook/pkg_config_path.sh'
[0.526s] Level 1:colcon.colcon_core.shell:create_environment_hook('custom_interface', 'pkg_config_path_multiarch')
[0.527s] INFO:colcon.colcon_core.shell:Creating environment hook '/home/franco/Desktop/Robotica/Parcial/install/custom_interface/share/custom_interface/hook/pkg_config_path_multiarch.ps1'
[0.527s] INFO:colcon.colcon_core.shell:Creating environment descriptor '/home/franco/Desktop/Robotica/Parcial/install/custom_interface/share/custom_interface/hook/pkg_config_path_multiarch.dsv'
[0.527s] INFO:colcon.colcon_core.shell:Creating environment hook '/home/franco/Desktop/Robotica/Parcial/install/custom_interface/share/custom_interface/hook/pkg_config_path_multiarch.sh'
[0.527s] Level 1:colcon.colcon_core.environment:create_environment_scripts_only(custom_interface)
[0.528s] Level 1:colcon.colcon_core.environment:checking '/home/franco/Desktop/Robotica/Parcial/install/custom_interface' for CMake module files
[0.528s] Level 1:colcon.colcon_core.environment:checking '/home/franco/Desktop/Robotica/Parcial/install/custom_interface' for CMake config files
[0.528s] Level 1:colcon.colcon_core.shell:create_environment_hook('custom_interface', 'cmake_prefix_path')
[0.528s] INFO:colcon.colcon_core.shell:Creating environment hook '/home/franco/Desktop/Robotica/Parcial/install/custom_interface/share/custom_interface/hook/cmake_prefix_path.ps1'
[0.529s] INFO:colcon.colcon_core.shell:Creating environment descriptor '/home/franco/Desktop/Robotica/Parcial/install/custom_interface/share/custom_interface/hook/cmake_prefix_path.dsv'
[0.529s] INFO:colcon.colcon_core.shell:Creating environment hook '/home/franco/Desktop/Robotica/Parcial/install/custom_interface/share/custom_interface/hook/cmake_prefix_path.sh'
[0.529s] Level 1:colcon.colcon_core.environment:checking '/home/franco/Desktop/Robotica/Parcial/install/custom_interface/lib'
[0.529s] Level 1:colcon.colcon_core.shell:create_environment_hook('custom_interface', 'ld_library_path_lib')
[0.529s] INFO:colcon.colcon_core.shell:Creating environment hook '/home/franco/Desktop/Robotica/Parcial/install/custom_interface/share/custom_interface/hook/ld_library_path_lib.ps1'
[0.530s] INFO:colcon.colcon_core.shell:Creating environment descriptor '/home/franco/Desktop/Robotica/Parcial/install/custom_interface/share/custom_interface/hook/ld_library_path_lib.dsv'
[0.530s] INFO:colcon.colcon_core.shell:Creating environment hook '/home/franco/Desktop/Robotica/Parcial/install/custom_interface/share/custom_interface/hook/ld_library_path_lib.sh'
[0.530s] Level 1:colcon.colcon_core.environment:checking '/home/franco/Desktop/Robotica/Parcial/install/custom_interface/bin'
[0.530s] Level 1:colcon.colcon_core.environment:checking '/home/franco/Desktop/Robotica/Parcial/install/custom_interface/lib/pkgconfig/custom_interface.pc'
[0.530s] Level 1:colcon.colcon_core.environment:checking '/home/franco/Desktop/Robotica/Parcial/install/custom_interface/lib/python3.12/site-packages'
[0.530s] Level 1:colcon.colcon_core.shell:create_environment_hook('custom_interface', 'pythonpath')
[0.530s] INFO:colcon.colcon_core.shell:Creating environment hook '/home/franco/Desktop/Robotica/Parcial/install/custom_interface/share/custom_interface/hook/pythonpath.ps1'
[0.531s] INFO:colcon.colcon_core.shell:Creating environment descriptor '/home/franco/Desktop/Robotica/Parcial/install/custom_interface/share/custom_interface/hook/pythonpath.dsv'
[0.531s] INFO:colcon.colcon_core.shell:Creating environment hook '/home/franco/Desktop/Robotica/Parcial/install/custom_interface/share/custom_interface/hook/pythonpath.sh'
[0.531s] Level 1:colcon.colcon_core.environment:checking '/home/franco/Desktop/Robotica/Parcial/install/custom_interface/bin'
[0.532s] INFO:colcon.colcon_core.shell:Creating package script '/home/franco/Desktop/Robotica/Parcial/install/custom_interface/share/custom_interface/package.ps1'
[0.532s] INFO:colcon.colcon_core.shell:Creating package descriptor '/home/franco/Desktop/Robotica/Parcial/install/custom_interface/share/custom_interface/package.dsv'
[0.532s] INFO:colcon.colcon_core.shell:Creating package script '/home/franco/Desktop/Robotica/Parcial/install/custom_interface/share/custom_interface/package.sh'
[0.533s] INFO:colcon.colcon_core.shell:Creating package script '/home/franco/Desktop/Robotica/Parcial/install/custom_interface/share/custom_interface/package.bash'
[0.533s] INFO:colcon.colcon_core.shell:Creating package script '/home/franco/Desktop/Robotica/Parcial/install/custom_interface/share/custom_interface/package.zsh'
[0.533s] Level 1:colcon.colcon_core.environment:create_file_with_runtime_dependencies(/home/franco/Desktop/Robotica/Parcial/install/custom_interface/share/colcon-core/packages/custom_interface)
[0.533s] INFO:colcon.colcon_ros.task.ament_python.build:Building ROS package in '/home/franco/Desktop/Robotica/Parcial/src/visual_pubsub' with build type 'ament_python'
[0.533s] Level 1:colcon.colcon_core.shell:create_environment_hook('visual_pubsub', 'ament_prefix_path')
[0.534s] INFO:colcon.colcon_core.shell:Creating environment hook '/home/franco/Desktop/Robotica/Parcial/install/visual_pubsub/share/visual_pubsub/hook/ament_prefix_path.ps1'
[0.534s] INFO:colcon.colcon_core.shell:Creating environment descriptor '/home/franco/Desktop/Robotica/Parcial/install/visual_pubsub/share/visual_pubsub/hook/ament_prefix_path.dsv'
[0.534s] INFO:colcon.colcon_core.shell:Creating environment hook '/home/franco/Desktop/Robotica/Parcial/install/visual_pubsub/share/visual_pubsub/hook/ament_prefix_path.sh'
[0.534s] INFO:colcon.colcon_core.shell:Skip shell extension 'powershell' for command environment: Not usable outside of PowerShell
[0.534s] DEBUG:colcon.colcon_core.shell:Skip shell extension 'dsv' for command environment
[0.699s] INFO:colcon.colcon_core.task.python.build:Building Python package in '/home/franco/Desktop/Robotica/Parcial/src/visual_pubsub'
[0.699s] INFO:colcon.colcon_core.shell:Skip shell extension 'powershell' for command environment: Not usable outside of PowerShell
[0.699s] DEBUG:colcon.colcon_core.shell:Skip shell extension 'dsv' for command environment
[1.201s] DEBUG:colcon.colcon_core.event_handler.log_command:Invoking command in '/home/franco/Desktop/Robotica/Parcial/src/visual_pubsub': CMAKE_PREFIX_PATH=/home/franco/Desktop/Robotica/Parcial/install/custom_interface:${CMAKE_PREFIX_PATH} DEBUGINFOD_URLS=https://debuginfod.ubuntu.com LD_LIBRARY_PATH=/home/franco/Desktop/Robotica/Parcial/install/custom_interface/lib:${LD_LIBRARY_PATH} PKG_CONFIG_PATH=/home/franco/Desktop/Robotica/Parcial/install/custom_interface/lib/x86_64-linux-gnu/pkgconfig:/home/franco/Desktop/Robotica/Parcial/install/custom_interface/lib/pkgconfig PYTHONPATH=/home/franco/Desktop/Robotica/Parcial/build/visual_pubsub/prefix_override:/usr/lib/python3/dist-packages/colcon_core/task/python/colcon_distutils_commands:/home/franco/Desktop/Robotica/Parcial/install/visual_pubsub/lib/python3.12/site-packages:/home/franco/Desktop/Robotica/Parcial/install/custom_interface/lib/python3.12/site-packages:${PYTHONPATH} ROS_PACKAGE_PATH=/home/franco/Desktop/Robotica/Parcial/install/custom_interface/share /usr/bin/python3 -W ignore:setup.py install is deprecated -W ignore:easy_install command is deprecated setup.py egg_info --egg-base ../../build/visual_pubsub build --build-base /home/franco/Desktop/Robotica/Parcial/build/visual_pubsub/build install --record /home/franco/Desktop/Robotica/Parcial/build/visual_pubsub/install.log --single-version-externally-managed install_data
[1.628s] Level 1:colcon.colcon_core.environment:checking '/home/franco/Desktop/Robotica/Parcial/install/visual_pubsub' for CMake module files
[1.628s] DEBUG:colcon.colcon_core.event_handler.log_command:Invoked command in '/home/franco/Desktop/Robotica/Parcial/src/visual_pubsub' returned '0': CMAKE_PREFIX_PATH=/home/franco/Desktop/Robotica/Parcial/install/custom_interface:${CMAKE_PREFIX_PATH} DEBUGINFOD_URLS=https://debuginfod.ubuntu.com LD_LIBRARY_PATH=/home/franco/Desktop/Robotica/Parcial/install/custom_interface/lib:${LD_LIBRARY_PATH} PKG_CONFIG_PATH=/home/franco/Desktop/Robotica/Parcial/install/custom_interface/lib/x86_64-linux-gnu/pkgconfig:/home/franco/Desktop/Robotica/Parcial/install/custom_interface/lib/pkgconfig PYTHONPATH=/home/franco/Desktop/Robotica/Parcial/build/visual_pubsub/prefix_override:/usr/lib/python3/dist-packages/colcon_core/task/python/colcon_distutils_commands:/home/franco/Desktop/Robotica/Parcial/install/visual_pubsub/lib/python3.12/site-packages:/home/franco/Desktop/Robotica/Parcial/install/custom_interface/lib/python3.12/site-packages:${PYTHONPATH} ROS_PACKAGE_PATH=/home/franco/Desktop/Robotica/Parcial/install/custom_interface/share /usr/bin/python3 -W ignore:setup.py install is deprecated -W ignore:easy_install command is deprecated setup.py egg_info --egg-base ../../build/visual_pubsub build --build-base /home/franco/Desktop/Robotica/Parcial/build/visual_pubsub/build install --record /home/franco/Desktop/Robotica/Parcial/build/visual_pubsub/install.log --single-version-externally-managed install_data
[1.628s] Level 1:colcon.colcon_core.environment:checking '/home/franco/Desktop/Robotica/Parcial/install/visual_pubsub' for CMake config files
[1.629s] Level 1:colcon.colcon_core.environment:checking '/home/franco/Desktop/Robotica/Parcial/install/visual_pubsub/lib'
[1.629s] Level 1:colcon.colcon_core.environment:checking '/home/franco/Desktop/Robotica/Parcial/install/visual_pubsub/bin'
[1.629s] Level 1:colcon.colcon_core.environment:checking '/home/franco/Desktop/Robotica/Parcial/install/visual_pubsub/lib/pkgconfig/visual_pubsub.pc'
[1.629s] Level 1:colcon.colcon_core.environment:checking '/home/franco/Desktop/Robotica/Parcial/install/visual_pubsub/lib/python3.12/site-packages'
[1.629s] Level 1:colcon.colcon_core.shell:create_environment_hook('visual_pubsub', 'pythonpath')
[1.629s] INFO:colcon.colcon_core.shell:Creating environment hook '/home/franco/Desktop/Robotica/Parcial/install/visual_pubsub/share/visual_pubsub/hook/pythonpath.ps1'
[1.630s] INFO:colcon.colcon_core.shell:Creating environment descriptor '/home/franco/Desktop/Robotica/Parcial/install/visual_pubsub/share/visual_pubsub/hook/pythonpath.dsv'
[1.630s] INFO:colcon.colcon_core.shell:Creating environment hook '/home/franco/Desktop/Robotica/Parcial/install/visual_pubsub/share/visual_pubsub/hook/pythonpath.sh'
[1.630s] Level 1:colcon.colcon_core.environment:checking '/home/franco/Desktop/Robotica/Parcial/install/visual_pubsub/bin'
[1.630s] Level 1:colcon.colcon_core.environment:create_environment_scripts_only(visual_pubsub)
[1.631s] INFO:colcon.colcon_core.shell:Creating package script '/home/franco/Desktop/Robotica/Parcial/install/visual_pubsub/share/visual_pubsub/package.ps1'
[1.631s] INFO:colcon.colcon_core.shell:Creating package descriptor '/home/franco/Desktop/Robotica/Parcial/install/visual_pubsub/share/visual_pubsub/package.dsv'
[1.631s] INFO:colcon.colcon_core.shell:Creating package script '/home/franco/Desktop/Robotica/Parcial/install/visual_pubsub/share/visual_pubsub/package.sh'
[1.631s] INFO:colcon.colcon_core.shell:Creating package script '/home/franco/Desktop/Robotica/Parcial/install/visual_pubsub/share/visual_pubsub/package.bash'
[1.632s] INFO:colcon.colcon_core.shell:Creating package script '/home/franco/Desktop/Robotica/Parcial/install/visual_pubsub/share/visual_pubsub/package.zsh'
[1.632s] Level 1:colcon.colcon_core.environment:create_file_with_runtime_dependencies(/home/franco/Desktop/Robotica/Parcial/install/visual_pubsub/share/colcon-core/packages/visual_pubsub)
[1.632s] DEBUG:colcon.colcon_parallel_executor.executor.parallel:closing loop
[1.632s] DEBUG:colcon.colcon_parallel_executor.executor.parallel:loop closed
[1.632s] DEBUG:colcon.colcon_parallel_executor.executor.parallel:run_until_complete finished with '0'
[1.632s] DEBUG:colcon.colcon_core.event_reactor:joining thread
[1.636s] INFO:colcon.colcon_core.plugin_system:Skipping extension 'colcon_notification.desktop_notification.terminal_notifier': Not used on non-Darwin systems
[1.636s] INFO:colcon.colcon_core.plugin_system:Skipping extension 'colcon_notification.desktop_notification.win32': Not used on non-Windows systems
[1.636s] INFO:colcon.colcon_notification.desktop_notification:Sending desktop notification using 'notify2'
[1.645s] DEBUG:colcon.colcon_core.event_reactor:joined thread
[1.645s] INFO:colcon.colcon_core.shell:Creating prefix script '/home/franco/Desktop/Robotica/Parcial/install/local_setup.ps1'
[1.646s] INFO:colcon.colcon_core.shell:Creating prefix util module '/home/franco/Desktop/Robotica/Parcial/install/_local_setup_util_ps1.py'
[1.646s] INFO:colcon.colcon_core.shell:Creating prefix chain script '/home/franco/Desktop/Robotica/Parcial/install/setup.ps1'
[1.647s] INFO:colcon.colcon_core.shell:Creating prefix script '/home/franco/Desktop/Robotica/Parcial/install/local_setup.sh'
[1.647s] INFO:colcon.colcon_core.shell:Creating prefix util module '/home/franco/Desktop/Robotica/Parcial/install/_local_setup_util_sh.py'
[1.648s] INFO:colcon.colcon_core.shell:Creating prefix chain script '/home/franco/Desktop/Robotica/Parcial/install/setup.sh'
[1.648s] INFO:colcon.colcon_core.shell:Creating prefix script '/home/franco/Desktop/Robotica/Parcial/install/local_setup.bash'
[1.648s] INFO:colcon.colcon_core.shell:Creating prefix chain script '/home/franco/Desktop/Robotica/Parcial/install/setup.bash'
[1.649s] INFO:colcon.colcon_core.shell:Creating prefix script '/home/franco/Desktop/Robotica/Parcial/install/local_setup.zsh'
[1.649s] INFO:colcon.colcon_core.shell:Creating prefix chain script '/home/franco/Desktop/Robotica/Parcial/install/setup.zsh'
