/home/franco/Desktop/Robotica/Parcial/install/visual_pubsub/lib/python3.12/site-packages/visual_pubsub/pub_joints.py
/home/franco/Desktop/Robotica/Parcial/install/visual_pubsub/lib/python3.12/site-packages/visual_pubsub/inverse_kinematicas_bio.py
/home/franco/Desktop/Robotica/Parcial/install/visual_pubsub/lib/python3.12/site-packages/visual_pubsub/fk_server_a.py
/home/franco/Desktop/Robotica/Parcial/install/visual_pubsub/lib/python3.12/site-packages/visual_pubsub/fk_client_b.py
/home/franco/Desktop/Robotica/Parcial/install/visual_pubsub/lib/python3.12/site-packages/visual_pubsub/inverse_kinematics.py
/home/franco/Desktop/Robotica/Parcial/install/visual_pubsub/lib/python3.12/site-packages/visual_pubsub/fk_server_b.py
/home/franco/Desktop/Robotica/Parcial/install/visual_pubsub/lib/python3.12/site-packages/visual_pubsub/sub_joints.py
/home/franco/Desktop/Robotica/Parcial/install/visual_pubsub/lib/python3.12/site-packages/visual_pubsub/__init__.py
/home/franco/Desktop/Robotica/Parcial/install/visual_pubsub/lib/python3.12/site-packages/visual_pubsub/fk_client_a.py
/home/franco/Desktop/Robotica/Parcial/install/visual_pubsub/lib/python3.12/site-packages/visual_pubsub/__pycache__/pub_joints.cpython-312.pyc
/home/franco/Desktop/Robotica/Parcial/install/visual_pubsub/lib/python3.12/site-packages/visual_pubsub/__pycache__/inverse_kinematicas_bio.cpython-312.pyc
/home/franco/Desktop/Robotica/Parcial/install/visual_pubsub/lib/python3.12/site-packages/visual_pubsub/__pycache__/fk_server_a.cpython-312.pyc
/home/franco/Desktop/Robotica/Parcial/install/visual_pubsub/lib/python3.12/site-packages/visual_pubsub/__pycache__/fk_client_b.cpython-312.pyc
/home/franco/Desktop/Robotica/Parcial/install/visual_pubsub/lib/python3.12/site-packages/visual_pubsub/__pycache__/inverse_kinematics.cpython-312.pyc
/home/franco/Desktop/Robotica/Parcial/install/visual_pubsub/lib/python3.12/site-packages/visual_pubsub/__pycache__/fk_server_b.cpython-312.pyc
/home/franco/Desktop/Robotica/Parcial/install/visual_pubsub/lib/python3.12/site-packages/visual_pubsub/__pycache__/sub_joints.cpython-312.pyc
/home/franco/Desktop/Robotica/Parcial/install/visual_pubsub/lib/python3.12/site-packages/visual_pubsub/__pycache__/__init__.cpython-312.pyc
/home/franco/Desktop/Robotica/Parcial/install/visual_pubsub/lib/python3.12/site-packages/visual_pubsub/__pycache__/fk_client_a.cpython-312.pyc
/home/franco/Desktop/Robotica/Parcial/install/visual_pubsub/share/ament_index/resource_index/packages/visual_pubsub
/home/franco/Desktop/Robotica/Parcial/install/visual_pubsub/share/visual_pubsub/package.xml
/home/franco/Desktop/Robotica/Parcial/install/visual_pubsub/lib/python3.12/site-packages/visual_pubsub-0.0.0-py3.12.egg-info/entry_points.txt
/home/franco/Desktop/Robotica/Parcial/install/visual_pubsub/lib/python3.12/site-packages/visual_pubsub-0.0.0-py3.12.egg-info/dependency_links.txt
/home/franco/Desktop/Robotica/Parcial/install/visual_pubsub/lib/python3.12/site-packages/visual_pubsub-0.0.0-py3.12.egg-info/PKG-INFO
/home/franco/Desktop/Robotica/Parcial/install/visual_pubsub/lib/python3.12/site-packages/visual_pubsub-0.0.0-py3.12.egg-info/top_level.txt
/home/franco/Desktop/Robotica/Parcial/install/visual_pubsub/lib/python3.12/site-packages/visual_pubsub-0.0.0-py3.12.egg-info/SOURCES.txt
/home/franco/Desktop/Robotica/Parcial/install/visual_pubsub/lib/python3.12/site-packages/visual_pubsub-0.0.0-py3.12.egg-info/zip-safe
/home/franco/Desktop/Robotica/Parcial/install/visual_pubsub/lib/python3.12/site-packages/visual_pubsub-0.0.0-py3.12.egg-info/requires.txt
/home/franco/Desktop/Robotica/Parcial/install/visual_pubsub/lib/visual_pubsub/fk_client_a
/home/franco/Desktop/Robotica/Parcial/install/visual_pubsub/lib/visual_pubsub/fk_client_b
/home/franco/Desktop/Robotica/Parcial/install/visual_pubsub/lib/visual_pubsub/fk_server_a
/home/franco/Desktop/Robotica/Parcial/install/visual_pubsub/lib/visual_pubsub/fk_server_b
/home/franco/Desktop/Robotica/Parcial/install/visual_pubsub/lib/visual_pubsub/inverse_kinematics
/home/franco/Desktop/Robotica/Parcial/install/visual_pubsub/lib/visual_pubsub/inverse_kinematics_bio
/home/franco/Desktop/Robotica/Parcial/install/visual_pubsub/lib/visual_pubsub/pub_joints
/home/franco/Desktop/Robotica/Parcial/install/visual_pubsub/lib/visual_pubsub/sub_joints
