[0.760s] Invoking command in '/home/franco/Desktop/Robotica/Parcial/build/visual_pubsub': CMAKE_PREFIX_PATH=/home/franco/Desktop/Robotica/Parcial/install/custom_interface:${CMAKE_PREFIX_PATH} DEBUGINFOD_URLS=https://debuginfod.ubuntu.com LD_LIBRARY_PATH=/home/franco/Desktop/Robotica/Parcial/install/custom_interface/lib:${LD_LIBRARY_PATH} PKG_CONFIG_PATH=/home/franco/Desktop/Robotica/Parcial/install/custom_interface/lib/x86_64-linux-gnu/pkgconfig:/home/franco/Desktop/Robotica/Parcial/install/custom_interface/lib/pkgconfig PYTHONPATH=/home/franco/Desktop/Robotica/Parcial/build/visual_pubsub/prefix_override:/usr/lib/python3/dist-packages/colcon_core/task/python/colcon_distutils_commands:/home/franco/Desktop/Robotica/Parcial/install/visual_pubsub/lib/python3.12/site-packages:/home/franco/Desktop/Robotica/Parcial/install/custom_interface/lib/python3.12/site-packages:${PYTHONPATH} ROS_PACKAGE_PATH=/home/franco/Desktop/Robotica/Parcial/install/custom_interface/share /usr/bin/python3 -W ignore:setup.py install is deprecated -W ignore:easy_install command is deprecated setup.py develop --editable --build-directory /home/franco/Desktop/Robotica/Parcial/build/visual_pubsub/build --no-deps symlink_data
[1.012s] running develop
[1.193s] running egg_info
[1.193s] creating visual_pubsub.egg-info
[1.214s] writing visual_pubsub.egg-info/PKG-INFO
[1.214s] writing dependency_links to visual_pubsub.egg-info/dependency_links.txt
[1.214s] writing entry points to visual_pubsub.egg-info/entry_points.txt
[1.214s] writing requirements to visual_pubsub.egg-info/requires.txt
[1.214s] writing top-level names to visual_pubsub.egg-info/top_level.txt
[1.214s] writing manifest file 'visual_pubsub.egg-info/SOURCES.txt'
[1.255s] reading manifest file 'visual_pubsub.egg-info/SOURCES.txt'
[1.256s] writing manifest file 'visual_pubsub.egg-info/SOURCES.txt'
[1.276s] running build_ext
[1.276s] Creating /home/franco/Desktop/Robotica/Parcial/install/visual_pubsub/lib/python3.12/site-packages/visual-pubsub.egg-link (link to .)
[1.277s] Installing fk_client_a script to /home/franco/Desktop/Robotica/Parcial/install/visual_pubsub/lib/visual_pubsub
[1.277s] Installing fk_client_b script to /home/franco/Desktop/Robotica/Parcial/install/visual_pubsub/lib/visual_pubsub
[1.277s] Installing fk_server_a script to /home/franco/Desktop/Robotica/Parcial/install/visual_pubsub/lib/visual_pubsub
[1.277s] Installing fk_server_b script to /home/franco/Desktop/Robotica/Parcial/install/visual_pubsub/lib/visual_pubsub
[1.277s] Installing inverse_kinematics script to /home/franco/Desktop/Robotica/Parcial/install/visual_pubsub/lib/visual_pubsub
[1.277s] Installing inverse_kinematics_bio script to /home/franco/Desktop/Robotica/Parcial/install/visual_pubsub/lib/visual_pubsub
[1.278s] Installing pub_joints script to /home/franco/Desktop/Robotica/Parcial/install/visual_pubsub/lib/visual_pubsub
[1.278s] Installing sub_joints script to /home/franco/Desktop/Robotica/Parcial/install/visual_pubsub/lib/visual_pubsub
[1.278s] 
[1.278s] Installed /home/franco/Desktop/Robotica/Parcial/build/visual_pubsub
[1.278s] running symlink_data
[1.278s] creating /home/franco/Desktop/Robotica/Parcial/install/visual_pubsub/share/ament_index
[1.278s] creating /home/franco/Desktop/Robotica/Parcial/install/visual_pubsub/share/ament_index/resource_index
[1.278s] creating /home/franco/Desktop/Robotica/Parcial/install/visual_pubsub/share/ament_index/resource_index/packages
[1.278s] symbolically linking /home/franco/Desktop/Robotica/Parcial/build/visual_pubsub/resource/visual_pubsub -> /home/franco/Desktop/Robotica/Parcial/install/visual_pubsub/share/ament_index/resource_index/packages
[1.278s] symbolically linking /home/franco/Desktop/Robotica/Parcial/build/visual_pubsub/package.xml -> /home/franco/Desktop/Robotica/Parcial/install/visual_pubsub/share/visual_pubsub
[1.315s] Invoked command in '/home/franco/Desktop/Robotica/Parcial/build/visual_pubsub' returned '0': CMAKE_PREFIX_PATH=/home/franco/Desktop/Robotica/Parcial/install/custom_interface:${CMAKE_PREFIX_PATH} DEBUGINFOD_URLS=https://debuginfod.ubuntu.com LD_LIBRARY_PATH=/home/franco/Desktop/Robotica/Parcial/install/custom_interface/lib:${LD_LIBRARY_PATH} PKG_CONFIG_PATH=/home/franco/Desktop/Robotica/Parcial/install/custom_interface/lib/x86_64-linux-gnu/pkgconfig:/home/franco/Desktop/Robotica/Parcial/install/custom_interface/lib/pkgconfig PYTHONPATH=/home/franco/Desktop/Robotica/Parcial/build/visual_pubsub/prefix_override:/usr/lib/python3/dist-packages/colcon_core/task/python/colcon_distutils_commands:/home/franco/Desktop/Robotica/Parcial/install/visual_pubsub/lib/python3.12/site-packages:/home/franco/Desktop/Robotica/Parcial/install/custom_interface/lib/python3.12/site-packages:${PYTHONPATH} ROS_PACKAGE_PATH=/home/franco/Desktop/Robotica/Parcial/install/custom_interface/share /usr/bin/python3 -W ignore:setup.py install is deprecated -W ignore:easy_install command is deprecated setup.py develop --editable --build-directory /home/franco/Desktop/Robotica/Parcial/build/visual_pubsub/build --no-deps symlink_data
