[0.008s] Invoking command in '/home/franco/Desktop/Robotica/Parcial/build/robot_description': CMAKE_PREFIX_PATH=/home/franco/Desktop/Robotica/Parcial/install/visual_pubsub:/opt/ros/jazzy:${CMAKE_PREFIX_PATH} DEBUGINFOD_URLS=https://debuginfod.ubuntu.com /usr/bin/cmake --build /home/franco/Desktop/Robotica/Parcial/build/robot_description -- -j16 -l16
[0.023s] -- Found ament_cmake: 2.5.5 (/opt/ros/jazzy/share/ament_cmake/cmake)
[0.172s] -- Found ament_lint_auto: 0.17.4 (/opt/ros/jazzy/share/ament_lint_auto/cmake)
[0.240s] -- Added test 'flake8' to check Python code syntax and style conventions
[0.240s] -- Configured 'flake8' exclude dirs and/or files: 
[0.240s] -- Added test 'lint_cmake' to check CMake code style
[0.241s] -- Added test 'pep257' to check Python code against some of the docstring style conventions in PEP 257
[0.241s] -- Added test 'xmllint' to check XML markup files
[0.242s] -- Configuring done (0.2s)
[0.244s] -- Generating done (0.0s)
[0.245s] -- Build files have been written to: /home/franco/Desktop/Robotica/Parcial/build/robot_description
[0.260s] Invoked command in '/home/franco/Desktop/Robotica/Parcial/build/robot_description' returned '0': CMAKE_PREFIX_PATH=/home/franco/Desktop/Robotica/Parcial/install/visual_pubsub:/opt/ros/jazzy:${CMAKE_PREFIX_PATH} DEBUGINFOD_URLS=https://debuginfod.ubuntu.com /usr/bin/cmake --build /home/franco/Desktop/Robotica/Parcial/build/robot_description -- -j16 -l16
[0.266s] Invoking command in '/home/franco/Desktop/Robotica/Parcial/build/robot_description': CMAKE_PREFIX_PATH=/home/franco/Desktop/Robotica/Parcial/install/visual_pubsub:/opt/ros/jazzy:${CMAKE_PREFIX_PATH} DEBUGINFOD_URLS=https://debuginfod.ubuntu.com /usr/bin/cmake --install /home/franco/Desktop/Robotica/Parcial/build/robot_description
[0.271s] -- Install configuration: ""
[0.272s] -- Up-to-date: /home/franco/Desktop/Robotica/Parcial/install/robot_description/share/robot_description/launch
[0.272s] -- Installing: /home/franco/Desktop/Robotica/Parcial/install/robot_description/share/robot_description/launch/bioinspirado.launch.py
[0.272s] -- Installing: /home/franco/Desktop/Robotica/Parcial/install/robot_description/share/robot_description/launch/robot_a.launch.py
[0.272s] -- Up-to-date: /home/franco/Desktop/Robotica/Parcial/install/robot_description/share/robot_description/urdf
[0.272s] -- Installing: /home/franco/Desktop/Robotica/Parcial/install/robot_description/share/robot_description/urdf/bioinspirado.urdf
[0.272s] -- Installing: /home/franco/Desktop/Robotica/Parcial/install/robot_description/share/robot_description/urdf/robot_a.urdf
[0.272s] -- Up-to-date: /home/franco/Desktop/Robotica/Parcial/install/robot_description/share/robot_description/rviz
[0.272s] -- Installing: /home/franco/Desktop/Robotica/Parcial/install/robot_description/share/robot_description/rviz/urdf.rviz
[0.272s] -- Up-to-date: /home/franco/Desktop/Robotica/Parcial/install/robot_description/share/robot_description/meshes
[0.272s] -- Up-to-date: /home/franco/Desktop/Robotica/Parcial/install/robot_description/share/robot_description/meshes/visual
[0.272s] -- Installing: /home/franco/Desktop/Robotica/Parcial/install/robot_description/share/robot_description/meshes/visual/link6.dae
[0.273s] -- Installing: /home/franco/Desktop/Robotica/Parcial/install/robot_description/share/robot_description/meshes/visual/hand.dae
[0.273s] -- Installing: /home/franco/Desktop/Robotica/Parcial/install/robot_description/share/robot_description/meshes/visual/link2.dae
[0.274s] -- Installing: /home/franco/Desktop/Robotica/Parcial/install/robot_description/share/robot_description/meshes/visual/link7.dae
[0.274s] -- Installing: /home/franco/Desktop/Robotica/Parcial/install/robot_description/share/robot_description/meshes/visual/link3.dae
[0.275s] -- Installing: /home/franco/Desktop/Robotica/Parcial/install/robot_description/share/robot_description/meshes/visual/finger.dae
[0.275s] -- Installing: /home/franco/Desktop/Robotica/Parcial/install/robot_description/share/robot_description/meshes/visual/link0.dae
[0.276s] -- Installing: /home/franco/Desktop/Robotica/Parcial/install/robot_description/share/robot_description/meshes/visual/link1.dae
[0.277s] -- Installing: /home/franco/Desktop/Robotica/Parcial/install/robot_description/share/robot_description/meshes/visual/link4.dae
[0.278s] -- Installing: /home/franco/Desktop/Robotica/Parcial/install/robot_description/share/robot_description/meshes/visual/link5.dae
[0.279s] -- Up-to-date: /home/franco/Desktop/Robotica/Parcial/install/robot_description/share/robot_description/meshes/collision
[0.279s] -- Installing: /home/franco/Desktop/Robotica/Parcial/install/robot_description/share/robot_description/meshes/collision/link4.obj
[0.279s] -- Installing: /home/franco/Desktop/Robotica/Parcial/install/robot_description/share/robot_description/meshes/collision/finger.obj
[0.279s] -- Installing: /home/franco/Desktop/Robotica/Parcial/install/robot_description/share/robot_description/meshes/collision/link0.obj
[0.279s] -- Installing: /home/franco/Desktop/Robotica/Parcial/install/robot_description/share/robot_description/meshes/collision/link7.obj
[0.279s] -- Installing: /home/franco/Desktop/Robotica/Parcial/install/robot_description/share/robot_description/meshes/collision/link6.obj
[0.282s] -- Installing: /home/franco/Desktop/Robotica/Parcial/install/robot_description/share/robot_description/meshes/collision/link3.obj
[0.282s] -- Installing: /home/franco/Desktop/Robotica/Parcial/install/robot_description/share/robot_description/meshes/collision/hand.obj
[0.282s] -- Installing: /home/franco/Desktop/Robotica/Parcial/install/robot_description/share/robot_description/meshes/collision/link5.obj
[0.282s] -- Installing: /home/franco/Desktop/Robotica/Parcial/install/robot_description/share/robot_description/meshes/collision/link2.obj
[0.282s] -- Installing: /home/franco/Desktop/Robotica/Parcial/install/robot_description/share/robot_description/meshes/collision/link1.obj
[0.282s] -- Up-to-date: /home/franco/Desktop/Robotica/Parcial/install/robot_description/share/ament_index/resource_index/package_run_dependencies/robot_description
[0.282s] -- Up-to-date: /home/franco/Desktop/Robotica/Parcial/install/robot_description/share/ament_index/resource_index/parent_prefix_path/robot_description
[0.282s] -- Up-to-date: /home/franco/Desktop/Robotica/Parcial/install/robot_description/share/robot_description/environment/ament_prefix_path.sh
[0.283s] -- Up-to-date: /home/franco/Desktop/Robotica/Parcial/install/robot_description/share/robot_description/environment/ament_prefix_path.dsv
[0.283s] -- Up-to-date: /home/franco/Desktop/Robotica/Parcial/install/robot_description/share/robot_description/environment/path.sh
[0.283s] -- Up-to-date: /home/franco/Desktop/Robotica/Parcial/install/robot_description/share/robot_description/environment/path.dsv
[0.283s] -- Up-to-date: /home/franco/Desktop/Robotica/Parcial/install/robot_description/share/robot_description/local_setup.bash
[0.283s] -- Up-to-date: /home/franco/Desktop/Robotica/Parcial/install/robot_description/share/robot_description/local_setup.sh
[0.283s] -- Up-to-date: /home/franco/Desktop/Robotica/Parcial/install/robot_description/share/robot_description/local_setup.zsh
[0.283s] -- Up-to-date: /home/franco/Desktop/Robotica/Parcial/install/robot_description/share/robot_description/local_setup.dsv
[0.283s] -- Installing: /home/franco/Desktop/Robotica/Parcial/install/robot_description/share/robot_description/package.dsv
[0.283s] -- Up-to-date: /home/franco/Desktop/Robotica/Parcial/install/robot_description/share/ament_index/resource_index/packages/robot_description
[0.283s] -- Up-to-date: /home/franco/Desktop/Robotica/Parcial/install/robot_description/share/robot_description/cmake/robot_descriptionConfig.cmake
[0.283s] -- Up-to-date: /home/franco/Desktop/Robotica/Parcial/install/robot_description/share/robot_description/cmake/robot_descriptionConfig-version.cmake
[0.283s] -- Installing: /home/franco/Desktop/Robotica/Parcial/install/robot_description/share/robot_description/package.xml
[0.284s] Invoked command in '/home/franco/Desktop/Robotica/Parcial/build/robot_description' returned '0': CMAKE_PREFIX_PATH=/home/franco/Desktop/Robotica/Parcial/install/visual_pubsub:/opt/ros/jazzy:${CMAKE_PREFIX_PATH} DEBUGINFOD_URLS=https://debuginfod.ubuntu.com /usr/bin/cmake --install /home/franco/Desktop/Robotica/Parcial/build/robot_description
