-- Found ament_cmake: 2.5.5 (/opt/ros/jazzy/share/ament_cmake/cmake)
-- Found Python3: /usr/bin/python3 (found version "3.12.3") found components: Interpreter 
-- Found geometry_msgs: 5.3.6 (/opt/ros/jazzy/share/geometry_msgs/cmake)
-- Found rosidl_generator_c: 4.6.7 (/opt/ros/jazzy/share/rosidl_generator_c/cmake)
-- Found rosidl_generator_cpp: 4.6.7 (/opt/ros/jazzy/share/rosidl_generator_cpp/cmake)
-- Using all available rosidl_typesupport_c: rosidl_typesupport_fastrtps_c;rosidl_typesupport_introspection_c
-- Using all available rosidl_typesupport_cpp: rosidl_typesupport_fastrtps_cpp;rosidl_typesupport_introspection_cpp
-- Found rosidl_default_generators: 1.6.0 (/opt/ros/jazzy/share/rosidl_default_generators/cmake)
-- Found rosidl_adapter: 4.6.7 (/opt/ros/jazzy/share/rosidl_adapter/cmake)
-- Found ament_cmake_ros: 0.12.0 (/opt/ros/jazzy/share/ament_cmake_ros/cmake)
-- Using all available rosidl_typesupport_c: rosidl_typesupport_fastrtps_c;rosidl_typesupport_introspection_c
-- Using all available rosidl_typesupport_cpp: rosidl_typesupport_fastrtps_cpp;rosidl_typesupport_introspection_cpp
-- Found python_cmake_module: 0.11.1 (/opt/ros/jazzy/share/python_cmake_module/cmake)
-- Found Python3: /usr/bin/python3 (found version "3.12.3") found components: Interpreter Development NumPy Development.Module Development.Embed 
-- Found ament_lint_auto: 0.17.4 (/opt/ros/jazzy/share/ament_lint_auto/cmake)
-- Added test 'lint_cmake' to check CMake code style
-- Added test 'xmllint' to check XML markup files
-- Configuring done (0.9s)
-- Generating done (0.0s)
-- Build files have been written to: /home/franco/Desktop/Robotica/Parcial/build/custom_interface
[  1%] Built target custom_interface__rosidl_generator_type_description
[  1%] Built target ament_cmake_python_copy_custom_interface
[  3%] Built target custom_interface__cpp
[ 25%] Built target custom_interface__rosidl_generator_c
[ 43%] Built target custom_interface__rosidl_typesupport_introspection_c
[ 43%] Built target custom_interface__rosidl_typesupport_c
[ 56%] Built target custom_interface__rosidl_typesupport_introspection_cpp
[ 62%] Built target custom_interface__rosidl_typesupport_cpp
[ 73%] Built target custom_interface__rosidl_typesupport_fastrtps_cpp
[ 81%] Built target custom_interface__rosidl_typesupport_fastrtps_c
[ 81%] Built target custom_interface
[ 82%] Built target custom_interface__py
[ 90%] Built target custom_interface__rosidl_generator_py
[100%] Built target custom_interface_s__rosidl_typesupport_introspection_c
[100%] Built target custom_interface_s__rosidl_typesupport_c
[100%] Built target custom_interface_s__rosidl_typesupport_fastrtps_c
running egg_info
writing custom_interface.egg-info/PKG-INFO
writing dependency_links to custom_interface.egg-info/dependency_links.txt
writing top-level names to custom_interface.egg-info/top_level.txt
reading manifest file 'custom_interface.egg-info/SOURCES.txt'
writing manifest file 'custom_interface.egg-info/SOURCES.txt'
[100%] Built target ament_cmake_python_build_custom_interface_egg
-- Install configuration: ""
-- Up-to-date: /home/franco/Desktop/Robotica/Parcial/install/custom_interface/share/ament_index/resource_index/rosidl_interfaces/custom_interface
-- Up-to-date: /home/franco/Desktop/Robotica/Parcial/install/custom_interface/share/custom_interface/msg/Num.json
-- Up-to-date: /home/franco/Desktop/Robotica/Parcial/install/custom_interface/share/custom_interface/msg/Sphere.json
-- Up-to-date: /home/franco/Desktop/Robotica/Parcial/install/custom_interface/share/custom_interface/srv/AddThreeInts.json
-- Up-to-date: /home/franco/Desktop/Robotica/Parcial/install/custom_interface/share/custom_interface/srv/GetPosition.json
-- Up-to-date: /home/franco/Desktop/Robotica/Parcial/install/custom_interface/include/custom_interface/custom_interface
-- Up-to-date: /home/franco/Desktop/Robotica/Parcial/install/custom_interface/include/custom_interface/custom_interface/msg
-- Up-to-date: /home/franco/Desktop/Robotica/Parcial/install/custom_interface/include/custom_interface/custom_interface/msg/detail
-- Up-to-date: /home/franco/Desktop/Robotica/Parcial/install/custom_interface/include/custom_interface/custom_interface/msg/detail/sphere__functions.c
-- Up-to-date: /home/franco/Desktop/Robotica/Parcial/install/custom_interface/include/custom_interface/custom_interface/msg/detail/num__functions.c
-- Up-to-date: /home/franco/Desktop/Robotica/Parcial/install/custom_interface/include/custom_interface/custom_interface/msg/detail/sphere__type_support.h
-- Up-to-date: /home/franco/Desktop/Robotica/Parcial/install/custom_interface/include/custom_interface/custom_interface/msg/detail/sphere__type_support.c
-- Up-to-date: /home/franco/Desktop/Robotica/Parcial/install/custom_interface/include/custom_interface/custom_interface/msg/detail/num__functions.h
-- Up-to-date: /home/franco/Desktop/Robotica/Parcial/install/custom_interface/include/custom_interface/custom_interface/msg/detail/sphere__struct.h
-- Up-to-date: /home/franco/Desktop/Robotica/Parcial/install/custom_interface/include/custom_interface/custom_interface/msg/detail/num__description.c
-- Up-to-date: /home/franco/Desktop/Robotica/Parcial/install/custom_interface/include/custom_interface/custom_interface/msg/detail/sphere__functions.h
-- Up-to-date: /home/franco/Desktop/Robotica/Parcial/install/custom_interface/include/custom_interface/custom_interface/msg/detail/num__struct.h
-- Up-to-date: /home/franco/Desktop/Robotica/Parcial/install/custom_interface/include/custom_interface/custom_interface/msg/detail/num__type_support.h
-- Up-to-date: /home/franco/Desktop/Robotica/Parcial/install/custom_interface/include/custom_interface/custom_interface/msg/detail/num__type_support.c
-- Up-to-date: /home/franco/Desktop/Robotica/Parcial/install/custom_interface/include/custom_interface/custom_interface/msg/detail/sphere__description.c
-- Up-to-date: /home/franco/Desktop/Robotica/Parcial/install/custom_interface/include/custom_interface/custom_interface/msg/num.h
-- Up-to-date: /home/franco/Desktop/Robotica/Parcial/install/custom_interface/include/custom_interface/custom_interface/msg/rosidl_generator_c__visibility_control.h
-- Up-to-date: /home/franco/Desktop/Robotica/Parcial/install/custom_interface/include/custom_interface/custom_interface/msg/sphere.h
-- Up-to-date: /home/franco/Desktop/Robotica/Parcial/install/custom_interface/include/custom_interface/custom_interface/srv
-- Up-to-date: /home/franco/Desktop/Robotica/Parcial/install/custom_interface/include/custom_interface/custom_interface/srv/detail
-- Up-to-date: /home/franco/Desktop/Robotica/Parcial/install/custom_interface/include/custom_interface/custom_interface/srv/detail/get_position__description.c
-- Up-to-date: /home/franco/Desktop/Robotica/Parcial/install/custom_interface/include/custom_interface/custom_interface/srv/detail/add_three_ints__description.c
-- Up-to-date: /home/franco/Desktop/Robotica/Parcial/install/custom_interface/include/custom_interface/custom_interface/srv/detail/get_position__type_support.h
-- Up-to-date: /home/franco/Desktop/Robotica/Parcial/install/custom_interface/include/custom_interface/custom_interface/srv/detail/get_position__struct.h
-- Up-to-date: /home/franco/Desktop/Robotica/Parcial/install/custom_interface/include/custom_interface/custom_interface/srv/detail/get_position__functions.h
-- Up-to-date: /home/franco/Desktop/Robotica/Parcial/install/custom_interface/include/custom_interface/custom_interface/srv/detail/add_three_ints__type_support.h
-- Up-to-date: /home/franco/Desktop/Robotica/Parcial/install/custom_interface/include/custom_interface/custom_interface/srv/detail/add_three_ints__struct.h
-- Up-to-date: /home/franco/Desktop/Robotica/Parcial/install/custom_interface/include/custom_interface/custom_interface/srv/detail/get_position__type_support.c
-- Up-to-date: /home/franco/Desktop/Robotica/Parcial/install/custom_interface/include/custom_interface/custom_interface/srv/detail/add_three_ints__functions.c
-- Up-to-date: /home/franco/Desktop/Robotica/Parcial/install/custom_interface/include/custom_interface/custom_interface/srv/detail/add_three_ints__functions.h
-- Up-to-date: /home/franco/Desktop/Robotica/Parcial/install/custom_interface/include/custom_interface/custom_interface/srv/detail/add_three_ints__type_support.c
-- Up-to-date: /home/franco/Desktop/Robotica/Parcial/install/custom_interface/include/custom_interface/custom_interface/srv/detail/get_position__functions.c
-- Up-to-date: /home/franco/Desktop/Robotica/Parcial/install/custom_interface/include/custom_interface/custom_interface/srv/add_three_ints.h
-- Up-to-date: /home/franco/Desktop/Robotica/Parcial/install/custom_interface/include/custom_interface/custom_interface/srv/get_position.h
-- Up-to-date: /home/franco/Desktop/Robotica/Parcial/install/custom_interface/share/custom_interface/environment/library_path.sh
-- Up-to-date: /home/franco/Desktop/Robotica/Parcial/install/custom_interface/share/custom_interface/environment/library_path.dsv
-- Up-to-date: /home/franco/Desktop/Robotica/Parcial/install/custom_interface/lib/libcustom_interface__rosidl_generator_c.so
-- Up-to-date: /home/franco/Desktop/Robotica/Parcial/install/custom_interface/include/custom_interface/custom_interface
-- Up-to-date: /home/franco/Desktop/Robotica/Parcial/install/custom_interface/include/custom_interface/custom_interface/msg
-- Up-to-date: /home/franco/Desktop/Robotica/Parcial/install/custom_interface/include/custom_interface/custom_interface/msg/detail
-- Up-to-date: /home/franco/Desktop/Robotica/Parcial/install/custom_interface/include/custom_interface/custom_interface/msg/detail/sphere__rosidl_typesupport_fastrtps_c.h
-- Up-to-date: /home/franco/Desktop/Robotica/Parcial/install/custom_interface/include/custom_interface/custom_interface/msg/detail/num__rosidl_typesupport_fastrtps_c.h
-- Up-to-date: /home/franco/Desktop/Robotica/Parcial/install/custom_interface/include/custom_interface/custom_interface/msg/rosidl_typesupport_fastrtps_c__visibility_control.h
-- Up-to-date: /home/franco/Desktop/Robotica/Parcial/install/custom_interface/include/custom_interface/custom_interface/srv
-- Up-to-date: /home/franco/Desktop/Robotica/Parcial/install/custom_interface/include/custom_interface/custom_interface/srv/detail
-- Up-to-date: /home/franco/Desktop/Robotica/Parcial/install/custom_interface/include/custom_interface/custom_interface/srv/detail/get_position__rosidl_typesupport_fastrtps_c.h
-- Up-to-date: /home/franco/Desktop/Robotica/Parcial/install/custom_interface/include/custom_interface/custom_interface/srv/detail/add_three_ints__rosidl_typesupport_fastrtps_c.h
-- Up-to-date: /home/franco/Desktop/Robotica/Parcial/install/custom_interface/lib/libcustom_interface__rosidl_typesupport_fastrtps_c.so
-- Up-to-date: /home/franco/Desktop/Robotica/Parcial/install/custom_interface/include/custom_interface/custom_interface
-- Up-to-date: /home/franco/Desktop/Robotica/Parcial/install/custom_interface/include/custom_interface/custom_interface/msg
-- Up-to-date: /home/franco/Desktop/Robotica/Parcial/install/custom_interface/include/custom_interface/custom_interface/msg/detail
-- Up-to-date: /home/franco/Desktop/Robotica/Parcial/install/custom_interface/include/custom_interface/custom_interface/msg/detail/num__struct.hpp
-- Up-to-date: /home/franco/Desktop/Robotica/Parcial/install/custom_interface/include/custom_interface/custom_interface/msg/detail/sphere__type_support.hpp
-- Up-to-date: /home/franco/Desktop/Robotica/Parcial/install/custom_interface/include/custom_interface/custom_interface/msg/detail/num__type_support.hpp
-- Up-to-date: /home/franco/Desktop/Robotica/Parcial/install/custom_interface/include/custom_interface/custom_interface/msg/detail/num__builder.hpp
-- Up-to-date: /home/franco/Desktop/Robotica/Parcial/install/custom_interface/include/custom_interface/custom_interface/msg/detail/sphere__struct.hpp
-- Up-to-date: /home/franco/Desktop/Robotica/Parcial/install/custom_interface/include/custom_interface/custom_interface/msg/detail/sphere__traits.hpp
-- Up-to-date: /home/franco/Desktop/Robotica/Parcial/install/custom_interface/include/custom_interface/custom_interface/msg/detail/num__traits.hpp
-- Up-to-date: /home/franco/Desktop/Robotica/Parcial/install/custom_interface/include/custom_interface/custom_interface/msg/detail/sphere__builder.hpp
-- Up-to-date: /home/franco/Desktop/Robotica/Parcial/install/custom_interface/include/custom_interface/custom_interface/msg/sphere.hpp
-- Up-to-date: /home/franco/Desktop/Robotica/Parcial/install/custom_interface/include/custom_interface/custom_interface/msg/rosidl_generator_cpp__visibility_control.hpp
-- Up-to-date: /home/franco/Desktop/Robotica/Parcial/install/custom_interface/include/custom_interface/custom_interface/msg/num.hpp
-- Up-to-date: /home/franco/Desktop/Robotica/Parcial/install/custom_interface/include/custom_interface/custom_interface/srv
-- Up-to-date: /home/franco/Desktop/Robotica/Parcial/install/custom_interface/include/custom_interface/custom_interface/srv/add_three_ints.hpp
-- Up-to-date: /home/franco/Desktop/Robotica/Parcial/install/custom_interface/include/custom_interface/custom_interface/srv/detail
-- Up-to-date: /home/franco/Desktop/Robotica/Parcial/install/custom_interface/include/custom_interface/custom_interface/srv/detail/get_position__builder.hpp
-- Up-to-date: /home/franco/Desktop/Robotica/Parcial/install/custom_interface/include/custom_interface/custom_interface/srv/detail/get_position__struct.hpp
-- Up-to-date: /home/franco/Desktop/Robotica/Parcial/install/custom_interface/include/custom_interface/custom_interface/srv/detail/add_three_ints__type_support.hpp
-- Up-to-date: /home/franco/Desktop/Robotica/Parcial/install/custom_interface/include/custom_interface/custom_interface/srv/detail/add_three_ints__builder.hpp
-- Up-to-date: /home/franco/Desktop/Robotica/Parcial/install/custom_interface/include/custom_interface/custom_interface/srv/detail/get_position__type_support.hpp
-- Up-to-date: /home/franco/Desktop/Robotica/Parcial/install/custom_interface/include/custom_interface/custom_interface/srv/detail/get_position__traits.hpp
-- Up-to-date: /home/franco/Desktop/Robotica/Parcial/install/custom_interface/include/custom_interface/custom_interface/srv/detail/add_three_ints__traits.hpp
-- Up-to-date: /home/franco/Desktop/Robotica/Parcial/install/custom_interface/include/custom_interface/custom_interface/srv/detail/add_three_ints__struct.hpp
-- Up-to-date: /home/franco/Desktop/Robotica/Parcial/install/custom_interface/include/custom_interface/custom_interface/srv/get_position.hpp
-- Up-to-date: /home/franco/Desktop/Robotica/Parcial/install/custom_interface/include/custom_interface/custom_interface
-- Up-to-date: /home/franco/Desktop/Robotica/Parcial/install/custom_interface/include/custom_interface/custom_interface/msg
-- Up-to-date: /home/franco/Desktop/Robotica/Parcial/install/custom_interface/include/custom_interface/custom_interface/msg/detail
-- Up-to-date: /home/franco/Desktop/Robotica/Parcial/install/custom_interface/include/custom_interface/custom_interface/msg/detail/dds_fastrtps
-- Up-to-date: /home/franco/Desktop/Robotica/Parcial/install/custom_interface/include/custom_interface/custom_interface/msg/detail/num__rosidl_typesupport_fastrtps_cpp.hpp
-- Up-to-date: /home/franco/Desktop/Robotica/Parcial/install/custom_interface/include/custom_interface/custom_interface/msg/detail/sphere__rosidl_typesupport_fastrtps_cpp.hpp
-- Up-to-date: /home/franco/Desktop/Robotica/Parcial/install/custom_interface/include/custom_interface/custom_interface/msg/rosidl_typesupport_fastrtps_cpp__visibility_control.h
-- Up-to-date: /home/franco/Desktop/Robotica/Parcial/install/custom_interface/include/custom_interface/custom_interface/srv
-- Up-to-date: /home/franco/Desktop/Robotica/Parcial/install/custom_interface/include/custom_interface/custom_interface/srv/detail
-- Up-to-date: /home/franco/Desktop/Robotica/Parcial/install/custom_interface/include/custom_interface/custom_interface/srv/detail/dds_fastrtps
-- Up-to-date: /home/franco/Desktop/Robotica/Parcial/install/custom_interface/include/custom_interface/custom_interface/srv/detail/get_position__rosidl_typesupport_fastrtps_cpp.hpp
-- Up-to-date: /home/franco/Desktop/Robotica/Parcial/install/custom_interface/include/custom_interface/custom_interface/srv/detail/add_three_ints__rosidl_typesupport_fastrtps_cpp.hpp
-- Up-to-date: /home/franco/Desktop/Robotica/Parcial/install/custom_interface/lib/libcustom_interface__rosidl_typesupport_fastrtps_cpp.so
-- Up-to-date: /home/franco/Desktop/Robotica/Parcial/install/custom_interface/include/custom_interface/custom_interface
-- Up-to-date: /home/franco/Desktop/Robotica/Parcial/install/custom_interface/include/custom_interface/custom_interface/msg
-- Up-to-date: /home/franco/Desktop/Robotica/Parcial/install/custom_interface/include/custom_interface/custom_interface/msg/detail
-- Up-to-date: /home/franco/Desktop/Robotica/Parcial/install/custom_interface/include/custom_interface/custom_interface/msg/detail/num__rosidl_typesupport_introspection_c.h
-- Up-to-date: /home/franco/Desktop/Robotica/Parcial/install/custom_interface/include/custom_interface/custom_interface/msg/detail/sphere__rosidl_typesupport_introspection_c.h
-- Up-to-date: /home/franco/Desktop/Robotica/Parcial/install/custom_interface/include/custom_interface/custom_interface/msg/detail/sphere__type_support.c
-- Up-to-date: /home/franco/Desktop/Robotica/Parcial/install/custom_interface/include/custom_interface/custom_interface/msg/detail/num__type_support.c
-- Up-to-date: /home/franco/Desktop/Robotica/Parcial/install/custom_interface/include/custom_interface/custom_interface/msg/rosidl_typesupport_introspection_c__visibility_control.h
-- Up-to-date: /home/franco/Desktop/Robotica/Parcial/install/custom_interface/include/custom_interface/custom_interface/srv
-- Up-to-date: /home/franco/Desktop/Robotica/Parcial/install/custom_interface/include/custom_interface/custom_interface/srv/detail
-- Up-to-date: /home/franco/Desktop/Robotica/Parcial/install/custom_interface/include/custom_interface/custom_interface/srv/detail/add_three_ints__rosidl_typesupport_introspection_c.h
-- Up-to-date: /home/franco/Desktop/Robotica/Parcial/install/custom_interface/include/custom_interface/custom_interface/srv/detail/get_position__type_support.c
-- Up-to-date: /home/franco/Desktop/Robotica/Parcial/install/custom_interface/include/custom_interface/custom_interface/srv/detail/add_three_ints__type_support.c
-- Up-to-date: /home/franco/Desktop/Robotica/Parcial/install/custom_interface/include/custom_interface/custom_interface/srv/detail/get_position__rosidl_typesupport_introspection_c.h
-- Up-to-date: /home/franco/Desktop/Robotica/Parcial/install/custom_interface/lib/libcustom_interface__rosidl_typesupport_introspection_c.so
-- Up-to-date: /home/franco/Desktop/Robotica/Parcial/install/custom_interface/lib/libcustom_interface__rosidl_typesupport_c.so
-- Up-to-date: /home/franco/Desktop/Robotica/Parcial/install/custom_interface/include/custom_interface/custom_interface
-- Up-to-date: /home/franco/Desktop/Robotica/Parcial/install/custom_interface/include/custom_interface/custom_interface/msg
-- Up-to-date: /home/franco/Desktop/Robotica/Parcial/install/custom_interface/include/custom_interface/custom_interface/msg/detail
-- Up-to-date: /home/franco/Desktop/Robotica/Parcial/install/custom_interface/include/custom_interface/custom_interface/msg/detail/num__rosidl_typesupport_introspection_cpp.hpp
-- Up-to-date: /home/franco/Desktop/Robotica/Parcial/install/custom_interface/include/custom_interface/custom_interface/msg/detail/sphere__rosidl_typesupport_introspection_cpp.hpp
-- Up-to-date: /home/franco/Desktop/Robotica/Parcial/install/custom_interface/include/custom_interface/custom_interface/msg/detail/sphere__type_support.cpp
-- Up-to-date: /home/franco/Desktop/Robotica/Parcial/install/custom_interface/include/custom_interface/custom_interface/msg/detail/num__type_support.cpp
-- Up-to-date: /home/franco/Desktop/Robotica/Parcial/install/custom_interface/include/custom_interface/custom_interface/srv
-- Up-to-date: /home/franco/Desktop/Robotica/Parcial/install/custom_interface/include/custom_interface/custom_interface/srv/detail
-- Up-to-date: /home/franco/Desktop/Robotica/Parcial/install/custom_interface/include/custom_interface/custom_interface/srv/detail/get_position__rosidl_typesupport_introspection_cpp.hpp
-- Up-to-date: /home/franco/Desktop/Robotica/Parcial/install/custom_interface/include/custom_interface/custom_interface/srv/detail/add_three_ints__rosidl_typesupport_introspection_cpp.hpp
-- Up-to-date: /home/franco/Desktop/Robotica/Parcial/install/custom_interface/include/custom_interface/custom_interface/srv/detail/get_position__type_support.cpp
-- Up-to-date: /home/franco/Desktop/Robotica/Parcial/install/custom_interface/include/custom_interface/custom_interface/srv/detail/add_three_ints__type_support.cpp
-- Up-to-date: /home/franco/Desktop/Robotica/Parcial/install/custom_interface/lib/libcustom_interface__rosidl_typesupport_introspection_cpp.so
-- Up-to-date: /home/franco/Desktop/Robotica/Parcial/install/custom_interface/lib/libcustom_interface__rosidl_typesupport_cpp.so
-- Up-to-date: /home/franco/Desktop/Robotica/Parcial/install/custom_interface/share/custom_interface/environment/pythonpath.sh
-- Up-to-date: /home/franco/Desktop/Robotica/Parcial/install/custom_interface/share/custom_interface/environment/pythonpath.dsv
-- Up-to-date: /home/franco/Desktop/Robotica/Parcial/install/custom_interface/lib/python3.12/site-packages/custom_interface-0.0.0-py3.12.egg-info
-- Installing: /home/franco/Desktop/Robotica/Parcial/install/custom_interface/lib/python3.12/site-packages/custom_interface-0.0.0-py3.12.egg-info/dependency_links.txt
-- Installing: /home/franco/Desktop/Robotica/Parcial/install/custom_interface/lib/python3.12/site-packages/custom_interface-0.0.0-py3.12.egg-info/PKG-INFO
-- Installing: /home/franco/Desktop/Robotica/Parcial/install/custom_interface/lib/python3.12/site-packages/custom_interface-0.0.0-py3.12.egg-info/top_level.txt
-- Installing: /home/franco/Desktop/Robotica/Parcial/install/custom_interface/lib/python3.12/site-packages/custom_interface-0.0.0-py3.12.egg-info/SOURCES.txt
-- Up-to-date: /home/franco/Desktop/Robotica/Parcial/install/custom_interface/lib/python3.12/site-packages/custom_interface
-- Up-to-date: /home/franco/Desktop/Robotica/Parcial/install/custom_interface/lib/python3.12/site-packages/custom_interface/custom_interface_s__rosidl_typesupport_fastrtps_c.so
-- Up-to-date: /home/franco/Desktop/Robotica/Parcial/install/custom_interface/lib/python3.12/site-packages/custom_interface/msg
-- Up-to-date: /home/franco/Desktop/Robotica/Parcial/install/custom_interface/lib/python3.12/site-packages/custom_interface/msg/_num.py
-- Up-to-date: /home/franco/Desktop/Robotica/Parcial/install/custom_interface/lib/python3.12/site-packages/custom_interface/msg/_num_s.c
-- Up-to-date: /home/franco/Desktop/Robotica/Parcial/install/custom_interface/lib/python3.12/site-packages/custom_interface/msg/_sphere.py
-- Up-to-date: /home/franco/Desktop/Robotica/Parcial/install/custom_interface/lib/python3.12/site-packages/custom_interface/msg/_sphere_s.c
-- Up-to-date: /home/franco/Desktop/Robotica/Parcial/install/custom_interface/lib/python3.12/site-packages/custom_interface/msg/__init__.py
-- Up-to-date: /home/franco/Desktop/Robotica/Parcial/install/custom_interface/lib/python3.12/site-packages/custom_interface/_custom_interface_s.ep.rosidl_typesupport_introspection_c.c
-- Up-to-date: /home/franco/Desktop/Robotica/Parcial/install/custom_interface/lib/python3.12/site-packages/custom_interface/_custom_interface_s.ep.rosidl_typesupport_fastrtps_c.c
-- Up-to-date: /home/franco/Desktop/Robotica/Parcial/install/custom_interface/lib/python3.12/site-packages/custom_interface/_custom_interface_s.ep.rosidl_typesupport_c.c
-- Up-to-date: /home/franco/Desktop/Robotica/Parcial/install/custom_interface/lib/python3.12/site-packages/custom_interface/custom_interface_s__rosidl_typesupport_c.so
-- Up-to-date: /home/franco/Desktop/Robotica/Parcial/install/custom_interface/lib/python3.12/site-packages/custom_interface/custom_interface_s__rosidl_typesupport_introspection_c.so
-- Up-to-date: /home/franco/Desktop/Robotica/Parcial/install/custom_interface/lib/python3.12/site-packages/custom_interface/srv
-- Up-to-date: /home/franco/Desktop/Robotica/Parcial/install/custom_interface/lib/python3.12/site-packages/custom_interface/srv/_get_position_s.c
-- Up-to-date: /home/franco/Desktop/Robotica/Parcial/install/custom_interface/lib/python3.12/site-packages/custom_interface/srv/_add_three_ints_s.c
-- Up-to-date: /home/franco/Desktop/Robotica/Parcial/install/custom_interface/lib/python3.12/site-packages/custom_interface/srv/_get_position.py
-- Up-to-date: /home/franco/Desktop/Robotica/Parcial/install/custom_interface/lib/python3.12/site-packages/custom_interface/srv/_add_three_ints.py
-- Up-to-date: /home/franco/Desktop/Robotica/Parcial/install/custom_interface/lib/python3.12/site-packages/custom_interface/srv/__init__.py
-- Installing: /home/franco/Desktop/Robotica/Parcial/install/custom_interface/lib/python3.12/site-packages/custom_interface/__init__.py
Listing '/home/franco/Desktop/Robotica/Parcial/install/custom_interface/lib/python3.12/site-packages/custom_interface'...
Compiling '/home/franco/Desktop/Robotica/Parcial/install/custom_interface/lib/python3.12/site-packages/custom_interface/__init__.py'...
Listing '/home/franco/Desktop/Robotica/Parcial/install/custom_interface/lib/python3.12/site-packages/custom_interface/msg'...
Listing '/home/franco/Desktop/Robotica/Parcial/install/custom_interface/lib/python3.12/site-packages/custom_interface/srv'...
-- Up-to-date: /home/franco/Desktop/Robotica/Parcial/install/custom_interface/lib/python3.12/site-packages/custom_interface/custom_interface_s__rosidl_typesupport_fastrtps_c.so
-- Up-to-date: /home/franco/Desktop/Robotica/Parcial/install/custom_interface/lib/python3.12/site-packages/custom_interface/custom_interface_s__rosidl_typesupport_introspection_c.so
-- Up-to-date: /home/franco/Desktop/Robotica/Parcial/install/custom_interface/lib/python3.12/site-packages/custom_interface/custom_interface_s__rosidl_typesupport_c.so
-- Up-to-date: /home/franco/Desktop/Robotica/Parcial/install/custom_interface/lib/libcustom_interface__rosidl_generator_py.so
-- Up-to-date: /home/franco/Desktop/Robotica/Parcial/install/custom_interface/share/custom_interface/msg/Num.idl
-- Up-to-date: /home/franco/Desktop/Robotica/Parcial/install/custom_interface/share/custom_interface/msg/Sphere.idl
-- Up-to-date: /home/franco/Desktop/Robotica/Parcial/install/custom_interface/share/custom_interface/srv/AddThreeInts.idl
-- Up-to-date: /home/franco/Desktop/Robotica/Parcial/install/custom_interface/share/custom_interface/srv/GetPosition.idl
-- Installing: /home/franco/Desktop/Robotica/Parcial/install/custom_interface/share/custom_interface/msg/Num.msg
-- Installing: /home/franco/Desktop/Robotica/Parcial/install/custom_interface/share/custom_interface/msg/Sphere.msg
-- Installing: /home/franco/Desktop/Robotica/Parcial/install/custom_interface/share/custom_interface/srv/AddThreeInts.srv
-- Installing: /home/franco/Desktop/Robotica/Parcial/install/custom_interface/share/custom_interface/srv/GetPosition.srv
-- Up-to-date: /home/franco/Desktop/Robotica/Parcial/install/custom_interface/share/ament_index/resource_index/package_run_dependencies/custom_interface
-- Up-to-date: /home/franco/Desktop/Robotica/Parcial/install/custom_interface/share/ament_index/resource_index/parent_prefix_path/custom_interface
-- Up-to-date: /home/franco/Desktop/Robotica/Parcial/install/custom_interface/share/custom_interface/environment/ament_prefix_path.sh
-- Up-to-date: /home/franco/Desktop/Robotica/Parcial/install/custom_interface/share/custom_interface/environment/ament_prefix_path.dsv
-- Up-to-date: /home/franco/Desktop/Robotica/Parcial/install/custom_interface/share/custom_interface/environment/path.sh
-- Up-to-date: /home/franco/Desktop/Robotica/Parcial/install/custom_interface/share/custom_interface/environment/path.dsv
-- Up-to-date: /home/franco/Desktop/Robotica/Parcial/install/custom_interface/share/custom_interface/local_setup.bash
-- Up-to-date: /home/franco/Desktop/Robotica/Parcial/install/custom_interface/share/custom_interface/local_setup.sh
-- Up-to-date: /home/franco/Desktop/Robotica/Parcial/install/custom_interface/share/custom_interface/local_setup.zsh
-- Up-to-date: /home/franco/Desktop/Robotica/Parcial/install/custom_interface/share/custom_interface/local_setup.dsv
-- Installing: /home/franco/Desktop/Robotica/Parcial/install/custom_interface/share/custom_interface/package.dsv
-- Up-to-date: /home/franco/Desktop/Robotica/Parcial/install/custom_interface/share/ament_index/resource_index/packages/custom_interface
-- Up-to-date: /home/franco/Desktop/Robotica/Parcial/install/custom_interface/share/custom_interface/cmake/export_custom_interface__rosidl_generator_cExport.cmake
-- Up-to-date: /home/franco/Desktop/Robotica/Parcial/install/custom_interface/share/custom_interface/cmake/export_custom_interface__rosidl_generator_cExport-noconfig.cmake
-- Up-to-date: /home/franco/Desktop/Robotica/Parcial/install/custom_interface/share/custom_interface/cmake/export_custom_interface__rosidl_typesupport_fastrtps_cExport.cmake
-- Up-to-date: /home/franco/Desktop/Robotica/Parcial/install/custom_interface/share/custom_interface/cmake/export_custom_interface__rosidl_typesupport_fastrtps_cExport-noconfig.cmake
-- Up-to-date: /home/franco/Desktop/Robotica/Parcial/install/custom_interface/share/custom_interface/cmake/export_custom_interface__rosidl_generator_cppExport.cmake
-- Up-to-date: /home/franco/Desktop/Robotica/Parcial/install/custom_interface/share/custom_interface/cmake/export_custom_interface__rosidl_typesupport_fastrtps_cppExport.cmake
-- Up-to-date: /home/franco/Desktop/Robotica/Parcial/install/custom_interface/share/custom_interface/cmake/export_custom_interface__rosidl_typesupport_fastrtps_cppExport-noconfig.cmake
-- Up-to-date: /home/franco/Desktop/Robotica/Parcial/install/custom_interface/share/custom_interface/cmake/custom_interface__rosidl_typesupport_introspection_cExport.cmake
-- Up-to-date: /home/franco/Desktop/Robotica/Parcial/install/custom_interface/share/custom_interface/cmake/custom_interface__rosidl_typesupport_introspection_cExport-noconfig.cmake
-- Up-to-date: /home/franco/Desktop/Robotica/Parcial/install/custom_interface/share/custom_interface/cmake/custom_interface__rosidl_typesupport_cExport.cmake
-- Up-to-date: /home/franco/Desktop/Robotica/Parcial/install/custom_interface/share/custom_interface/cmake/custom_interface__rosidl_typesupport_cExport-noconfig.cmake
-- Up-to-date: /home/franco/Desktop/Robotica/Parcial/install/custom_interface/share/custom_interface/cmake/custom_interface__rosidl_typesupport_introspection_cppExport.cmake
-- Up-to-date: /home/franco/Desktop/Robotica/Parcial/install/custom_interface/share/custom_interface/cmake/custom_interface__rosidl_typesupport_introspection_cppExport-noconfig.cmake
-- Up-to-date: /home/franco/Desktop/Robotica/Parcial/install/custom_interface/share/custom_interface/cmake/custom_interface__rosidl_typesupport_cppExport.cmake
-- Up-to-date: /home/franco/Desktop/Robotica/Parcial/install/custom_interface/share/custom_interface/cmake/custom_interface__rosidl_typesupport_cppExport-noconfig.cmake
-- Up-to-date: /home/franco/Desktop/Robotica/Parcial/install/custom_interface/share/custom_interface/cmake/export_custom_interface__rosidl_generator_pyExport.cmake
-- Up-to-date: /home/franco/Desktop/Robotica/Parcial/install/custom_interface/share/custom_interface/cmake/export_custom_interface__rosidl_generator_pyExport-noconfig.cmake
-- Up-to-date: /home/franco/Desktop/Robotica/Parcial/install/custom_interface/share/custom_interface/cmake/rosidl_cmake-extras.cmake
-- Up-to-date: /home/franco/Desktop/Robotica/Parcial/install/custom_interface/share/custom_interface/cmake/ament_cmake_export_dependencies-extras.cmake
-- Up-to-date: /home/franco/Desktop/Robotica/Parcial/install/custom_interface/share/custom_interface/cmake/ament_cmake_export_include_directories-extras.cmake
-- Up-to-date: /home/franco/Desktop/Robotica/Parcial/install/custom_interface/share/custom_interface/cmake/ament_cmake_export_libraries-extras.cmake
-- Up-to-date: /home/franco/Desktop/Robotica/Parcial/install/custom_interface/share/custom_interface/cmake/ament_cmake_export_targets-extras.cmake
-- Up-to-date: /home/franco/Desktop/Robotica/Parcial/install/custom_interface/share/custom_interface/cmake/rosidl_cmake_export_typesupport_targets-extras.cmake
-- Up-to-date: /home/franco/Desktop/Robotica/Parcial/install/custom_interface/share/custom_interface/cmake/rosidl_cmake_export_typesupport_libraries-extras.cmake
-- Up-to-date: /home/franco/Desktop/Robotica/Parcial/install/custom_interface/share/custom_interface/cmake/custom_interfaceConfig.cmake
-- Up-to-date: /home/franco/Desktop/Robotica/Parcial/install/custom_interface/share/custom_interface/cmake/custom_interfaceConfig-version.cmake
-- Installing: /home/franco/Desktop/Robotica/Parcial/install/custom_interface/share/custom_interface/package.xml
