[0.089s] DEBUG:colcon:Command line arguments: ['/usr/bin/colcon', 'build', '--packages-select', 'custom_interface', 'visual_pubsub', '--symlink-install']
[0.089s] DEBUG:colcon:Parsed command line arguments: Namespace(log_base=None, log_level=None, verb_name='build', build_base='build', install_base='install', merge_install=False, symlink_install=True, test_result_base=None, continue_on_error=False, executor='parallel', parallel_workers=16, event_handlers=None, ignore_user_meta=False, metas=['./colcon.meta'], base_paths=['.'], packages_ignore=None, packages_ignore_regex=None, paths=None, packages_up_to=None, packages_up_to_regex=None, packages_above=None, packages_above_and_dependencies=None, packages_above_depth=None, packages_select_by_dep=None, packages_skip_by_dep=None, packages_skip_up_to=None, packages_select_build_failed=False, packages_skip_build_finished=False, packages_select_test_failures=False, packages_skip_test_passed=False, packages_select=['custom_interface', 'visual_pubsub'], packages_skip=None, packages_select_regex=None, packages_skip_regex=None, packages_start=None, packages_end=None, allow_overriding=[], cmake_args=None, cmake_target=None, cmake_target_skip_unavailable=False, cmake_clean_cache=False, cmake_clean_first=False, cmake_force_configure=False, ament_cmake_args=None, catkin_cmake_args=None, catkin_skip_building_tests=False, mixin_files=None, mixin=None, verb_parser=<colcon_mixin.mixin.mixin_argument.MixinArgumentDecorator object at 0x795f0bbcd910>, verb_extension=<colcon_core.verb.build.BuildVerb object at 0x795f0bcedd90>, main=<bound method BuildVerb.main of <colcon_core.verb.build.BuildVerb object at 0x795f0bcedd90>>, mixin_verb=('build',))
[0.118s] Level 1:colcon.colcon_core.package_discovery:discover_packages(colcon_meta) check parameters
[0.118s] Level 1:colcon.colcon_core.package_discovery:discover_packages(recursive) check parameters
[0.118s] Level 1:colcon.colcon_core.package_discovery:discover_packages(ignore) check parameters
[0.118s] Level 1:colcon.colcon_core.package_discovery:discover_packages(path) check parameters
[0.118s] Level 1:colcon.colcon_core.package_discovery:discover_packages(colcon_meta) discover
[0.118s] Level 1:colcon.colcon_core.package_discovery:discover_packages(recursive) discover
[0.118s] INFO:colcon.colcon_core.package_discovery:Crawling recursively for packages in '/home/franco/Desktop/Robotica/Parcial'
[0.118s] Level 1:colcon.colcon_core.package_identification:_identify(.) by extensions ['ignore', 'ignore_ament_install']
[0.118s] Level 1:colcon.colcon_core.package_identification:_identify(.) by extension 'ignore'
[0.118s] Level 1:colcon.colcon_core.package_identification:_identify(.) by extension 'ignore_ament_install'
[0.118s] Level 1:colcon.colcon_core.package_identification:_identify(.) by extensions ['colcon_pkg']
[0.118s] Level 1:colcon.colcon_core.package_identification:_identify(.) by extension 'colcon_pkg'
[0.118s] Level 1:colcon.colcon_core.package_identification:_identify(.) by extensions ['colcon_meta']
[0.118s] Level 1:colcon.colcon_core.package_identification:_identify(.) by extension 'colcon_meta'
[0.118s] Level 1:colcon.colcon_core.package_identification:_identify(.) by extensions ['ros']
[0.118s] Level 1:colcon.colcon_core.package_identification:_identify(.) by extension 'ros'
[0.137s] Level 1:colcon.colcon_core.package_identification:_identify(.) by extensions ['cmake', 'python']
[0.137s] Level 1:colcon.colcon_core.package_identification:_identify(.) by extension 'cmake'
[0.137s] Level 1:colcon.colcon_core.package_identification:_identify(.) by extension 'python'
[0.137s] Level 1:colcon.colcon_core.package_identification:_identify(.) by extensions ['python_setup_py']
[0.137s] Level 1:colcon.colcon_core.package_identification:_identify(.) by extension 'python_setup_py'
[0.137s] Level 1:colcon.colcon_core.package_identification:_identify(build) by extensions ['ignore', 'ignore_ament_install']
[0.137s] Level 1:colcon.colcon_core.package_identification:_identify(build) by extension 'ignore'
[0.137s] Level 1:colcon.colcon_core.package_identification:_identify(build) ignored
[0.138s] Level 1:colcon.colcon_core.package_identification:_identify(install) by extensions ['ignore', 'ignore_ament_install']
[0.138s] Level 1:colcon.colcon_core.package_identification:_identify(install) by extension 'ignore'
[0.138s] Level 1:colcon.colcon_core.package_identification:_identify(install) ignored
[0.138s] Level 1:colcon.colcon_core.package_identification:_identify(log) by extensions ['ignore', 'ignore_ament_install']
[0.138s] Level 1:colcon.colcon_core.package_identification:_identify(log) by extension 'ignore'
[0.138s] Level 1:colcon.colcon_core.package_identification:_identify(log) ignored
[0.138s] Level 1:colcon.colcon_core.package_identification:_identify(src) by extensions ['ignore', 'ignore_ament_install']
[0.138s] Level 1:colcon.colcon_core.package_identification:_identify(src) by extension 'ignore'
[0.138s] Level 1:colcon.colcon_core.package_identification:_identify(src) by extension 'ignore_ament_install'
[0.138s] Level 1:colcon.colcon_core.package_identification:_identify(src) by extensions ['colcon_pkg']
[0.138s] Level 1:colcon.colcon_core.package_identification:_identify(src) by extension 'colcon_pkg'
[0.138s] Level 1:colcon.colcon_core.package_identification:_identify(src) by extensions ['colcon_meta']
[0.138s] Level 1:colcon.colcon_core.package_identification:_identify(src) by extension 'colcon_meta'
[0.138s] Level 1:colcon.colcon_core.package_identification:_identify(src) by extensions ['ros']
[0.138s] Level 1:colcon.colcon_core.package_identification:_identify(src) by extension 'ros'
[0.138s] Level 1:colcon.colcon_core.package_identification:_identify(src) by extensions ['cmake', 'python']
[0.138s] Level 1:colcon.colcon_core.package_identification:_identify(src) by extension 'cmake'
[0.138s] Level 1:colcon.colcon_core.package_identification:_identify(src) by extension 'python'
[0.138s] Level 1:colcon.colcon_core.package_identification:_identify(src) by extensions ['python_setup_py']
[0.138s] Level 1:colcon.colcon_core.package_identification:_identify(src) by extension 'python_setup_py'
[0.138s] Level 1:colcon.colcon_core.package_identification:_identify(src/custom_interface) by extensions ['ignore', 'ignore_ament_install']
[0.138s] Level 1:colcon.colcon_core.package_identification:_identify(src/custom_interface) by extension 'ignore'
[0.138s] Level 1:colcon.colcon_core.package_identification:_identify(src/custom_interface) by extension 'ignore_ament_install'
[0.138s] Level 1:colcon.colcon_core.package_identification:_identify(src/custom_interface) by extensions ['colcon_pkg']
[0.138s] Level 1:colcon.colcon_core.package_identification:_identify(src/custom_interface) by extension 'colcon_pkg'
[0.138s] Level 1:colcon.colcon_core.package_identification:_identify(src/custom_interface) by extensions ['colcon_meta']
[0.138s] Level 1:colcon.colcon_core.package_identification:_identify(src/custom_interface) by extension 'colcon_meta'
[0.139s] Level 1:colcon.colcon_core.package_identification:_identify(src/custom_interface) by extensions ['ros']
[0.139s] Level 1:colcon.colcon_core.package_identification:_identify(src/custom_interface) by extension 'ros'
[0.141s] DEBUG:colcon.colcon_core.package_identification:Package 'src/custom_interface' with type 'ros.catkin' and name 'custom_interface'
[0.141s] Level 1:colcon.colcon_core.package_identification:_identify(src/robot_description) by extensions ['ignore', 'ignore_ament_install']
[0.141s] Level 1:colcon.colcon_core.package_identification:_identify(src/robot_description) by extension 'ignore'
[0.141s] Level 1:colcon.colcon_core.package_identification:_identify(src/robot_description) by extension 'ignore_ament_install'
[0.141s] Level 1:colcon.colcon_core.package_identification:_identify(src/robot_description) by extensions ['colcon_pkg']
[0.141s] Level 1:colcon.colcon_core.package_identification:_identify(src/robot_description) by extension 'colcon_pkg'
[0.141s] Level 1:colcon.colcon_core.package_identification:_identify(src/robot_description) by extensions ['colcon_meta']
[0.141s] Level 1:colcon.colcon_core.package_identification:_identify(src/robot_description) by extension 'colcon_meta'
[0.141s] Level 1:colcon.colcon_core.package_identification:_identify(src/robot_description) by extensions ['ros']
[0.141s] Level 1:colcon.colcon_core.package_identification:_identify(src/robot_description) by extension 'ros'
[0.141s] DEBUG:colcon.colcon_core.package_identification:Package 'src/robot_description' with type 'ros.ament_cmake' and name 'robot_description'
[0.141s] Level 1:colcon.colcon_core.package_identification:_identify(src/visual_pubsub) by extensions ['ignore', 'ignore_ament_install']
[0.141s] Level 1:colcon.colcon_core.package_identification:_identify(src/visual_pubsub) by extension 'ignore'
[0.142s] Level 1:colcon.colcon_core.package_identification:_identify(src/visual_pubsub) by extension 'ignore_ament_install'
[0.142s] Level 1:colcon.colcon_core.package_identification:_identify(src/visual_pubsub) by extensions ['colcon_pkg']
[0.142s] Level 1:colcon.colcon_core.package_identification:_identify(src/visual_pubsub) by extension 'colcon_pkg'
[0.142s] Level 1:colcon.colcon_core.package_identification:_identify(src/visual_pubsub) by extensions ['colcon_meta']
[0.142s] Level 1:colcon.colcon_core.package_identification:_identify(src/visual_pubsub) by extension 'colcon_meta'
[0.142s] Level 1:colcon.colcon_core.package_identification:_identify(src/visual_pubsub) by extensions ['ros']
[0.142s] Level 1:colcon.colcon_core.package_identification:_identify(src/visual_pubsub) by extension 'ros'
[0.142s] DEBUG:colcon.colcon_core.package_identification:Package 'src/visual_pubsub' with type 'ros.ament_python' and name 'visual_pubsub'
[0.142s] Level 1:colcon.colcon_core.package_discovery:discover_packages(recursive) using defaults
[0.142s] Level 1:colcon.colcon_core.package_discovery:discover_packages(ignore) discover
[0.142s] Level 1:colcon.colcon_core.package_discovery:discover_packages(ignore) using defaults
[0.142s] Level 1:colcon.colcon_core.package_discovery:discover_packages(path) discover
[0.142s] Level 1:colcon.colcon_core.package_discovery:discover_packages(path) using defaults
[0.155s] INFO:colcon.colcon_core.package_selection:Skipping not selected package 'robot_description' in 'src/robot_description'
[0.155s] Level 1:colcon.colcon_core.package_discovery:discover_packages(prefix_path) check parameters
[0.155s] Level 1:colcon.colcon_core.package_discovery:discover_packages(prefix_path) discover
[0.157s] DEBUG:colcon.colcon_installed_package_information.package_discovery:Found 337 installed packages in /opt/ros/jazzy
[0.158s] Level 1:colcon.colcon_core.package_discovery:discover_packages(prefix_path) using defaults
[0.191s] Level 5:colcon.colcon_core.verb:set package 'custom_interface' build argument 'cmake_args' from command line to 'None'
[0.191s] Level 5:colcon.colcon_core.verb:set package 'custom_interface' build argument 'cmake_target' from command line to 'None'
[0.191s] Level 5:colcon.colcon_core.verb:set package 'custom_interface' build argument 'cmake_target_skip_unavailable' from command line to 'False'
[0.191s] Level 5:colcon.colcon_core.verb:set package 'custom_interface' build argument 'cmake_clean_cache' from command line to 'False'
[0.191s] Level 5:colcon.colcon_core.verb:set package 'custom_interface' build argument 'cmake_clean_first' from command line to 'False'
[0.191s] Level 5:colcon.colcon_core.verb:set package 'custom_interface' build argument 'cmake_force_configure' from command line to 'False'
[0.191s] Level 5:colcon.colcon_core.verb:set package 'custom_interface' build argument 'ament_cmake_args' from command line to 'None'
[0.191s] Level 5:colcon.colcon_core.verb:set package 'custom_interface' build argument 'catkin_cmake_args' from command line to 'None'
[0.191s] Level 5:colcon.colcon_core.verb:set package 'custom_interface' build argument 'catkin_skip_building_tests' from command line to 'False'
[0.191s] DEBUG:colcon.colcon_core.verb:Building package 'custom_interface' with the following arguments: {'ament_cmake_args': None, 'build_base': '/home/franco/Desktop/Robotica/Parcial/build/custom_interface', 'catkin_cmake_args': None, 'catkin_skip_building_tests': False, 'cmake_args': None, 'cmake_clean_cache': False, 'cmake_clean_first': False, 'cmake_force_configure': False, 'cmake_target': None, 'cmake_target_skip_unavailable': False, 'install_base': '/home/franco/Desktop/Robotica/Parcial/install/custom_interface', 'merge_install': False, 'path': '/home/franco/Desktop/Robotica/Parcial/src/custom_interface', 'symlink_install': True, 'test_result_base': None}
[0.191s] Level 5:colcon.colcon_core.verb:set package 'visual_pubsub' build argument 'cmake_args' from command line to 'None'
[0.191s] Level 5:colcon.colcon_core.verb:set package 'visual_pubsub' build argument 'cmake_target' from command line to 'None'
[0.191s] Level 5:colcon.colcon_core.verb:set package 'visual_pubsub' build argument 'cmake_target_skip_unavailable' from command line to 'False'
[0.191s] Level 5:colcon.colcon_core.verb:set package 'visual_pubsub' build argument 'cmake_clean_cache' from command line to 'False'
[0.191s] Level 5:colcon.colcon_core.verb:set package 'visual_pubsub' build argument 'cmake_clean_first' from command line to 'False'
[0.191s] Level 5:colcon.colcon_core.verb:set package 'visual_pubsub' build argument 'cmake_force_configure' from command line to 'False'
[0.191s] Level 5:colcon.colcon_core.verb:set package 'visual_pubsub' build argument 'ament_cmake_args' from command line to 'None'
[0.191s] Level 5:colcon.colcon_core.verb:set package 'visual_pubsub' build argument 'catkin_cmake_args' from command line to 'None'
[0.191s] Level 5:colcon.colcon_core.verb:set package 'visual_pubsub' build argument 'catkin_skip_building_tests' from command line to 'False'
[0.191s] DEBUG:colcon.colcon_core.verb:Building package 'visual_pubsub' with the following arguments: {'ament_cmake_args': None, 'build_base': '/home/franco/Desktop/Robotica/Parcial/build/visual_pubsub', 'catkin_cmake_args': None, 'catkin_skip_building_tests': False, 'cmake_args': None, 'cmake_clean_cache': False, 'cmake_clean_first': False, 'cmake_force_configure': False, 'cmake_target': None, 'cmake_target_skip_unavailable': False, 'install_base': '/home/franco/Desktop/Robotica/Parcial/install/visual_pubsub', 'merge_install': False, 'path': '/home/franco/Desktop/Robotica/Parcial/src/visual_pubsub', 'symlink_install': True, 'test_result_base': None}
[0.191s] INFO:colcon.colcon_core.executor:Executing jobs using 'parallel' executor
[0.192s] DEBUG:colcon.colcon_parallel_executor.executor.parallel:run_until_complete
[0.192s] INFO:colcon.colcon_ros.task.catkin.build:Building ROS package in '/home/franco/Desktop/Robotica/Parcial/src/custom_interface' with build type 'catkin'
[0.192s] INFO:colcon.colcon_cmake.task.cmake.build:Building CMake package in '/home/franco/Desktop/Robotica/Parcial/src/custom_interface'
[0.193s] INFO:colcon.colcon_core.plugin_system:Skipping extension 'colcon_core.shell.bat': Not used on non-Windows systems
[0.194s] INFO:colcon.colcon_core.shell:Skip shell extension 'powershell' for command environment: Not usable outside of PowerShell
[0.194s] DEBUG:colcon.colcon_core.shell:Skip shell extension 'dsv' for command environment
[0.200s] DEBUG:colcon.colcon_core.event_handler.log_command:Invoking command in '/home/franco/Desktop/Robotica/Parcial/build/custom_interface': DEBUGINFOD_URLS=https://debuginfod.ubuntu.com /usr/bin/cmake /home/franco/Desktop/Robotica/Parcial/src/custom_interface -DCATKIN_INSTALL_INTO_PREFIX_ROOT=0 -DCATKIN_SYMLINK_INSTALL=ON -DCMAKE_INSTALL_PREFIX=/home/franco/Desktop/Robotica/Parcial/install/custom_interface
[1.489s] DEBUG:colcon.colcon_core.event_handler.log_command:Invoked command in '/home/franco/Desktop/Robotica/Parcial/build/custom_interface' returned '0': DEBUGINFOD_URLS=https://debuginfod.ubuntu.com /usr/bin/cmake /home/franco/Desktop/Robotica/Parcial/src/custom_interface -DCATKIN_INSTALL_INTO_PREFIX_ROOT=0 -DCATKIN_SYMLINK_INSTALL=ON -DCMAKE_INSTALL_PREFIX=/home/franco/Desktop/Robotica/Parcial/install/custom_interface
[1.490s] DEBUG:colcon.colcon_core.event_handler.log_command:Invoking command in '/home/franco/Desktop/Robotica/Parcial/build/custom_interface': DEBUGINFOD_URLS=https://debuginfod.ubuntu.com /usr/bin/cmake --build /home/franco/Desktop/Robotica/Parcial/build/custom_interface -- -j16 -l16
[4.046s] DEBUG:colcon.colcon_core.event_handler.log_command:Invoked command in '/home/franco/Desktop/Robotica/Parcial/build/custom_interface' returned '0': DEBUGINFOD_URLS=https://debuginfod.ubuntu.com /usr/bin/cmake --build /home/franco/Desktop/Robotica/Parcial/build/custom_interface -- -j16 -l16
[4.052s] DEBUG:colcon.colcon_core.event_handler.log_command:Invoking command in '/home/franco/Desktop/Robotica/Parcial/build/custom_interface': DEBUGINFOD_URLS=https://debuginfod.ubuntu.com /usr/bin/cmake --install /home/franco/Desktop/Robotica/Parcial/build/custom_interface
[4.106s] DEBUG:colcon.colcon_core.event_handler.log_command:Invoked command in '/home/franco/Desktop/Robotica/Parcial/build/custom_interface' returned '0': DEBUGINFOD_URLS=https://debuginfod.ubuntu.com /usr/bin/cmake --install /home/franco/Desktop/Robotica/Parcial/build/custom_interface
[4.106s] Level 1:colcon.colcon_core.shell:create_environment_hook('custom_interface', 'ros_package_path')
[4.106s] INFO:colcon.colcon_core.shell:Creating environment hook '/home/franco/Desktop/Robotica/Parcial/install/custom_interface/share/custom_interface/hook/ros_package_path.ps1'
[4.107s] INFO:colcon.colcon_core.shell:Creating environment descriptor '/home/franco/Desktop/Robotica/Parcial/install/custom_interface/share/custom_interface/hook/ros_package_path.dsv'
[4.108s] INFO:colcon.colcon_core.shell:Creating environment hook '/home/franco/Desktop/Robotica/Parcial/install/custom_interface/share/custom_interface/hook/ros_package_path.sh'
[4.108s] Level 1:colcon.colcon_ros.task.catkin:checking '/home/franco/Desktop/Robotica/Parcial/install/custom_interface/lib/python3.12/site-packages'
[4.108s] Level 1:colcon.colcon_core.shell:create_environment_hook('custom_interface', 'catkin_pythonpath')
[4.108s] INFO:colcon.colcon_core.shell:Creating environment hook '/home/franco/Desktop/Robotica/Parcial/install/custom_interface/share/custom_interface/hook/catkin_pythonpath.ps1'
[4.109s] INFO:colcon.colcon_core.shell:Creating environment descriptor '/home/franco/Desktop/Robotica/Parcial/install/custom_interface/share/custom_interface/hook/catkin_pythonpath.dsv'
[4.109s] INFO:colcon.colcon_core.shell:Creating environment hook '/home/franco/Desktop/Robotica/Parcial/install/custom_interface/share/custom_interface/hook/catkin_pythonpath.sh'
[4.109s] Level 1:colcon.colcon_core.shell:create_environment_hook('custom_interface', 'pkg_config_path')
[4.109s] INFO:colcon.colcon_core.shell:Creating environment hook '/home/franco/Desktop/Robotica/Parcial/install/custom_interface/share/custom_interface/hook/pkg_config_path.ps1'
[4.109s] INFO:colcon.colcon_core.shell:Creating environment descriptor '/home/franco/Desktop/Robotica/Parcial/install/custom_interface/share/custom_interface/hook/pkg_config_path.dsv'
[4.109s] INFO:colcon.colcon_core.shell:Creating environment hook '/home/franco/Desktop/Robotica/Parcial/install/custom_interface/share/custom_interface/hook/pkg_config_path.sh'
[4.110s] Level 1:colcon.colcon_core.shell:create_environment_hook('custom_interface', 'pkg_config_path_multiarch')
[4.111s] INFO:colcon.colcon_core.shell:Creating environment hook '/home/franco/Desktop/Robotica/Parcial/install/custom_interface/share/custom_interface/hook/pkg_config_path_multiarch.ps1'
[4.111s] INFO:colcon.colcon_core.shell:Creating environment descriptor '/home/franco/Desktop/Robotica/Parcial/install/custom_interface/share/custom_interface/hook/pkg_config_path_multiarch.dsv'
[4.111s] INFO:colcon.colcon_core.shell:Creating environment hook '/home/franco/Desktop/Robotica/Parcial/install/custom_interface/share/custom_interface/hook/pkg_config_path_multiarch.sh'
[4.112s] Level 1:colcon.colcon_core.environment:create_environment_scripts_only(custom_interface)
[4.115s] Level 1:colcon.colcon_core.environment:checking '/home/franco/Desktop/Robotica/Parcial/install/custom_interface' for CMake module files
[4.115s] Level 1:colcon.colcon_core.environment:checking '/home/franco/Desktop/Robotica/Parcial/install/custom_interface' for CMake config files
[4.116s] Level 1:colcon.colcon_core.shell:create_environment_hook('custom_interface', 'cmake_prefix_path')
[4.116s] INFO:colcon.colcon_core.shell:Creating environment hook '/home/franco/Desktop/Robotica/Parcial/install/custom_interface/share/custom_interface/hook/cmake_prefix_path.ps1'
[4.116s] INFO:colcon.colcon_core.shell:Creating environment descriptor '/home/franco/Desktop/Robotica/Parcial/install/custom_interface/share/custom_interface/hook/cmake_prefix_path.dsv'
[4.116s] INFO:colcon.colcon_core.shell:Creating environment hook '/home/franco/Desktop/Robotica/Parcial/install/custom_interface/share/custom_interface/hook/cmake_prefix_path.sh'
[4.117s] Level 1:colcon.colcon_core.environment:checking '/home/franco/Desktop/Robotica/Parcial/install/custom_interface/lib'
[4.117s] Level 1:colcon.colcon_core.shell:create_environment_hook('custom_interface', 'ld_library_path_lib')
[4.117s] INFO:colcon.colcon_core.shell:Creating environment hook '/home/franco/Desktop/Robotica/Parcial/install/custom_interface/share/custom_interface/hook/ld_library_path_lib.ps1'
[4.117s] INFO:colcon.colcon_core.shell:Creating environment descriptor '/home/franco/Desktop/Robotica/Parcial/install/custom_interface/share/custom_interface/hook/ld_library_path_lib.dsv'
[4.117s] INFO:colcon.colcon_core.shell:Creating environment hook '/home/franco/Desktop/Robotica/Parcial/install/custom_interface/share/custom_interface/hook/ld_library_path_lib.sh'
[4.118s] Level 1:colcon.colcon_core.environment:checking '/home/franco/Desktop/Robotica/Parcial/install/custom_interface/bin'
[4.118s] Level 1:colcon.colcon_core.environment:checking '/home/franco/Desktop/Robotica/Parcial/install/custom_interface/lib/pkgconfig/custom_interface.pc'
[4.118s] Level 1:colcon.colcon_core.environment:checking '/home/franco/Desktop/Robotica/Parcial/install/custom_interface/lib/python3.12/site-packages'
[4.118s] Level 1:colcon.colcon_core.shell:create_environment_hook('custom_interface', 'pythonpath')
[4.118s] INFO:colcon.colcon_core.shell:Creating environment hook '/home/franco/Desktop/Robotica/Parcial/install/custom_interface/share/custom_interface/hook/pythonpath.ps1'
[4.118s] INFO:colcon.colcon_core.shell:Creating environment descriptor '/home/franco/Desktop/Robotica/Parcial/install/custom_interface/share/custom_interface/hook/pythonpath.dsv'
[4.118s] INFO:colcon.colcon_core.shell:Creating environment hook '/home/franco/Desktop/Robotica/Parcial/install/custom_interface/share/custom_interface/hook/pythonpath.sh'
[4.119s] Level 1:colcon.colcon_core.environment:checking '/home/franco/Desktop/Robotica/Parcial/install/custom_interface/bin'
[4.119s] INFO:colcon.colcon_core.shell:Creating package script '/home/franco/Desktop/Robotica/Parcial/install/custom_interface/share/custom_interface/package.ps1'
[4.120s] INFO:colcon.colcon_core.shell:Creating package descriptor '/home/franco/Desktop/Robotica/Parcial/install/custom_interface/share/custom_interface/package.dsv'
[4.121s] INFO:colcon.colcon_core.shell:Creating package script '/home/franco/Desktop/Robotica/Parcial/install/custom_interface/share/custom_interface/package.sh'
[4.121s] INFO:colcon.colcon_core.shell:Creating package script '/home/franco/Desktop/Robotica/Parcial/install/custom_interface/share/custom_interface/package.bash'
[4.122s] INFO:colcon.colcon_core.shell:Creating package script '/home/franco/Desktop/Robotica/Parcial/install/custom_interface/share/custom_interface/package.zsh'
[4.122s] Level 1:colcon.colcon_core.environment:create_file_with_runtime_dependencies(/home/franco/Desktop/Robotica/Parcial/install/custom_interface/share/colcon-core/packages/custom_interface)
[4.123s] INFO:colcon.colcon_ros.task.ament_python.build:Building ROS package in '/home/franco/Desktop/Robotica/Parcial/src/visual_pubsub' with build type 'ament_python'
[4.123s] Level 1:colcon.colcon_core.shell:create_environment_hook('visual_pubsub', 'ament_prefix_path')
[4.123s] INFO:colcon.colcon_core.shell:Creating environment hook '/home/franco/Desktop/Robotica/Parcial/install/visual_pubsub/share/visual_pubsub/hook/ament_prefix_path.ps1'
[4.124s] INFO:colcon.colcon_core.shell:Creating environment descriptor '/home/franco/Desktop/Robotica/Parcial/install/visual_pubsub/share/visual_pubsub/hook/ament_prefix_path.dsv'
[4.124s] INFO:colcon.colcon_core.shell:Creating environment hook '/home/franco/Desktop/Robotica/Parcial/install/visual_pubsub/share/visual_pubsub/hook/ament_prefix_path.sh'
[4.125s] INFO:colcon.colcon_core.shell:Skip shell extension 'powershell' for command environment: Not usable outside of PowerShell
[4.125s] DEBUG:colcon.colcon_core.shell:Skip shell extension 'dsv' for command environment
[4.298s] INFO:colcon.colcon_core.task.python.build:Building Python package in '/home/franco/Desktop/Robotica/Parcial/src/visual_pubsub'
[4.298s] INFO:colcon.colcon_core.shell:Skip shell extension 'powershell' for command environment: Not usable outside of PowerShell
[4.298s] DEBUG:colcon.colcon_core.shell:Skip shell extension 'dsv' for command environment
[4.883s] DEBUG:colcon.colcon_core.event_handler.log_command:Invoking command in '/home/franco/Desktop/Robotica/Parcial/build/visual_pubsub': CMAKE_PREFIX_PATH=/home/franco/Desktop/Robotica/Parcial/install/custom_interface:${CMAKE_PREFIX_PATH} DEBUGINFOD_URLS=https://debuginfod.ubuntu.com LD_LIBRARY_PATH=/home/franco/Desktop/Robotica/Parcial/install/custom_interface/lib:${LD_LIBRARY_PATH} PKG_CONFIG_PATH=/home/franco/Desktop/Robotica/Parcial/install/custom_interface/lib/x86_64-linux-gnu/pkgconfig:/home/franco/Desktop/Robotica/Parcial/install/custom_interface/lib/pkgconfig PYTHONPATH=/home/franco/Desktop/Robotica/Parcial/build/visual_pubsub/prefix_override:/usr/lib/python3/dist-packages/colcon_core/task/python/colcon_distutils_commands:/home/franco/Desktop/Robotica/Parcial/install/visual_pubsub/lib/python3.12/site-packages:/home/franco/Desktop/Robotica/Parcial/install/custom_interface/lib/python3.12/site-packages:${PYTHONPATH} ROS_PACKAGE_PATH=/home/franco/Desktop/Robotica/Parcial/install/custom_interface/share /usr/bin/python3 -W ignore:setup.py install is deprecated -W ignore:easy_install command is deprecated setup.py develop --editable --build-directory /home/franco/Desktop/Robotica/Parcial/build/visual_pubsub/build --no-deps symlink_data
[5.438s] Level 1:colcon.colcon_core.shell:create_environment_hook('visual_pubsub', 'pythonpath_develop')
[5.439s] INFO:colcon.colcon_core.shell:Creating environment hook '/home/franco/Desktop/Robotica/Parcial/build/visual_pubsub/share/visual_pubsub/hook/pythonpath_develop.ps1'
[5.439s] DEBUG:colcon.colcon_core.event_handler.log_command:Invoked command in '/home/franco/Desktop/Robotica/Parcial/build/visual_pubsub' returned '0': CMAKE_PREFIX_PATH=/home/franco/Desktop/Robotica/Parcial/install/custom_interface:${CMAKE_PREFIX_PATH} DEBUGINFOD_URLS=https://debuginfod.ubuntu.com LD_LIBRARY_PATH=/home/franco/Desktop/Robotica/Parcial/install/custom_interface/lib:${LD_LIBRARY_PATH} PKG_CONFIG_PATH=/home/franco/Desktop/Robotica/Parcial/install/custom_interface/lib/x86_64-linux-gnu/pkgconfig:/home/franco/Desktop/Robotica/Parcial/install/custom_interface/lib/pkgconfig PYTHONPATH=/home/franco/Desktop/Robotica/Parcial/build/visual_pubsub/prefix_override:/usr/lib/python3/dist-packages/colcon_core/task/python/colcon_distutils_commands:/home/franco/Desktop/Robotica/Parcial/install/visual_pubsub/lib/python3.12/site-packages:/home/franco/Desktop/Robotica/Parcial/install/custom_interface/lib/python3.12/site-packages:${PYTHONPATH} ROS_PACKAGE_PATH=/home/franco/Desktop/Robotica/Parcial/install/custom_interface/share /usr/bin/python3 -W ignore:setup.py install is deprecated -W ignore:easy_install command is deprecated setup.py develop --editable --build-directory /home/franco/Desktop/Robotica/Parcial/build/visual_pubsub/build --no-deps symlink_data
[5.439s] INFO:colcon.colcon_core.shell:Creating environment descriptor '/home/franco/Desktop/Robotica/Parcial/build/visual_pubsub/share/visual_pubsub/hook/pythonpath_develop.dsv'
[5.440s] INFO:colcon.colcon_core.shell:Creating environment hook '/home/franco/Desktop/Robotica/Parcial/build/visual_pubsub/share/visual_pubsub/hook/pythonpath_develop.sh'
[5.440s] Level 1:colcon.colcon_core.environment:checking '/home/franco/Desktop/Robotica/Parcial/install/visual_pubsub' for CMake module files
[5.440s] Level 1:colcon.colcon_core.environment:checking '/home/franco/Desktop/Robotica/Parcial/install/visual_pubsub' for CMake config files
[5.441s] Level 1:colcon.colcon_core.environment:checking '/home/franco/Desktop/Robotica/Parcial/install/visual_pubsub/lib'
[5.441s] Level 1:colcon.colcon_core.environment:checking '/home/franco/Desktop/Robotica/Parcial/install/visual_pubsub/bin'
[5.441s] Level 1:colcon.colcon_core.environment:checking '/home/franco/Desktop/Robotica/Parcial/install/visual_pubsub/lib/pkgconfig/visual_pubsub.pc'
[5.441s] Level 1:colcon.colcon_core.environment:checking '/home/franco/Desktop/Robotica/Parcial/install/visual_pubsub/lib/python3.12/site-packages'
[5.441s] Level 1:colcon.colcon_core.shell:create_environment_hook('visual_pubsub', 'pythonpath')
[5.441s] INFO:colcon.colcon_core.shell:Creating environment hook '/home/franco/Desktop/Robotica/Parcial/install/visual_pubsub/share/visual_pubsub/hook/pythonpath.ps1'
[5.441s] INFO:colcon.colcon_core.shell:Creating environment descriptor '/home/franco/Desktop/Robotica/Parcial/install/visual_pubsub/share/visual_pubsub/hook/pythonpath.dsv'
[5.441s] INFO:colcon.colcon_core.shell:Creating environment hook '/home/franco/Desktop/Robotica/Parcial/install/visual_pubsub/share/visual_pubsub/hook/pythonpath.sh'
[5.442s] Level 1:colcon.colcon_core.environment:checking '/home/franco/Desktop/Robotica/Parcial/install/visual_pubsub/bin'
[5.442s] Level 1:colcon.colcon_core.environment:create_environment_scripts_only(visual_pubsub)
[5.442s] INFO:colcon.colcon_core.shell:Creating package script '/home/franco/Desktop/Robotica/Parcial/install/visual_pubsub/share/visual_pubsub/package.ps1'
[5.442s] INFO:colcon.colcon_core.shell:Creating package descriptor '/home/franco/Desktop/Robotica/Parcial/install/visual_pubsub/share/visual_pubsub/package.dsv'
[5.443s] INFO:colcon.colcon_core.shell:Creating package script '/home/franco/Desktop/Robotica/Parcial/install/visual_pubsub/share/visual_pubsub/package.sh'
[5.443s] INFO:colcon.colcon_core.shell:Creating package script '/home/franco/Desktop/Robotica/Parcial/install/visual_pubsub/share/visual_pubsub/package.bash'
[5.443s] INFO:colcon.colcon_core.shell:Creating package script '/home/franco/Desktop/Robotica/Parcial/install/visual_pubsub/share/visual_pubsub/package.zsh'
[5.443s] Level 1:colcon.colcon_core.environment:create_file_with_runtime_dependencies(/home/franco/Desktop/Robotica/Parcial/install/visual_pubsub/share/colcon-core/packages/visual_pubsub)
[5.443s] DEBUG:colcon.colcon_parallel_executor.executor.parallel:closing loop
[5.444s] DEBUG:colcon.colcon_parallel_executor.executor.parallel:loop closed
[5.444s] DEBUG:colcon.colcon_parallel_executor.executor.parallel:run_until_complete finished with '0'
[5.444s] DEBUG:colcon.colcon_core.event_reactor:joining thread
[5.450s] INFO:colcon.colcon_core.plugin_system:Skipping extension 'colcon_notification.desktop_notification.terminal_notifier': Not used on non-Darwin systems
[5.450s] INFO:colcon.colcon_core.plugin_system:Skipping extension 'colcon_notification.desktop_notification.win32': Not used on non-Windows systems
[5.450s] INFO:colcon.colcon_notification.desktop_notification:Sending desktop notification using 'notify2'
[5.458s] DEBUG:colcon.colcon_core.event_reactor:joined thread
[5.458s] INFO:colcon.colcon_core.shell:Creating prefix script '/home/franco/Desktop/Robotica/Parcial/install/local_setup.ps1'
[5.459s] INFO:colcon.colcon_core.shell:Creating prefix util module '/home/franco/Desktop/Robotica/Parcial/install/_local_setup_util_ps1.py'
[5.460s] INFO:colcon.colcon_core.shell:Creating prefix chain script '/home/franco/Desktop/Robotica/Parcial/install/setup.ps1'
[5.461s] INFO:colcon.colcon_core.shell:Creating prefix script '/home/franco/Desktop/Robotica/Parcial/install/local_setup.sh'
[5.461s] INFO:colcon.colcon_core.shell:Creating prefix util module '/home/franco/Desktop/Robotica/Parcial/install/_local_setup_util_sh.py'
[5.462s] INFO:colcon.colcon_core.shell:Creating prefix chain script '/home/franco/Desktop/Robotica/Parcial/install/setup.sh'
[5.462s] INFO:colcon.colcon_core.shell:Creating prefix script '/home/franco/Desktop/Robotica/Parcial/install/local_setup.bash'
[5.463s] INFO:colcon.colcon_core.shell:Creating prefix chain script '/home/franco/Desktop/Robotica/Parcial/install/setup.bash'
[5.464s] INFO:colcon.colcon_core.shell:Creating prefix script '/home/franco/Desktop/Robotica/Parcial/install/local_setup.zsh'
[5.464s] INFO:colcon.colcon_core.shell:Creating prefix chain script '/home/franco/Desktop/Robotica/Parcial/install/setup.zsh'
